Removed Pin From Net: NetName=NetC44_2 Pin=J5-2
Removed Pin From Net: NetName=NetC41_2 Pin=J5-6
Removed Pin From Net: NetName=PWMH Pin=J5-7
Removed Pin From Net: NetName=PWML Pin=J5-8
Removed Pin From Net: NetName=NetD13_1 Pin=J5-9
Added Pin To Net: NetName=NetC44_2 Pin=J?-2
Added Pin To Net: NetName=NetC41_2 Pin=J?-6
Added Pin To Net: NetName=PWMH Pin=J?-7
Added Pin To Net: NetName=PWML Pin=J?-8
Added Pin To Net: NetName=NetD13_1 Pin=J?-9
Added Pin To Net: NetName=NetJ?_1 Pin=J?-1
Added Pin To Net: NetName=NetJ?_1 Pin=J?-3
Added Net: Name=NetJ?_1
Added Pin To Net: NetName=NetJ?_4 Pin=J?-4
Added Net: Name=NetJ?_4
Added Pin To Net: NetName=NetJ?_5 Pin=J?-5
Added Net: Name=NetJ?_5
Added Pin To Net: NetName=NetJ?_10 Pin=J?-10
Added Net: Name=NetJ?_10
Added Pin To Net: NetName=NetJ?_12 Pin=J?-12
Added Net: Name=NetJ?_12
