Removed Pin From Net: NetName=DIS Pin=C37-2
Removed Pin From Net: NetName=P_GND Pin=C46-2
Removed Pin From Net: NetName=P_GND Pin=C47-1
Removed Pin From Net: NetName=P_GND Pin=C48-1
Removed Pin From Net: NetName=P_GND Pin=C49-1
Removed Pin From Net: NetName=P_GND Pin=C50-1
Removed Pin From Net: NetName=VDD_12P0 Pin=C50-2
Removed Pin From Net: NetName=P_GND Pin=C51-1
Removed Pin From Net: NetName=VDD_12P0 Pin=C51-2
Removed Pin From Net: NetName=P_GND Pin=C52-2
Removed Pin From Net: NetName=VDD_12P0 Pin=C53-2
Removed Pin From Net: NetName=P_GND Pin=C55-1
Removed Pin From Net: NetName=P_GND Pin=C56-1
Removed Pin From Net: NetName=P_GND Pin=C57-1
Removed Pin From Net: NetName=VDD_5P0 Pin=C57-2
Removed Pin From Net: NetName=P_GND Pin=C58-1
Removed Pin From Net: NetName=VDD_5P0 Pin=C58-2
Removed Pin From Net: NetName=VDD_5P0 Pin=C59-1
Removed Pin From Net: NetName=P_GND Pin=C59-2
Removed Pin From Net: NetName=P_GND Pin=C60-1
Removed Pin From Net: NetName=VDD_12P0 Pin=C60-2
Removed Pin From Net: NetName=HS Pin=C61-1
Removed Pin From Net: NetName=12P0_ISO Pin=C61-2
Removed Pin From Net: NetName=HS Pin=C62-1
Removed Pin From Net: NetName=12P0_ISO Pin=C62-2
Removed Pin From Net: NetName=HW_Reset Pin=D10-1
Removed Pin From Net: NetName=INB- Pin=D12-2
Removed Pin From Net: NetName=DIS Pin=D13-2
Removed Pin From Net: NetName=V_in Pin=D20-1
Removed Pin From Net: NetName=P_GND Pin=D21-1
Removed Pin From Net: NetName=P_GND Pin=D21-2
Removed Pin From Net: NetName=P_GND Pin=D22-1
Removed Pin From Net: NetName=VDD_12P0 Pin=F1-1
Removed Pin From Net: NetName=I_Inductor Pin=IC3-3
Removed Pin From Net: NetName=DIS Pin=IC6-5
Removed Pin From Net: NetName=P_GND Pin=IC7-1
Removed Pin From Net: NetName=P_GND Pin=IC7-9
Removed Pin From Net: NetName=P_GND Pin=IC8-2
Removed Pin From Net: NetName=VDD_5P0 Pin=IC8-3
Removed Pin From Net: NetName=VDD_12P0 Pin=L3-2
Removed Pin From Net: NetName=VDD_12P0 Pin=PS1-1
Removed Pin From Net: NetName=P_GND Pin=PS1-2
Removed Pin From Net: NetName=HS Pin=PS1-4
Removed Pin From Net: NetName=12P0_ISO Pin=PS1-6
Removed Pin From Net: NetName=I_Inductor Pin=R1-1
Removed Pin From Net: NetName=INB- Pin=R36-2
Removed Pin From Net: NetName=DIS Pin=R39-2
Removed Pin From Net: NetName=I_Input Pin=R49-1
Removed Pin From Net: NetName=I_Output Pin=R50-1
Removed Pin From Net: NetName=V_In_Cap Pin=R52-2
Removed Pin From Net: NetName=V_Out_Cap Pin=R53-2
Removed Pin From Net: NetName=P_GND Pin=R60-1
Removed Pin From Net: NetName=P_GND Pin=R62-1
Removed Pin From Net: NetName=VDD_12P0 Pin=R63-2
Removed Pin From Net: NetName=P_GND Pin=R64-1
Removed Pin From Net: NetName=VDD_12P0 Pin=R65-1
Removed Pin From Net: NetName=VDD_12P0 Pin=R66-1
Removed Pin From Net: NetName=VDD_5P0 Pin=R67-2
Removed Member From Class: ClassName=Power Converter Member=C30
Removed Member From Class: ClassName=Power Converter Member=C32
Removed Member From Class: ClassName=Power Converter Member=C36
Removed Member From Class: ClassName=Power Converter Member=C39
Removed Member From Class: ClassName=Power Converter Member=C40
Removed Member From Class: ClassName=Power Converter Member=C41
Removed Member From Class: ClassName=Power Converter Member=C42
Removed Member From Class: ClassName=Power Converter Member=C43
Removed Member From Class: ClassName=Power Converter Member=C44
Removed Member From Class: ClassName=Power Converter Member=D6
Removed Member From Class: ClassName=Power Converter Member=D7
Removed Member From Class: ClassName=Power Converter Member=D8
Removed Member From Class: ClassName=Power Converter Member=D10
Removed Member From Class: ClassName=Power Converter Member=D11
Removed Member From Class: ClassName=Power Converter Member=D12
Removed Member From Class: ClassName=Power Converter Member=D14
Removed Member From Class: ClassName=Power Converter Member=D15
Removed Member From Class: ClassName=Power Converter Member=D16
Removed Member From Class: ClassName=Power Converter Member=D17
Removed Member From Class: ClassName=Power Converter Member=D18
Removed Member From Class: ClassName=Power Converter Member=D19
Removed Member From Class: ClassName=Power Converter Member=F1
Removed Member From Class: ClassName=Power Converter Member=IC5
Removed Member From Class: ClassName=Power Converter Member=J5
Removed Member From Class: ClassName=Power Converter Member=J6
Removed Member From Class: ClassName=Power Converter Member=J7
Removed Member From Class: ClassName=Power Converter Member=NTC1
Removed Member From Class: ClassName=Power Converter Member=Q3
Removed Member From Class: ClassName=Power Converter Member=Q4
Removed Member From Class: ClassName=Power Converter Member=Q5
Removed Member From Class: ClassName=Power Converter Member=Q6
Removed Member From Class: ClassName=Power Converter Member=Q7
Removed Member From Class: ClassName=Power Converter Member=Q8
Removed Member From Class: ClassName=Power Converter Member=R19
Removed Member From Class: ClassName=Power Converter Member=R20
Removed Member From Class: ClassName=Power Converter Member=R21
Removed Member From Class: ClassName=Power Converter Member=R22
Removed Member From Class: ClassName=Power Converter Member=R24
Removed Member From Class: ClassName=Power Converter Member=R25
Removed Member From Class: ClassName=Power Converter Member=R26
Removed Member From Class: ClassName=Power Converter Member=R27
Removed Member From Class: ClassName=Power Converter Member=R30
Removed Member From Class: ClassName=Power Converter Member=R31
Removed Member From Class: ClassName=Power Converter Member=R34
Removed Member From Class: ClassName=Power Converter Member=R35
Removed Member From Class: ClassName=Power Converter Member=R36
Removed Member From Class: ClassName=Power Converter Member=R37
Removed Member From Class: ClassName=Power Converter Member=R38
Removed Member From Class: ClassName=Power Converter Member=R40
Removed Member From Class: ClassName=Power Converter Member=R41
Removed Member From Class: ClassName=Power Converter Member=R43
Removed Member From Class: ClassName=Power Converter Member=R44
Removed Member From Class: ClassName=Power Converter Member=R45
Removed Member From Class: ClassName=Power Converter Member=R46
Removed Member From Class: ClassName=Power Converter Member=R47
Removed Member From Class: ClassName=Power Converter Member=R48
Removed Member From Class: ClassName=Power Converter Member=R49
Removed Member From Class: ClassName=Power Converter Member=R50
Removed Member From Class: ClassName=Power Converter Member=R51
Removed Member From Class: ClassName=Power Converter Member=R52
Removed Member From Class: ClassName=Power Converter Member=R53
Removed Member From Class: ClassName=Power Converter Member=R54
Removed Member From Class: ClassName=Power Converter Member=R55
Removed Member From Class: ClassName=Power Converter Member=R56
Removed Member From Class: ClassName=Power Converter Member=R57
Removed Member From Class: ClassName=Power Converter Member=R58
Removed Member From Class: ClassName=Power Converter Member=SW1
Removed Member From Class: ClassName=Power Converter Member=TP13
Removed Member From Class: ClassName=Power Converter Member=TP14
Removed Member From Class: ClassName=Power Converter Member=TP15
Removed Member From Class: ClassName=Power Converter Member=TP16
Removed Member From Class: ClassName=Power Converter Member=TP17
Removed Member From Class: ClassName=Power Converter Member=TP18
Change Component Comment : Designator=C29 Old Comment=1uF 25V New Comment=2.2uF 50V
Change Component Comment : Designator=C35 Old Comment=1uF 25V New Comment=2.2uF 50V
Change Component Comment : Designator=R4 Old Comment=2k New Comment=2.2k
Change Component Comment : Designator=R5 Old Comment=2k New Comment=2.2k
Change Component Comment : Designator=C36 Old Comment=10uF New Comment=DNF
Change Component Comment : Designator=R21 Old Comment=100k New Comment=51k
Change Component Comment : Designator=R25 Old Comment=250k New Comment=10k
Change Component Comment : Designator=R22 Old Comment=250k New Comment=200k
Change Component Comment : Designator=L1 Old Comment=CSCF3218-6R8MC New Comment=10uH
Change component parameters: Designator = "Q4" ("Q4"); Footprint = "sot23-3"; UniqueID = "\KVIWOALH" ("\KVIWOALH")
Change component parameters (AddParameter): Name = "Description SEL"; Value = "P-Channel 20 V 3.7A (Ta) 1.3W (Ta) Surface Mount Micro3™/SOT-23"; VariantName = "[No Variations]"
Change component parameters (AddParameter): Name = "Footprint Type"; Value = "SMD"; VariantName = "[No Variations]"
Change component parameters (AddParameter): Name = "Manufacturer"; Value = "INFINEON"; VariantName = "[No Variations]"
Change component parameters (AddParameter): Name = "Packaging"; Value = "SOT23-3"; VariantName = "[No Variations]"
Change component parameters (AddParameter): Name = "Part Code"; Value = "S1555-000011"; VariantName = "[No Variations]"
Change component parameters (AddParameter): Name = "Part Number"; Value = "IRLML6402"; VariantName = "[No Variations]"
Change component parameters (AddParameter): Name = "Point"; Value = "3"; VariantName = "[No Variations]"
Change component parameters (AddParameter): Name = "Value"; Value = "20V 3.7A"; VariantName = "[No Variations]"
Change component parameters: Designator = "Q5" ("Q5"); Footprint = "sot23-3"; UniqueID = "\OTJULZXF" ("\OTJULZXF")
Change component parameters (AddParameter): Name = "Description SEL"; Value = "P-Channel 20 V 3.7A (Ta) 1.3W (Ta) Surface Mount Micro3™/SOT-23"; VariantName = "[No Variations]"
Change component parameters (AddParameter): Name = "Footprint Type"; Value = "SMD"; VariantName = "[No Variations]"
Change component parameters (AddParameter): Name = "Manufacturer"; Value = "INFINEON"; VariantName = "[No Variations]"
Change component parameters (AddParameter): Name = "Packaging"; Value = "SOT23-3"; VariantName = "[No Variations]"
Change component parameters (AddParameter): Name = "Part Code"; Value = "S1555-000011"; VariantName = "[No Variations]"
Change component parameters (AddParameter): Name = "Part Number"; Value = "IRLML6402"; VariantName = "[No Variations]"
Change component parameters (AddParameter): Name = "Point"; Value = "3"; VariantName = "[No Variations]"
Change component parameters (AddParameter): Name = "Value"; Value = "20V 3.7A"; VariantName = "[No Variations]"
Change component parameters: Designator = "R19" ("R19"); Footprint = "R_0603"; UniqueID = "\OWPHDMHO" ("\OWPHDMHO")
Change component parameters (AddParameter): Name = "Description SEL"; Value = "RES 1M OHM 1% 1/10W 0603"; VariantName = "[No Variations]"
Change component parameters (AddParameter): Name = "Footprint Type"; Value = "SMD"; VariantName = "[No Variations]"
Change component parameters (AddParameter): Name = "Manufacturer"; Value = "YAGEO"; VariantName = "[No Variations]"
Change component parameters (AddParameter): Name = "Packaging"; Value = ""; VariantName = "[No Variations]"
Change component parameters (AddParameter): Name = "Part Code"; Value = "S1100-000171"; VariantName = "[No Variations]"
Change component parameters (AddParameter): Name = "Part Number"; Value = "RC0603FR-071ML"; VariantName = "[No Variations]"
Change component parameters (AddParameter): Name = "Point"; Value = "2"; VariantName = "[No Variations]"
Change component parameters (AddParameter): Name = "Power"; Value = "1/10W"; VariantName = "[No Variations]"
Change component parameters (AddParameter): Name = "Price"; Value = ""; VariantName = "[No Variations]"
Change component parameters (AddParameter): Name = "Supplier 1"; Value = ""; VariantName = "[No Variations]"
Change component parameters (AddParameter): Name = "Supplier Part Number 1"; Value = ""; VariantName = "[No Variations]"
Change component parameters (AddParameter): Name = "Tolerance"; Value = "1%"; VariantName = "[No Variations]"
Change component parameters (AddParameter): Name = "Value"; Value = "100k"; VariantName = "[No Variations]"
Change component parameters: Designator = "R20" ("R20"); Footprint = "R_0603"; UniqueID = "\UQQHMCJS" ("\UQQHMCJS")
Change component parameters (AddParameter): Name = "Description SEL"; Value = "RES 1M OHM 1% 1/10W 0603"; VariantName = "[No Variations]"
Change component parameters (AddParameter): Name = "Footprint Type"; Value = "SMD"; VariantName = "[No Variations]"
Change component parameters (AddParameter): Name = "Manufacturer"; Value = "YAGEO"; VariantName = "[No Variations]"
Change component parameters (AddParameter): Name = "Packaging"; Value = ""; VariantName = "[No Variations]"
Change component parameters (AddParameter): Name = "Part Code"; Value = "S1100-000171"; VariantName = "[No Variations]"
Change component parameters (AddParameter): Name = "Part Number"; Value = "RC0603FR-071ML"; VariantName = "[No Variations]"
Change component parameters (AddParameter): Name = "Point"; Value = "2"; VariantName = "[No Variations]"
Change component parameters (AddParameter): Name = "Power"; Value = "1/10W"; VariantName = "[No Variations]"
Change component parameters (AddParameter): Name = "Price"; Value = ""; VariantName = "[No Variations]"
Change component parameters (AddParameter): Name = "Supplier 1"; Value = ""; VariantName = "[No Variations]"
Change component parameters (AddParameter): Name = "Supplier Part Number 1"; Value = ""; VariantName = "[No Variations]"
Change component parameters (AddParameter): Name = "Tolerance"; Value = "1%"; VariantName = "[No Variations]"
Change component parameters (AddParameter): Name = "Value"; Value = "20k"; VariantName = "[No Variations]"
Change component parameters: Designator = "R24" ("R24"); Footprint = "R_0603"; UniqueID = "\YBSFNEPA" ("\YBSFNEPA")
Change component parameters (AddParameter): Name = "Description SEL"; Value = "RES 1M OHM 1% 1/10W 0603"; VariantName = "[No Variations]"
Change component parameters (AddParameter): Name = "Footprint Type"; Value = "SMD"; VariantName = "[No Variations]"
Change component parameters (AddParameter): Name = "Manufacturer"; Value = "YAGEO"; VariantName = "[No Variations]"
Change component parameters (AddParameter): Name = "Packaging"; Value = ""; VariantName = "[No Variations]"
Change component parameters (AddParameter): Name = "Part Code"; Value = "S1100-000171"; VariantName = "[No Variations]"
Change component parameters (AddParameter): Name = "Part Number"; Value = "RC0603FR-071ML"; VariantName = "[No Variations]"
Change component parameters (AddParameter): Name = "Point"; Value = "2"; VariantName = "[No Variations]"
Change component parameters (AddParameter): Name = "Power"; Value = "1/10W"; VariantName = "[No Variations]"
Change component parameters (AddParameter): Name = "Price"; Value = ""; VariantName = "[No Variations]"
Change component parameters (AddParameter): Name = "Supplier 1"; Value = ""; VariantName = "[No Variations]"
Change component parameters (AddParameter): Name = "Supplier Part Number 1"; Value = ""; VariantName = "[No Variations]"
Change component parameters (AddParameter): Name = "Tolerance"; Value = "1%"; VariantName = "[No Variations]"
Change component parameters (AddParameter): Name = "Value"; Value = "51k"; VariantName = "[No Variations]"
Change component parameters: Designator = "R27" ("R27"); Footprint = "R_0603"; UniqueID = "\CYRYCQTI" ("\CYRYCQTI")
Change component parameters (AddParameter): Name = "Description SEL"; Value = "RES 1M OHM 1% 1/10W 0603"; VariantName = "[No Variations]"
Change component parameters (AddParameter): Name = "Footprint Type"; Value = "SMD"; VariantName = "[No Variations]"
Change component parameters (AddParameter): Name = "Manufacturer"; Value = "YAGEO"; VariantName = "[No Variations]"
Change component parameters (AddParameter): Name = "Packaging"; Value = ""; VariantName = "[No Variations]"
Change component parameters (AddParameter): Name = "Part Code"; Value = "S1100-000171"; VariantName = "[No Variations]"
Change component parameters (AddParameter): Name = "Part Number"; Value = "RC0603FR-071ML"; VariantName = "[No Variations]"
Change component parameters (AddParameter): Name = "Point"; Value = "2"; VariantName = "[No Variations]"
Change component parameters (AddParameter): Name = "Power"; Value = "1/10W"; VariantName = "[No Variations]"
Change component parameters (AddParameter): Name = "Price"; Value = ""; VariantName = "[No Variations]"
Change component parameters (AddParameter): Name = "Supplier 1"; Value = ""; VariantName = "[No Variations]"
Change component parameters (AddParameter): Name = "Supplier Part Number 1"; Value = ""; VariantName = "[No Variations]"
Change component parameters (AddParameter): Name = "Tolerance"; Value = "1%"; VariantName = "[No Variations]"
Change component parameters (AddParameter): Name = "Value"; Value = "100k"; VariantName = "[No Variations]"
Change component parameters: Designator = "R49" ("R49"); Footprint = "R_0603"; UniqueID = "\REEGKZHY" ("\REEGKZHY")
Change component parameters (AddParameter): Name = "Description SEL"; Value = "RES 1K OHM 1% 1/10W 0603"; VariantName = "[No Variations]"
Change component parameters (AddParameter): Name = "Footprint Type"; Value = "SMD"; VariantName = "[No Variations]"
Change component parameters (AddParameter): Name = "Manufacturer"; Value = "Vishay Dale"; VariantName = "[No Variations]"
Change component parameters (AddParameter): Name = "Packaging"; Value = ""; VariantName = "[No Variations]"
Change component parameters (AddParameter): Name = "Part Code"; Value = "S1100-000139"; VariantName = "[No Variations]"
Change component parameters (AddParameter): Name = "Part Number"; Value = "CRCW06031K00FKTA"; VariantName = "[No Variations]"
Change component parameters (AddParameter): Name = "Point"; Value = "2"; VariantName = "[No Variations]"
Change component parameters (AddParameter): Name = "Power"; Value = "1/10W"; VariantName = "[No Variations]"
Change component parameters (AddParameter): Name = "Price"; Value = ""; VariantName = "[No Variations]"
Change component parameters (AddParameter): Name = "Supplier 1"; Value = ""; VariantName = "[No Variations]"
Change component parameters (AddParameter): Name = "Supplier Part Number 1"; Value = ""; VariantName = "[No Variations]"
Change component parameters (AddParameter): Name = "Tolerance"; Value = "1%"; VariantName = "[No Variations]"
Change component parameters (AddParameter): Name = "Value"; Value = "10Ohm"; VariantName = "[No Variations]"
Change component parameters: Designator = "R50" ("R50"); Footprint = "R_0603"; UniqueID = "\RLGHRJAN" ("\RLGHRJAN")
Change component parameters (AddParameter): Name = "Description SEL"; Value = "RES 1K OHM 1% 1/10W 0603"; VariantName = "[No Variations]"
Change component parameters (AddParameter): Name = "Footprint Type"; Value = "SMD"; VariantName = "[No Variations]"
Change component parameters (AddParameter): Name = "Manufacturer"; Value = "Vishay Dale"; VariantName = "[No Variations]"
Change component parameters (AddParameter): Name = "Packaging"; Value = ""; VariantName = "[No Variations]"
Change component parameters (AddParameter): Name = "Part Code"; Value = "S1100-000139"; VariantName = "[No Variations]"
Change component parameters (AddParameter): Name = "Part Number"; Value = "CRCW06031K00FKTA"; VariantName = "[No Variations]"
Change component parameters (AddParameter): Name = "Point"; Value = "2"; VariantName = "[No Variations]"
Change component parameters (AddParameter): Name = "Power"; Value = "1/10W"; VariantName = "[No Variations]"
Change component parameters (AddParameter): Name = "Price"; Value = ""; VariantName = "[No Variations]"
Change component parameters (AddParameter): Name = "Supplier 1"; Value = ""; VariantName = "[No Variations]"
Change component parameters (AddParameter): Name = "Supplier Part Number 1"; Value = ""; VariantName = "[No Variations]"
Change component parameters (AddParameter): Name = "Tolerance"; Value = "1%"; VariantName = "[No Variations]"
Change component parameters (AddParameter): Name = "Value"; Value = "10Ohm"; VariantName = "[No Variations]"
Change component parameters: Designator = "R56" ("R56"); Footprint = "R_0603"; UniqueID = "\OUFMMNUS" ("\OUFMMNUS")
Change component parameters (AddParameter): Name = "Description SEL"; Value = "RES 1K OHM 1% 1/10W 0603"; VariantName = "[No Variations]"
Change component parameters (AddParameter): Name = "Footprint Type"; Value = "SMD"; VariantName = "[No Variations]"
Change component parameters (AddParameter): Name = "Manufacturer"; Value = "Vishay Dale"; VariantName = "[No Variations]"
Change component parameters (AddParameter): Name = "Packaging"; Value = ""; VariantName = "[No Variations]"
Change component parameters (AddParameter): Name = "Part Code"; Value = "S1100-000139"; VariantName = "[No Variations]"
Change component parameters (AddParameter): Name = "Part Number"; Value = "CRCW06031K00FKTA"; VariantName = "[No Variations]"
Change component parameters (AddParameter): Name = "Point"; Value = "2"; VariantName = "[No Variations]"
Change component parameters (AddParameter): Name = "Power"; Value = "1/10W"; VariantName = "[No Variations]"
Change component parameters (AddParameter): Name = "Price"; Value = ""; VariantName = "[No Variations]"
Change component parameters (AddParameter): Name = "Supplier 1"; Value = ""; VariantName = "[No Variations]"
Change component parameters (AddParameter): Name = "Supplier Part Number 1"; Value = ""; VariantName = "[No Variations]"
Change component parameters (AddParameter): Name = "Tolerance"; Value = "1%"; VariantName = "[No Variations]"
Change component parameters (AddParameter): Name = "Value"; Value = "10Ohm"; VariantName = "[No Variations]"
Added Pin To Net: NetName=HS Pin=D9-1
Added Pin To Net: NetName=12P0_ISO Pin=D9-2
Added Pin To Net: NetName=NetIC5_5 Pin=D12-2
Added Pin To Net: NetName=P_GND Pin=D13-1
Added Pin To Net: NetName=VDD_12P0 Pin=D13-2
Added Pin To Net: NetName=NetIC5_5 Pin=R36-2
Change Net Name : Old Net Name=HO New Net Name=OUTA
Change Net Name : Old Net Name=HS New Net Name=VSSA
Change Net Name : Old Net Name=INB- New Net Name=NetIC5_6
Change Net Name : Old Net Name=LO New Net Name=OUTB
Change Net Name : Old Net Name=NetIC5_5 New Net Name=INB-
Change Net Name : Old Net Name=P_GND New Net Name=VSSB
Added Pin To Net: NetName=NetF1_1 Pin=F1-1
Added Net: Name=NetF1_1
Added Class: Name=Power Converter 2
Added Member To Class: ClassName=Power Converter Member=Component D13 PMEG2010AEJ,115
Added Room: Name=Power Converter 2
Added Room: Name=Power Converter
