Removed Member From Class: ClassName=Supply Member=R59
Removed Member From Class: ClassName=Supply Member=R60
Removed Member From Class: ClassName=Supply Member=R61
Change Component Designator: OldDesignator=D16 NewDesignator=D17
Change Component Designator: OldDesignator=D17 NewDesignator=D18
Change Component Designator: OldDesignator=D18 NewDesignator=D19
Change Component Designator: OldDesignator=D19 NewDesignator=D20
Change Component Designator: OldDesignator=R9 NewDesignator=R10
Change Component Designator: OldDesignator=R10 NewDesignator=R11
Change Component Designator: OldDesignator=R11 NewDesignator=R12
Change Component Designator: OldDesignator=R12 NewDesignator=R13
Change Component Designator: OldDesignator=R13 NewDesignator=R14
Change Component Designator: OldDesignator=R14 NewDesignator=R15
Change Component Designator: OldDesignator=R15 NewDesignator=R16
Change Component Designator: OldDesignator=R16 NewDesignator=R17
Change Component Designator: OldDesignator=R17 NewDesignator=R18
Change Component Designator: OldDesignator=R18 NewDesignator=R21
Change Component Designator: OldDesignator=R19 NewDesignator=R22
Change Component Designator: OldDesignator=R20 NewDesignator=R23
Change Component Designator: OldDesignator=R21 NewDesignator=R24
Change Component Designator: OldDesignator=R22 NewDesignator=R25
Change Component Designator: OldDesignator=R23 NewDesignator=R26
Change Component Designator: OldDesignator=R24 NewDesignator=R27
Change Component Designator: OldDesignator=R25 NewDesignator=R28
Change Component Designator: OldDesignator=R26 NewDesignator=R29
Change Component Designator: OldDesignator=R27 NewDesignator=R30
Change Component Designator: OldDesignator=R28 NewDesignator=R31
Change Component Designator: OldDesignator=R29 NewDesignator=R32
Change Component Designator: OldDesignator=R30 NewDesignator=R33
Change Component Designator: OldDesignator=R31 NewDesignator=R34
Change Component Designator: OldDesignator=R32 NewDesignator=R35
Change Component Designator: OldDesignator=R33 NewDesignator=R36
Change Component Designator: OldDesignator=R34 NewDesignator=R37
Change Component Designator: OldDesignator=R35 NewDesignator=R38
Change Component Designator: OldDesignator=R36 NewDesignator=R39
Change Component Designator: OldDesignator=R37 NewDesignator=R40
Change Component Designator: OldDesignator=R38 NewDesignator=R41
Change Component Designator: OldDesignator=R39 NewDesignator=R42
Change Component Designator: OldDesignator=R40 NewDesignator=R43
Change Component Designator: OldDesignator=R41 NewDesignator=R44
Change Component Designator: OldDesignator=R42 NewDesignator=R45
Change Component Designator: OldDesignator=R43 NewDesignator=R46
Change Component Designator: OldDesignator=R44 NewDesignator=R47
Change Component Designator: OldDesignator=R45 NewDesignator=R48
Change Component Designator: OldDesignator=R46 NewDesignator=R49
Change Component Designator: OldDesignator=R47 NewDesignator=R50
Change Component Designator: OldDesignator=R48 NewDesignator=R51
Change Component Designator: OldDesignator=R49 NewDesignator=R52
Change Component Designator: OldDesignator=R50 NewDesignator=R53
Change Component Designator: OldDesignator=R51 NewDesignator=R54
Change Component Designator: OldDesignator=R52 NewDesignator=R55
Change Component Designator: OldDesignator=R53 NewDesignator=R56
Change Component Designator: OldDesignator=R54 NewDesignator=R57
Change Component Designator: OldDesignator=R55 NewDesignator=R58
Change Component Designator: OldDesignator=R56 NewDesignator=R59
Change Component Designator: OldDesignator=R57 NewDesignator=R60
Change Component Designator: OldDesignator=R58 NewDesignator=R61
Change Component Designator: OldDesignator=R59 NewDesignator=R63
Change Component Designator: OldDesignator=R60 NewDesignator=R64
Change Component Designator: OldDesignator=R61 NewDesignator=R65
Change Net Name : Old Net Name=NetR55_1 New Net Name=NetR58_1
Change Net Name : Old Net Name=NetR56_1 New Net Name=NetR59_1
Added Member To Class: ClassName=Power Converter Member=Component D20 PMEG2010AEJ,115
Added Member To Class: ClassName=Supply Member=Component D21 V8P12-M3/86A
Added Member To Class: ClassName=Power Converter Member=Component R14 0603
Added Member To Class: ClassName=Power Converter Member=Component R16 10
Added Member To Class: ClassName=Power Converter Member=Component R17 47k
Added Member To Class: ClassName=Power Converter Member=Component R24 100k
Added Member To Class: ClassName=Power Converter Member=Component R35 200k
Added Member To Class: ClassName=Power Converter Member=Component R36 0603
Added Member To Class: ClassName=Power Converter Member=Component R37 0603
Added Member To Class: ClassName=Power Converter Member=Component R41 1k
Added Member To Class: ClassName=Power Converter Member=Component R42 1k
Added Member To Class: ClassName=Power Converter Member=Component R47 0603
Added Member To Class: ClassName=Power Converter Member=Component R49 0603
Added Member To Class: ClassName=Power Converter Member=Component R50 10k
Added Member To Class: ClassName=Power Converter Member=Component R51 47k
Added Member To Class: ClassName=Power Converter Member=Component R52 10k
Added Member To Class: ClassName=Power Converter Member=Component R57 0603
Added Member To Class: ClassName=Power Converter Member=Component R63 0603
Added Member To Class: ClassName=Supply Member=Component R63 24k
Added Member To Class: ClassName=Power Converter Member=Component R64 0603
Added Member To Class: ClassName=Supply Member=Component R64 390k
Added Member To Class: ClassName=Power Converter Member=Component R65 0603
Added Member To Class: ClassName=Supply Member=Component R65 0603
