Removed Pin From Net: NetName=NetC40_2 Pin=J5-1
Removed Pin From Net: NetName=P_GND Pin=J5-2
Removed Pin From Net: NetName=NetC44_2 Pin=J5-3
Removed Pin From Net: NetName=P_GND Pin=J5-4
Removed Pin From Net: NetName=NetC39_2 Pin=J5-5
Removed Pin From Net: NetName=P_GND Pin=J5-6
Removed Pin From Net: NetName=NetC43_2 Pin=J5-7
Removed Pin From Net: NetName=P_GND Pin=J5-8
Removed Pin From Net: NetName=NetC42_2 Pin=J5-9
Removed Pin From Net: NetName=P_GND Pin=J5-10
Removed Pin From Net: NetName=NetC41_2 Pin=J5-11
Removed Pin From Net: NetName=P_GND Pin=J5-12
Removed Pin From Net: NetName=P_GND Pin=J5-14
Removed Pin From Net: NetName=HI Pin=J5-15
Removed Pin From Net: NetName=P_GND Pin=J5-16
Removed Pin From Net: NetName=LI Pin=J5-17
Removed Pin From Net: NetName=P_GND Pin=J5-18
Removed Pin From Net: NetName=NetD13_1 Pin=J5-19
Removed Pin From Net: NetName=P_GND Pin=J5-20
Removed Pin From Net: NetName=NetC32_1 Pin=J5-21
Removed Pin From Net: NetName=P_GND Pin=J5-22
Removed Pin From Net: NetName=P_GND Pin=J5-24
Removed Pin From Net: NetName=FW_Reset Pin=J5-25
Removed Member From Class: ClassName=Power Converter Member=J5
