Removed Member From Class: ClassName=Supply Member=R59
Removed Member From Class: ClassName=Supply Member=R61
Removed Member From Class: ClassName=Supply Member=R63
Removed Member From Class: ClassName=Supply Member=R64
Removed Member From Class: ClassName=Supply Member=R65
Change Component Designator: OldDesignator=D4 NewDesignator=D2
Change Component Designator: OldDesignator=D5 NewDesignator=D3
Change Component Designator: OldDesignator=D6 NewDesignator=D4
Change Component Designator: OldDesignator=D7 NewDesignator=D5
Change Component Designator: OldDesignator=D8 NewDesignator=D6
Change Component Designator: OldDesignator=D9 NewDesignator=D7
Change Component Designator: OldDesignator=D10 NewDesignator=D8
Change Component Designator: OldDesignator=D11 NewDesignator=D9
Change Component Designator: OldDesignator=D12 NewDesignator=D10
Change Component Designator: OldDesignator=D13 NewDesignator=D11
Change Component Designator: OldDesignator=D14 NewDesignator=D12
Change Component Designator: OldDesignator=D15 NewDesignator=D13
Change Component Designator: OldDesignator=D16 NewDesignator=D14
Change Component Designator: OldDesignator=D17 NewDesignator=D15
Change Component Designator: OldDesignator=D18 NewDesignator=D16
Change Component Designator: OldDesignator=D19 NewDesignator=D17
Change Component Designator: OldDesignator=D20 NewDesignator=D18
Change Component Designator: OldDesignator=D21 NewDesignator=D19
Change Component Designator: OldDesignator=D22 NewDesignator=D20
Change Component Designator: OldDesignator=D23 NewDesignator=D21
Change Component Designator: OldDesignator=D24 NewDesignator=D22
Change Component Designator: OldDesignator=D25 NewDesignator=D23
Change Component Designator: OldDesignator=D26 NewDesignator=D24
Change component parameters: Designator = "R5" ("R5"); Footprint = "R_0603"; UniqueID = "\NELSNGWN" ("\NELSNGWN")
Change component parameters (AddParameter): Name = "Description SEL"; Value = "RES 10 OHM 1% 1/8W 0603"; VariantName = "[No Variations]"
Change component parameters (AddParameter): Name = "Footprint Type"; Value = "SMD"; VariantName = "[No Variations]"
Change component parameters (AddParameter): Name = "Manufacturer"; Value = "KOA Speer Electronics, Inc."; VariantName = "[No Variations]"
Change component parameters (AddParameter): Name = "Packaging"; Value = ""; VariantName = "[No Variations]"
Change component parameters (AddParameter): Name = "Part Code"; Value = "S1100-000044"; VariantName = "[No Variations]"
Change component parameters (AddParameter): Name = "Part Number"; Value = "RK73H1JRTTD10R0F"; VariantName = "[No Variations]"
Change component parameters (AddParameter): Name = "Point"; Value = "2"; VariantName = "[No Variations]"
Change component parameters (AddParameter): Name = "Power"; Value = "1/8W"; VariantName = "[No Variations]"
Change component parameters (AddParameter): Name = "Price"; Value = ""; VariantName = "[No Variations]"
Change component parameters (AddParameter): Name = "Supplier 1"; Value = ""; VariantName = "[No Variations]"
Change component parameters (AddParameter): Name = "Supplier Part Number 1"; Value = ""; VariantName = "[No Variations]"
Change component parameters (AddParameter): Name = "Tolerance"; Value = "1%"; VariantName = "[No Variations]"
Change Net Name : Old Net Name=NetD2_2 New Net Name=NetR2_2
Change Net Name : Old Net Name=NetD3_2 New Net Name=NetR5_2
Change Net Name : Old Net Name=NetD4_1 New Net Name=NetD2_1
Change Net Name : Old Net Name=NetD5_1 New Net Name=NetD3_1
Change Net Name : Old Net Name=NetD9_1 New Net Name=NetD7_1
Change Net Name : Old Net Name=NetD9_2 New Net Name=NetD7_2
Change Net Name : Old Net Name=NetD10_2 New Net Name=NetD8_2
Change Net Name : Old Net Name=NetD12_2 New Net Name=NetD10_2
Change Net Name : Old Net Name=NetD15_1 New Net Name=NetD13_1
Change Net Name : Old Net Name=NetD16_2 New Net Name=NetD14_2
Change Net Name : Old Net Name=NetD17_2 New Net Name=NetD15_2
Change Net Name : Old Net Name=NetD18_1 New Net Name=NetD16_1
Change Net Name : Old Net Name=NetD24_2 New Net Name=NetD22_2
Change Net Name : Old Net Name=NetD26_2 New Net Name=NetD24_2
Added Member To Class: ClassName=Supply Member=Component C50 0.1uF
Added Member To Class: ClassName=Supply Member=Component C51 GRM32ER71K475KE14L
Added Member To Class: ClassName=Supply Member=Component C58 0.1uF
Added Member To Class: ClassName=Supply Member=Component C62 Cap_Alu_TH_8P0D3P5
Added Member To Class: ClassName=Supply Member=Component D22 Schottky
Added Member To Class: ClassName=Power Converter Member=Component R54 0603
Added Member To Class: ClassName=Power Converter Member=Component R57 0603
Added Member To Class: ClassName=Power Converter Member=Component R58 0603
Added Member To Class: ClassName=Power Converter Member=Component R62 0603
Added Member To Class: ClassName=Power Converter Member=Component R64 0603
Added Member To Class: ClassName=Supply Member=Component R66 200k
Added Member To Class: ClassName=Supply Member=Component R67 24k
Added Member To Class: ClassName=Supply Member=Component R68 390k
Added Member To Class: ClassName=Supply Member=Component R69 0603
Added Member To Class: ClassName=Supply Member=Component R70 0603
Added Member To Class: ClassName=Supply Member=Component R72 0603
Added Member To Class: ClassName=Power Converter Member=Component TP10 Test Point
Added Member To Class: ClassName=Power Converter Member=Component TP12 Test Point
Added Member To Class: ClassName=Power Converter Member=Component TP14 Test Point
