Change Component Designator: OldDesignator=C15 NewDesignator=C18
Change Component Designator: OldDesignator=C16 NewDesignator=C19
Change Component Designator: OldDesignator=C17 NewDesignator=C20
Change Component Designator: OldDesignator=C18 NewDesignator=C21
Change Component Designator: OldDesignator=C19 NewDesignator=C22
Change Component Designator: OldDesignator=C20 NewDesignator=C23
Change Component Designator: OldDesignator=C21 NewDesignator=C24
Change Component Designator: OldDesignator=C22 NewDesignator=C28
Change Component Designator: OldDesignator=C23 NewDesignator=C29
Change Component Designator: OldDesignator=C24 NewDesignator=C30
Change Component Designator: OldDesignator=C25 NewDesignator=C31
Change Component Designator: OldDesignator=C26 NewDesignator=C32
Change Component Designator: OldDesignator=C27 NewDesignator=C33
Change Component Designator: OldDesignator=C28 NewDesignator=C34
Change Component Designator: OldDesignator=C29 NewDesignator=C35
Change Component Designator: OldDesignator=C30 NewDesignator=C36
Change Component Designator: OldDesignator=C31 NewDesignator=C37
Change Component Designator: OldDesignator=C32 NewDesignator=C38
Change Component Designator: OldDesignator=C33 NewDesignator=C39
Change Component Designator: OldDesignator=C34 NewDesignator=C40
Change Component Designator: OldDesignator=C35 NewDesignator=C41
Change Component Designator: OldDesignator=C36 NewDesignator=C42
Change Component Designator: OldDesignator=C37 NewDesignator=C43
Change Component Designator: OldDesignator=C38 NewDesignator=C44
Change Component Designator: OldDesignator=C39 NewDesignator=C45
Change Component Designator: OldDesignator=C40 NewDesignator=C46
Change Component Designator: OldDesignator=C41 NewDesignator=C47
Change Component Designator: OldDesignator=C42 NewDesignator=C48
Change Component Designator: OldDesignator=C43 NewDesignator=C49
Change Component Designator: OldDesignator=C44 NewDesignator=C50
Change Component Designator: OldDesignator=C45 NewDesignator=C51
Change Component Designator: OldDesignator=C46 NewDesignator=C52
Change Component Designator: OldDesignator=C47 NewDesignator=C53
Change Component Designator: OldDesignator=C48 NewDesignator=C54
Change Component Designator: OldDesignator=C49 NewDesignator=C55
Change Component Designator: OldDesignator=C50 NewDesignator=C56
Change Component Designator: OldDesignator=C51 NewDesignator=C57
Change Component Designator: OldDesignator=C52 NewDesignator=C58
Change Component Designator: OldDesignator=C53 NewDesignator=C59
Change Component Designator: OldDesignator=C54 NewDesignator=C60
Change Component Designator: OldDesignator=C55 NewDesignator=C61
Change Component Designator: OldDesignator=C56 NewDesignator=C62
Change Component Designator: OldDesignator=C57 NewDesignator=C63
Change Component Designator: OldDesignator=C58 NewDesignator=C64
Change Component Designator: OldDesignator=C59 NewDesignator=C65
Change Component Designator: OldDesignator=C60 NewDesignator=C66
Change Component Designator: OldDesignator=C61 NewDesignator=C67
Change Component Designator: OldDesignator=C62 NewDesignator=C68
Change Component Designator: OldDesignator=TP5 NewDesignator=TP2
Change Component Designator: OldDesignator=TP9 NewDesignator=TP3
Change Component Designator: OldDesignator=TP10 NewDesignator=TP4
Change Component Designator: OldDesignator=TP11 NewDesignator=TP5
Change Component Designator: OldDesignator=TP12 NewDesignator=TP6
Change Component Designator: OldDesignator=TP13 NewDesignator=TP7
Change Component Designator: OldDesignator=TP14 NewDesignator=TP8
Change Component Designator: OldDesignator=TP15 NewDesignator=TP9
Change Component Designator: OldDesignator=TP16 NewDesignator=TP10
Change Component Designator: OldDesignator=TP17 NewDesignator=TP11
Change Component Designator: OldDesignator=TP18 NewDesignator=TP12
Change Component Designator: OldDesignator=TP19 NewDesignator=TP13
Change Component Designator: OldDesignator=TP20 NewDesignator=TP14
Change Component Designator: OldDesignator=TP21 NewDesignator=TP15
Change Component Designator: OldDesignator=TP22 NewDesignator=TP16
Change Component Designator: OldDesignator=TP23 NewDesignator=TP17
Added Component: Designator=C15(C_1210)
Add component (AddParameter): Name = "Category"; Value = "Capacitors"; VariantName = "[No Variations]"
Add component (AddParameter): Name = "Description std"; Value = "CAP CER 4.7UF 100V X7S 1210"; VariantName = "[No Variations]"
Add component (AddParameter): Name = "Digikey Price/1KU"; Value = "0.56250"; VariantName = "[No Variations]"
Add component (AddParameter): Name = "Digikey Price/1unit"; Value = "1.64"; VariantName = "[No Variations]"
Add component (AddParameter): Name = "Link"; Value = "https://www.digikey.com/product-detail/en/tdk-corporation/C3225X7S2A475M200AB/445-6043-2-ND/2443521"; VariantName = "[No Variations]"
Add component (AddParameter): Name = "Manufacturer"; Value = "TDK Corporation"; VariantName = "[No Variations]"
Add component (AddParameter): Name = "Package"; Value = "1210"; VariantName = "[No Variations]"
Add component (AddParameter): Name = "Part Number"; Value = "GRM32ER71K475KE14L"; VariantName = "[No Variations]"
Add component (AddParameter): Name = "Value"; Value = "4.7UF-100V"; VariantName = "[No Variations]"
Added Component: Designator=C16(C_1210)
Add component (AddParameter): Name = "Category"; Value = "Capacitors"; VariantName = "[No Variations]"
Add component (AddParameter): Name = "Description std"; Value = "CAP CER 4.7UF 100V X7S 1210"; VariantName = "[No Variations]"
Add component (AddParameter): Name = "Digikey Price/1KU"; Value = "0.56250"; VariantName = "[No Variations]"
Add component (AddParameter): Name = "Digikey Price/1unit"; Value = "1.64"; VariantName = "[No Variations]"
Add component (AddParameter): Name = "Link"; Value = "https://www.digikey.com/product-detail/en/tdk-corporation/C3225X7S2A475M200AB/445-6043-2-ND/2443521"; VariantName = "[No Variations]"
Add component (AddParameter): Name = "Manufacturer"; Value = "TDK Corporation"; VariantName = "[No Variations]"
Add component (AddParameter): Name = "Package"; Value = "1210"; VariantName = "[No Variations]"
Add component (AddParameter): Name = "Part Number"; Value = "GRM32ER71K475KE14L"; VariantName = "[No Variations]"
Add component (AddParameter): Name = "Value"; Value = "4.7UF-100V"; VariantName = "[No Variations]"
Added Component: Designator=C17(C_1210)
Add component (AddParameter): Name = "Category"; Value = "Capacitors"; VariantName = "[No Variations]"
Add component (AddParameter): Name = "Description std"; Value = "CAP CER 4.7UF 100V X7S 1210"; VariantName = "[No Variations]"
Add component (AddParameter): Name = "Digikey Price/1KU"; Value = "0.56250"; VariantName = "[No Variations]"
Add component (AddParameter): Name = "Digikey Price/1unit"; Value = "1.64"; VariantName = "[No Variations]"
Add component (AddParameter): Name = "Link"; Value = "https://www.digikey.com/product-detail/en/tdk-corporation/C3225X7S2A475M200AB/445-6043-2-ND/2443521"; VariantName = "[No Variations]"
Add component (AddParameter): Name = "Manufacturer"; Value = "TDK Corporation"; VariantName = "[No Variations]"
Add component (AddParameter): Name = "Package"; Value = "1210"; VariantName = "[No Variations]"
Add component (AddParameter): Name = "Part Number"; Value = "GRM32ER71K475KE14L"; VariantName = "[No Variations]"
Add component (AddParameter): Name = "Value"; Value = "4.7UF-100V"; VariantName = "[No Variations]"
Added Component: Designator=C25(C_1210)
Add component (AddParameter): Name = "Category"; Value = "Capacitors"; VariantName = "[No Variations]"
Add component (AddParameter): Name = "Description std"; Value = "CAP CER 4.7UF 100V X7S 1210"; VariantName = "[No Variations]"
Add component (AddParameter): Name = "Digikey Price/1KU"; Value = "0.56250"; VariantName = "[No Variations]"
Add component (AddParameter): Name = "Digikey Price/1unit"; Value = "1.64"; VariantName = "[No Variations]"
Add component (AddParameter): Name = "Link"; Value = "https://www.digikey.com/product-detail/en/tdk-corporation/C3225X7S2A475M200AB/445-6043-2-ND/2443521"; VariantName = "[No Variations]"
Add component (AddParameter): Name = "Manufacturer"; Value = "TDK Corporation"; VariantName = "[No Variations]"
Add component (AddParameter): Name = "Package"; Value = "1210"; VariantName = "[No Variations]"
Add component (AddParameter): Name = "Part Number"; Value = "GRM32ER71K475KE14L"; VariantName = "[No Variations]"
Add component (AddParameter): Name = "Value"; Value = "4.7UF-100V"; VariantName = "[No Variations]"
Added Component: Designator=C26(C_1210)
Add component (AddParameter): Name = "Category"; Value = "Capacitors"; VariantName = "[No Variations]"
Add component (AddParameter): Name = "Description std"; Value = "CAP CER 4.7UF 100V X7S 1210"; VariantName = "[No Variations]"
Add component (AddParameter): Name = "Digikey Price/1KU"; Value = "0.56250"; VariantName = "[No Variations]"
Add component (AddParameter): Name = "Digikey Price/1unit"; Value = "1.64"; VariantName = "[No Variations]"
Add component (AddParameter): Name = "Link"; Value = "https://www.digikey.com/product-detail/en/tdk-corporation/C3225X7S2A475M200AB/445-6043-2-ND/2443521"; VariantName = "[No Variations]"
Add component (AddParameter): Name = "Manufacturer"; Value = "TDK Corporation"; VariantName = "[No Variations]"
Add component (AddParameter): Name = "Package"; Value = "1210"; VariantName = "[No Variations]"
Add component (AddParameter): Name = "Part Number"; Value = "GRM32ER71K475KE14L"; VariantName = "[No Variations]"
Add component (AddParameter): Name = "Value"; Value = "4.7UF-100V"; VariantName = "[No Variations]"
Added Component: Designator=C27(C_1210)
Add component (AddParameter): Name = "Category"; Value = "Capacitors"; VariantName = "[No Variations]"
Add component (AddParameter): Name = "Description std"; Value = "CAP CER 4.7UF 100V X7S 1210"; VariantName = "[No Variations]"
Add component (AddParameter): Name = "Digikey Price/1KU"; Value = "0.56250"; VariantName = "[No Variations]"
Add component (AddParameter): Name = "Digikey Price/1unit"; Value = "1.64"; VariantName = "[No Variations]"
Add component (AddParameter): Name = "Link"; Value = "https://www.digikey.com/product-detail/en/tdk-corporation/C3225X7S2A475M200AB/445-6043-2-ND/2443521"; VariantName = "[No Variations]"
Add component (AddParameter): Name = "Manufacturer"; Value = "TDK Corporation"; VariantName = "[No Variations]"
Add component (AddParameter): Name = "Package"; Value = "1210"; VariantName = "[No Variations]"
Add component (AddParameter): Name = "Part Number"; Value = "GRM32ER71K475KE14L"; VariantName = "[No Variations]"
Add component (AddParameter): Name = "Value"; Value = "4.7UF-100V"; VariantName = "[No Variations]"
Added Pin To Net: NetName=P_GND Pin=C15-1
Added Pin To Net: NetName=V_In_Cap Pin=C15-2
Added Pin To Net: NetName=P_GND Pin=C16-1
Added Pin To Net: NetName=V_In_Cap Pin=C16-2
Added Pin To Net: NetName=P_GND Pin=C17-1
Added Pin To Net: NetName=V_In_Cap Pin=C17-2
Added Pin To Net: NetName=P_GND Pin=C25-1
Added Pin To Net: NetName=V_Out_Cap Pin=C25-2
Added Pin To Net: NetName=P_GND Pin=C26-1
Added Pin To Net: NetName=V_Out_Cap Pin=C26-2
Added Pin To Net: NetName=P_GND Pin=C27-1
Added Pin To Net: NetName=V_Out_Cap Pin=C27-2
Change Net Name : Old Net Name=NetC22_2 New Net Name=NetC28_2
Change Net Name : Old Net Name=NetC28_1 New Net Name=NetC34_1
Change Net Name : Old Net Name=NetC29_1 New Net Name=NetC35_1
Change Net Name : Old Net Name=NetC30_1 New Net Name=NetC36_1
Change Net Name : Old Net Name=NetC34_2 New Net Name=NetC40_2
Change Net Name : Old Net Name=NetC35_2 New Net Name=NetC41_2
Change Net Name : Old Net Name=NetC36_2 New Net Name=NetC42_2
Change Net Name : Old Net Name=NetC37_2 New Net Name=NetC43_2
Change Net Name : Old Net Name=NetC38_2 New Net Name=NetC44_2
Change Net Name : Old Net Name=NetC39_2 New Net Name=NetC45_2
Change Net Name : Old Net Name=NetC40_2 New Net Name=NetC46_2
Change Net Name : Old Net Name=NetC41_1 New Net Name=NetC47_1
Change Net Name : Old Net Name=NetC41_2 New Net Name=NetC47_2
Change Net Name : Old Net Name=NetC42_1 New Net Name=NetC48_1
Change Net Name : Old Net Name=NetC46_2 New Net Name=NetC52_2
Change Net Name : Old Net Name=NetC48_2 New Net Name=NetC54_2
Change Net Name : Old Net Name=NetC52_1 New Net Name=NetC58_1
Change Net Name : Old Net Name=NetC53_1 New Net Name=NetC59_1
Change Net Name : Old Net Name=NetC55_2 New Net Name=NetC61_2
Added Member To Class: ClassName=Power Converter Member=Component C41 1nF
Added Member To Class: ClassName=Power Converter Member=Component C42 1nF
Added Member To Class: ClassName=Power Converter Member=Component C43 0.1uF
Added Member To Class: ClassName=Power Converter Member=Component C44 1nF
Added Member To Class: ClassName=Power Converter Member=Component C45 1nF
Added Member To Class: ClassName=Power Converter Member=Component C46 1nF
