Removed Pin From Net: NetName=P_GND Pin=J5-2
Removed Pin From Net: NetName=NetC44_2 Pin=J5-3
Removed Pin From Net: NetName=P_GND Pin=J5-4
Removed Pin From Net: NetName=NetC39_2 Pin=J5-5
Removed Pin From Net: NetName=P_GND Pin=J5-6
Removed Pin From Net: NetName=NetC43_2 Pin=J5-7
Removed Pin From Net: NetName=P_GND Pin=J5-8
Removed Pin From Net: NetName=NetC42_2 Pin=J5-9
Removed Pin From Net: NetName=P_GND Pin=J5-10
Removed Pin From Net: NetName=NetC41_2 Pin=J5-11
Removed Pin From Net: NetName=P_GND Pin=J5-12
Removed Pin From Net: NetName=HI Pin=J5-15
Removed Pin From Net: NetName=LI Pin=J5-17
Removed Pin From Net: NetName=NetD13_1 Pin=J5-19
Removed Pin From Net: NetName=NetC32_1 Pin=J5-21
Removed Pin From Net: NetName=FW_Reset Pin=J5-25
Added Pin To Net: NetName=NetC44_2 Pin=J5-2
Added Pin To Net: NetName=NetC39_2 Pin=J5-3
Added Pin To Net: NetName=NetC43_2 Pin=J5-4
Added Pin To Net: NetName=NetC42_2 Pin=J5-5
Added Pin To Net: NetName=NetC41_2 Pin=J5-6
Added Pin To Net: NetName=HI Pin=J5-7
Added Pin To Net: NetName=LI Pin=J5-8
Added Pin To Net: NetName=NetD13_1 Pin=J5-9
Added Pin To Net: NetName=NetC32_1 Pin=J5-10
Added Pin To Net: NetName=P_GND Pin=J5-13
Added Pin To Net: NetName=P_GND Pin=J5-15
Added Pin To Net: NetName=P_GND Pin=J5-17
Added Pin To Net: NetName=P_GND Pin=J5-19
Added Pin To Net: NetName=P_GND Pin=J5-21
Added Pin To Net: NetName=P_GND Pin=J5-23
Added Pin To Net: NetName=P_GND Pin=J5-25
Added Pin To Net: NetName=NetJ5_11 Pin=J5-11
Added Net: Name=NetJ5_11
Added Member To Class: ClassName=Power Converter Member=Component J5 2301841-2
