Removed Member From Class: ClassName=Power Converter Member=R69
Change Component Designator: OldDesignator=D15 NewDesignator=D16
Change Component Designator: OldDesignator=D16 NewDesignator=D15
Change Component Designator: OldDesignator=D17 NewDesignator=D18
Change Component Designator: OldDesignator=D18 NewDesignator=D19
Change Component Designator: OldDesignator=D19 NewDesignator=D20
Change Component Designator: OldDesignator=D20 NewDesignator=D21
Change Component Designator: OldDesignator=D21 NewDesignator=D22
Change Component Designator: OldDesignator=D22 NewDesignator=D23
Change Component Designator: OldDesignator=D23 NewDesignator=D24
Change Component Designator: OldDesignator=Q5 NewDesignator=Q6
Change Component Designator: OldDesignator=Q6 NewDesignator=Q7
Change Component Designator: OldDesignator=Q7 NewDesignator=Q5
Change Component Designator: OldDesignator=R45 NewDesignator=R46
Change Component Designator: OldDesignator=R46 NewDesignator=R47
Change Component Designator: OldDesignator=R47 NewDesignator=R48
Change Component Designator: OldDesignator=R48 NewDesignator=R50
Change Component Designator: OldDesignator=R49 NewDesignator=R51
Change Component Designator: OldDesignator=R50 NewDesignator=R52
Change Component Designator: OldDesignator=R51 NewDesignator=R54
Change Component Designator: OldDesignator=R52 NewDesignator=R45
Change Component Designator: OldDesignator=R53 NewDesignator=R49
Change Component Designator: OldDesignator=R54 NewDesignator=R56
Change Component Designator: OldDesignator=R55 NewDesignator=R57
Change Component Designator: OldDesignator=R56 NewDesignator=R58
Change Component Designator: OldDesignator=R57 NewDesignator=R59
Change Component Designator: OldDesignator=R58 NewDesignator=R60
Change Component Designator: OldDesignator=R59 NewDesignator=R61
Change Component Designator: OldDesignator=R60 NewDesignator=R62
Change Component Designator: OldDesignator=R61 NewDesignator=R63
Change Component Designator: OldDesignator=R62 NewDesignator=R64
Change Component Designator: OldDesignator=R63 NewDesignator=R65
Change Component Designator: OldDesignator=R64 NewDesignator=R66
Change Component Designator: OldDesignator=R65 NewDesignator=R67
Change Component Designator: OldDesignator=R66 NewDesignator=R68
Change Component Designator: OldDesignator=R67 NewDesignator=R69
Change Component Designator: OldDesignator=R68 NewDesignator=R70
Change Component Designator: OldDesignator=R69 NewDesignator=R71
Change Component Designator: OldDesignator=R70 NewDesignator=R72
Change Component Designator: OldDesignator=R71 NewDesignator=R73
Change Component Designator: OldDesignator=R72 NewDesignator=R74
Change Component Designator: OldDesignator=R73 NewDesignator=R75
Change Component Designator: OldDesignator=R74 NewDesignator=R76
Change Component Designator: OldDesignator=R75 NewDesignator=R77
Added Component: Designator=D17(SOD323F)
Add component (AddParameter): Name = "Category"; Value = "DIODE"; VariantName = "[No Variations]"
Add component (AddParameter): Name = "Current"; Value = "1A (DC)"; VariantName = "[No Variations]"
Add component (AddParameter): Name = "Footprint type"; Value = "SMD"; VariantName = "[No Variations]"
Add component (AddParameter): Name = "Footprint/Package"; Value = "SOD-323F"; VariantName = "[No Variations]"
Add component (AddParameter): Name = "Manufacturer"; Value = "Nexperia USA Inc."; VariantName = "[No Variations]"
Add component (AddParameter): Name = "Part Number"; Value = "PMEG2010AEJ,115"; VariantName = "[No Variations]"
Add component (AddParameter): Name = "Voltage"; Value = "20 V"; VariantName = "[No Variations]"
Added Component: Designator=Q8(sot23-3)
Add component (AddParameter): Name = "Arrow Part Number"; Value = "SS8050-G"; VariantName = "[No Variations]"
Add component (AddParameter): Name = "Arrow Price/Stock"; Value = "https://www.arrow.com/en/products/ss8050-g/comchip-technology?region=nac"; VariantName = "[No Variations]"
Add component (AddParameter): Name = "Datasheet Link"; Value = "https://datasheet.datasheetarchive.com/originals/distributors/DKDS-12/229454.pdf"; VariantName = "[No Variations]"
Add component (AddParameter): Name = "Height"; Value = "1.15mm"; VariantName = "[No Variations]"
Add component (AddParameter): Name = "Manufacturer_Name"; Value = "Comchip Technology"; VariantName = "[No Variations]"
Add component (AddParameter): Name = "Manufacturer_Part_Number"; Value = "SS8050-G"; VariantName = "[No Variations]"
Add component (AddParameter): Name = "Mouser Part Number"; Value = "750-SS8050-G"; VariantName = "[No Variations]"
Add component (AddParameter): Name = "Mouser Price/Stock"; Value = "https://www.mouser.co.uk/ProductDetail/Comchip-Technology/SS8050-G?qs=LLUE9lz1YbcHg%252BWLMAtcrQ%3D%3D"; VariantName = "[No Variations]"
Added Component: Designator=R53(R_0603)
Add component (AddParameter): Name = "Description SEL"; Value = "RES 200K OHM 1% 1/10W 0603"; VariantName = "[No Variations]"
Add component (AddParameter): Name = "Footprint Type"; Value = "SMD"; VariantName = "[No Variations]"
Add component (AddParameter): Name = "Manufacturer"; Value = "YAGEO"; VariantName = "[No Variations]"
Add component (AddParameter): Name = "Packaging"; Value = ""; VariantName = "[No Variations]"
Add component (AddParameter): Name = "Part Code"; Value = "S1100-000044"; VariantName = "[No Variations]"
Add component (AddParameter): Name = "Part Number"; Value = "RC0603FR-13200KL"; VariantName = "[No Variations]"
Add component (AddParameter): Name = "Point"; Value = "2"; VariantName = "[No Variations]"
Add component (AddParameter): Name = "Power"; Value = "1/8W"; VariantName = "[No Variations]"
Add component (AddParameter): Name = "Price"; Value = ""; VariantName = "[No Variations]"
Add component (AddParameter): Name = "Supplier 1"; Value = ""; VariantName = "[No Variations]"
Add component (AddParameter): Name = "Supplier Part Number 1"; Value = ""; VariantName = "[No Variations]"
Add component (AddParameter): Name = "Tolerance"; Value = "1%"; VariantName = "[No Variations]"
Add component (AddParameter): Name = "Value"; Value = ""; VariantName = "[No Variations]"
Added Component: Designator=R55(R_0603)
Add component (AddParameter): Name = "Description SEL"; Value = "RES 200K OHM 1% 1/10W 0603"; VariantName = "[No Variations]"
Add component (AddParameter): Name = "Footprint Type"; Value = "SMD"; VariantName = "[No Variations]"
Add component (AddParameter): Name = "Manufacturer"; Value = "YAGEO"; VariantName = "[No Variations]"
Add component (AddParameter): Name = "Packaging"; Value = ""; VariantName = "[No Variations]"
Add component (AddParameter): Name = "Part Code"; Value = "S1100-000044"; VariantName = "[No Variations]"
Add component (AddParameter): Name = "Part Number"; Value = "RC0603FR-13200KL"; VariantName = "[No Variations]"
Add component (AddParameter): Name = "Point"; Value = "2"; VariantName = "[No Variations]"
Add component (AddParameter): Name = "Power"; Value = "1/8W"; VariantName = "[No Variations]"
Add component (AddParameter): Name = "Price"; Value = ""; VariantName = "[No Variations]"
Add component (AddParameter): Name = "Supplier 1"; Value = ""; VariantName = "[No Variations]"
Add component (AddParameter): Name = "Supplier Part Number 1"; Value = ""; VariantName = "[No Variations]"
Add component (AddParameter): Name = "Tolerance"; Value = "1%"; VariantName = "[No Variations]"
Add component (AddParameter): Name = "Value"; Value = ""; VariantName = "[No Variations]"
Added Pin To Net: NetName=FW_Reset Pin=D17-1
Added Pin To Net: NetName=S_GND Pin=Q8-2
Added Pin To Net: NetName=FW_Reset Pin=Q8-3
Added Pin To Net: NetName=S_GND Pin=R55-1
Change Net Name : Old Net Name=NetD15_2 New Net Name=NetD16_2
Change Net Name : Old Net Name=NetD16_1 New Net Name=NetD15_1
Change Net Name : Old Net Name=NetD21_2 New Net Name=NetD22_2
Change Net Name : Old Net Name=NetD23_2 New Net Name=NetD24_2
Change Net Name : Old Net Name=NetQ5_1 New Net Name=NetQ6_1
Change Net Name : Old Net Name=NetQ5_3 New Net Name=NetQ6_3
Change Net Name : Old Net Name=NetQ6_1 New Net Name=NetQ7_1
Change Net Name : Old Net Name=NetQ6_3 New Net Name=NetQ7_3
Change Net Name : Old Net Name=NetQ7_1 New Net Name=NetQ5_1
Change Net Name : Old Net Name=NetR57_1 New Net Name=NetR59_1
Change Net Name : Old Net Name=NetR58_1 New Net Name=NetR60_1
Added Pin To Net: NetName=NetD17_2 Pin=D17-2
Added Pin To Net: NetName=NetD17_2 Pin=R53-1
Added Net: Name=NetD17_2
Added Pin To Net: NetName=NetQ8_1 Pin=Q8-1
Added Pin To Net: NetName=NetQ8_1 Pin=R53-2
Added Pin To Net: NetName=NetQ8_1 Pin=R55-2
Added Net: Name=NetQ8_1
Added Member To Class: ClassName=Power Converter Member=Component D21 PMEG2010AEJ,115
Added Member To Class: ClassName=Supply Member=Component D24 LED-SMD
Added Member To Class: ClassName=Power Converter Member=Component Q8 SS8050-G
Added Member To Class: ClassName=Power Converter Member=Component R1 0
Added Member To Class: ClassName=Power Converter Member=Component R3 10
Added Member To Class: ClassName=Power Converter Member=Component R5 2k
Added Member To Class: ClassName=Power Converter Member=Component R6 10
Added Member To Class: ClassName=Power Converter Member=Component R8 Shunt 1 mOhm
Added Member To Class: ClassName=Power Converter Member=Component R10 0603
Added Member To Class: ClassName=Power Converter Member=Component R12 47k
Added Member To Class: ClassName=Power Converter Member=Component R13 47k
Added Member To Class: ClassName=Power Converter Member=Component R15 47k
Added Member To Class: ClassName=Power Converter Member=Component R18 10
Added Member To Class: ClassName=Power Converter Member=Component R19 0603
Added Member To Class: ClassName=Power Converter Member=Component R21 0603
Added Member To Class: ClassName=Power Converter Member=Component R23 0603
Added Member To Class: ClassName=Power Converter Member=Component R24 100k
Added Member To Class: ClassName=Power Converter Member=Component R25 250k
Added Member To Class: ClassName=Power Converter Member=Component R27 0603
Added Member To Class: ClassName=Power Converter Member=Component R29 0603
Added Member To Class: ClassName=Power Converter Member=Component R30 0603
Added Member To Class: ClassName=Power Converter Member=Component R31 0603
Added Member To Class: ClassName=Power Converter Member=Component R33 0603
Added Member To Class: ClassName=Power Converter Member=Component R34 1k
Added Member To Class: ClassName=Power Converter Member=Component R35 200k
Added Member To Class: ClassName=Power Converter Member=Component R36 0603
Added Member To Class: ClassName=Power Converter Member=Component R38 0603
Added Member To Class: ClassName=Power Converter Member=Component R40 10k
Added Member To Class: ClassName=Power Converter Member=Component R41 1k
Added Member To Class: ClassName=Power Converter Member=Component R43 1k
Added Member To Class: ClassName=Power Converter Member=Component R44 0603
Added Member To Class: ClassName=Power Converter Member=Component R45 10k
Added Member To Class: ClassName=Power Converter Member=Component R47 0603
Added Member To Class: ClassName=Power Converter Member=Component R49 1k
Added Member To Class: ClassName=Power Converter Member=Component R51 10k
Added Member To Class: ClassName=Power Converter Member=Component R52 47k
Added Member To Class: ClassName=Power Converter Member=Component R53 10k
Added Member To Class: ClassName=Power Converter Member=Component R54 47k
Added Member To Class: ClassName=Power Converter Member=Component R55 47k
Added Member To Class: ClassName=Power Converter Member=Component R57 0603
Added Member To Class: ClassName=Power Converter Member=Component R58 0603
Added Member To Class: ClassName=Power Converter Member=Component R59 0603
Added Member To Class: ClassName=Power Converter Member=Component R61 0603
Added Member To Class: ClassName=Power Converter Member=Component R62 0603
Added Member To Class: ClassName=Power Converter Member=Component R63 0603
Added Member To Class: ClassName=Power Converter Member=Component R65 0603
Added Member To Class: ClassName=Power Converter Member=Component R67 0603
Added Member To Class: ClassName=Power Converter Member=Component R68 0603
Added Member To Class: ClassName=Supply Member=Component R70 24k
Added Member To Class: ClassName=Supply Member=Component R71 390k
Added Member To Class: ClassName=Supply Member=Component R72 0603
Added Member To Class: ClassName=Supply Member=Component R73 0603
Added Member To Class: ClassName=Supply Member=Component R76 CRCW251215R0JNEG
Added Member To Class: ClassName=Supply Member=Component R77 0603
