Removed Pin From Net: NetName=P_GND Pin=L3-3
Removed Member From Class: ClassName=Power Supply Member=D4
Change Component Designator: OldDesignator=C8 NewDesignator=C6
Change Component Designator: OldDesignator=C9 NewDesignator=C7
Change Component Designator: OldDesignator=C10 NewDesignator=C8
Change Component Designator: OldDesignator=C11 NewDesignator=C9
Change Component Designator: OldDesignator=C12 NewDesignator=C10
Change Component Designator: OldDesignator=C13 NewDesignator=C11
Change Component Designator: OldDesignator=C14 NewDesignator=C12
Change Component Designator: OldDesignator=C15 NewDesignator=C13
Change Component Designator: OldDesignator=C16 NewDesignator=C14
Change Component Designator: OldDesignator=C17 NewDesignator=C15
Change Component Designator: OldDesignator=C18 NewDesignator=C16
Change Component Designator: OldDesignator=C19 NewDesignator=C17
Change Component Designator: OldDesignator=C20 NewDesignator=C18
Change Component Designator: OldDesignator=C21 NewDesignator=C19
Change Component Designator: OldDesignator=C22 NewDesignator=C20
Change Component Designator: OldDesignator=C23 NewDesignator=C21
Change Component Designator: OldDesignator=C24 NewDesignator=C22
Change Component Designator: OldDesignator=C26 NewDesignator=C24
Change Component Designator: OldDesignator=C27 NewDesignator=C25
Change Component Designator: OldDesignator=C28 NewDesignator=C26
Change Component Designator: OldDesignator=C29 NewDesignator=C27
Change Component Designator: OldDesignator=C30 NewDesignator=C28
Change Component Designator: OldDesignator=C31 NewDesignator=C29
Change Component Designator: OldDesignator=C32 NewDesignator=C30
Change Component Designator: OldDesignator=C33 NewDesignator=C31
Change Component Designator: OldDesignator=C34 NewDesignator=C32
Change Component Designator: OldDesignator=C35 NewDesignator=C33
Change Component Designator: OldDesignator=C36 NewDesignator=C34
Change Component Designator: OldDesignator=C37 NewDesignator=C35
Change Component Designator: OldDesignator=C38 NewDesignator=C36
Change Component Designator: OldDesignator=C39 NewDesignator=C37
Change Component Designator: OldDesignator=C40 NewDesignator=C38
Change Component Designator: OldDesignator=C41 NewDesignator=C39
Change Component Designator: OldDesignator=C42 NewDesignator=C40
Change Component Designator: OldDesignator=C43 NewDesignator=C41
Change Component Designator: OldDesignator=C44 NewDesignator=C42
Change Component Designator: OldDesignator=C45 NewDesignator=C43
Change Component Designator: OldDesignator=C46 NewDesignator=C44
Change Component Designator: OldDesignator=C47 NewDesignator=C45
Change Component Designator: OldDesignator=C48 NewDesignator=C46
Change Component Designator: OldDesignator=C49 NewDesignator=C47
Change Component Designator: OldDesignator=C50 NewDesignator=C48
Change Component Designator: OldDesignator=C51 NewDesignator=C49
Change Component Designator: OldDesignator=C52 NewDesignator=C50
Change Component Designator: OldDesignator=C53 NewDesignator=C51
Change Component Designator: OldDesignator=C54 NewDesignator=C52
Change Component Designator: OldDesignator=C55 NewDesignator=C53
Change Component Designator: OldDesignator=C56 NewDesignator=C54
Change Component Designator: OldDesignator=C57 NewDesignator=C55
Change Component Designator: OldDesignator=C58 NewDesignator=C56
Change Component Designator: OldDesignator=C59 NewDesignator=C57
Change Component Designator: OldDesignator=C60 NewDesignator=C58
Change Component Designator: OldDesignator=C61 NewDesignator=C59
Added Component: Designator=C23(C_0805)
Add component (AddParameter): Name = "Description SEL"; Value = "CAP CER 100pF 50V C0G 0603"; VariantName = "[No Variations]"
Add component (AddParameter): Name = "Footprint Type"; Value = "SMD"; VariantName = "[No Variations]"
Add component (AddParameter): Name = "Manufacturer"; Value = "Kemet"; VariantName = "[No Variations]"
Add component (AddParameter): Name = "Packaging"; Value = ""; VariantName = "[No Variations]"
Add component (AddParameter): Name = "Part Code"; Value = "S1200-000116"; VariantName = "[No Variations]"
Add component (AddParameter): Name = "Part Number"; Value = "CL10C101JB81PNC"; VariantName = "[No Variations]"
Add component (AddParameter): Name = "Point"; Value = "2"; VariantName = "[No Variations]"
Add component (AddParameter): Name = "Price"; Value = ""; VariantName = "[No Variations]"
Add component (AddParameter): Name = "Supplier 1"; Value = ""; VariantName = "[No Variations]"
Add component (AddParameter): Name = "Supplier Part Number 1"; Value = ""; VariantName = "[No Variations]"
Add component (AddParameter): Name = "Value"; Value = "1kV"; VariantName = "[No Variations]"
Added Pin To Net: NetName=P_GND Pin=C23-1
Added Pin To Net: NetName=HS Pin=C23-2
Change Net Name : Old Net Name=NetC8_2 New Net Name=NetC6_2
Change Net Name : Old Net Name=NetC13_1 New Net Name=NetC11_1
Change Net Name : Old Net Name=NetC14_1 New Net Name=NetC12_1
Change Net Name : Old Net Name=NetC15_1 New Net Name=NetC13_1
Change Net Name : Old Net Name=NetC17_2 New Net Name=NetC15_2
Change Net Name : Old Net Name=NetC26_2 New Net Name=NetC24_2
Change Net Name : Old Net Name=NetC36_2 New Net Name=NetC34_2
Change Net Name : Old Net Name=NetC37_1 New Net Name=NetC35_1
Change Net Name : Old Net Name=NetC44_2 New Net Name=NetC42_2
Change Net Name : Old Net Name=NetC46_2 New Net Name=NetC44_2
Change Net Name : Old Net Name=NetC50_1 New Net Name=NetC48_1
Change Net Name : Old Net Name=NetC51_1 New Net Name=NetC49_1
Change Net Name : Old Net Name=NetC52_1 New Net Name=NetC50_1
Change Net Name : Old Net Name=NetC55_2 New Net Name=NetC53_2
Change Net Name : Old Net Name=NetC56_2 New Net Name=NetC54_2
Change Net Name : Old Net Name=NetC57_2 New Net Name=NetC55_2
Change Net Name : Old Net Name=NetC58_2 New Net Name=NetC56_2
Change Net Name : Old Net Name=NetC59_2 New Net Name=NetC57_2
Change Net Name : Old Net Name=NetC60_2 New Net Name=NetC58_2
Change Net Name : Old Net Name=NetC61_2 New Net Name=NetC59_2
Added Member To Class: ClassName=Power Supply Member=Component C23 N/A
Added Member To Class: ClassName=Power Converter Member=Component C54 1nF
Added Member To Class: ClassName=Power Converter Member=Component C56 0.1uF
Added Member To Class: ClassName=Power Converter Member=Component C58 1nF
Added Member To Class: ClassName=Power Supply Member=Component D1 PMEG2010AEJ,115
Added Member To Class: ClassName=Power Supply Member=Component D2 V8P12-M3/86A
Added Member To Class: ClassName=Power Supply Member=Component D3 LED-SMD
Added Member To Class: ClassName=Power Converter Member=Component D5 B0520WS-7-F
Added Member To Class: ClassName=Power Converter Member=Component D7 PMEG2010AEJ,115
Added Member To Class: ClassName=Power Converter Member=Component D9 PMEG2010AEJ,115
Added Member To Class: ClassName=Power Converter Member=Component D11 PMEG2010AEJ,115
Added Member To Class: ClassName=Power Converter Member=Component D13 PMEG2010AEJ,115
Added Member To Class: ClassName=Power Converter Member=Component D15 PMEG2010AEJ,115
