Removed Pin From Net: NetName=VDD_12P0 Pin=J6-1
Change Component Footprint: Designator=D8 Old Footprint=SOD123 New Footprint=SOD323F
Change Component Footprint: Designator=D9 Old Footprint=SOD123 New Footprint=SOD323F
Change Component Footprint: Designator=D10 Old Footprint=SOD123 New Footprint=SOD323F
Change Component Footprint: Designator=D11 Old Footprint=SOD123 New Footprint=SOD323F
Change Component Comment : Designator=C26 Old Comment=1nF New Comment=47pF
Change Component Comment : Designator=C27 Old Comment=1nF New Comment=47pF
Change Component Designator: OldDesignator=C1 NewDesignator=C26
Change Component Designator: OldDesignator=C2 NewDesignator=C27
Change Component Designator: OldDesignator=C3 NewDesignator=C28
Change Component Designator: OldDesignator=C4 NewDesignator=C29
Change Component Designator: OldDesignator=C5 NewDesignator=C30
Change Component Designator: OldDesignator=C6 NewDesignator=C31
Change Component Designator: OldDesignator=C7 NewDesignator=C32
Change Component Designator: OldDesignator=C8 NewDesignator=C33
Change Component Designator: OldDesignator=C9 NewDesignator=C34
Change Component Designator: OldDesignator=C10 NewDesignator=C35
Change Component Designator: OldDesignator=C11 NewDesignator=C36
Change Component Designator: OldDesignator=C12 NewDesignator=C37
Change Component Designator: OldDesignator=C13 NewDesignator=C38
Change Component Designator: OldDesignator=C14 NewDesignator=C39
Change Component Designator: OldDesignator=C15 NewDesignator=C40
Change Component Designator: OldDesignator=C16 NewDesignator=C41
Change Component Designator: OldDesignator=C17 NewDesignator=C42
Change Component Designator: OldDesignator=C18 NewDesignator=C43
Change Component Designator: OldDesignator=C19 NewDesignator=C44
Change Component Designator: OldDesignator=C20 NewDesignator=C45
Change Component Designator: OldDesignator=C21 NewDesignator=C46
Change Component Designator: OldDesignator=C22 NewDesignator=C47
Change Component Designator: OldDesignator=C23 NewDesignator=C48
Change Component Designator: OldDesignator=C24 NewDesignator=C49
Change Component Designator: OldDesignator=C25 NewDesignator=C50
Change Component Designator: OldDesignator=C26 NewDesignator=C51
Change Component Designator: OldDesignator=C27 NewDesignator=C52
Change Component Designator: OldDesignator=C28 NewDesignator=C53
Change Component Designator: OldDesignator=C29 NewDesignator=C54
Change Component Designator: OldDesignator=C30 NewDesignator=C55
Change Component Designator: OldDesignator=C31 NewDesignator=C57
Change Component Designator: OldDesignator=C32 NewDesignator=C58
Change Component Designator: OldDesignator=C33 NewDesignator=C59
Change Component Designator: OldDesignator=C34 NewDesignator=C60
Change Component Designator: OldDesignator=C35 NewDesignator=C61
Change Component Designator: OldDesignator=C36 NewDesignator=C62
Change Component Designator: OldDesignator=C37 NewDesignator=C1
Change Component Designator: OldDesignator=C38 NewDesignator=C2
Change Component Designator: OldDesignator=C39 NewDesignator=C3
Change Component Designator: OldDesignator=C40 NewDesignator=C4
Change Component Designator: OldDesignator=C41 NewDesignator=C5
Change Component Designator: OldDesignator=C42 NewDesignator=C6
Change Component Designator: OldDesignator=C43 NewDesignator=C7
Change Component Designator: OldDesignator=C44 NewDesignator=C8
Change Component Designator: OldDesignator=C45 NewDesignator=C9
Change Component Designator: OldDesignator=C46 NewDesignator=C10
Change Component Designator: OldDesignator=C47 NewDesignator=C11
Change Component Designator: OldDesignator=C48 NewDesignator=C12
Change Component Designator: OldDesignator=C49 NewDesignator=C13
Change Component Designator: OldDesignator=C50 NewDesignator=C14
Change Component Designator: OldDesignator=C51 NewDesignator=C15
Change Component Designator: OldDesignator=C52 NewDesignator=C16
Change Component Designator: OldDesignator=C53 NewDesignator=C17
Change Component Designator: OldDesignator=C54 NewDesignator=C18
Change Component Designator: OldDesignator=C55 NewDesignator=C19
Change Component Designator: OldDesignator=C56 NewDesignator=C20
Change Component Designator: OldDesignator=C57 NewDesignator=C21
Change Component Designator: OldDesignator=C58 NewDesignator=C22
Change Component Designator: OldDesignator=C59 NewDesignator=C23
Change Component Designator: OldDesignator=C60 NewDesignator=C24
Change Component Designator: OldDesignator=C61 NewDesignator=C25
Change Component Designator: OldDesignator=D1 NewDesignator=D3
Change Component Designator: OldDesignator=D2 NewDesignator=D4
Change Component Designator: OldDesignator=D3 NewDesignator=D5
Change Component Designator: OldDesignator=D4 NewDesignator=D6
Change Component Designator: OldDesignator=D5 NewDesignator=D9
Change Component Designator: OldDesignator=D6 NewDesignator=D10
Change Component Designator: OldDesignator=D7 NewDesignator=D11
Change Component Designator: OldDesignator=D8 NewDesignator=D12
Change Component Designator: OldDesignator=D9 NewDesignator=D13
Change Component Designator: OldDesignator=D10 NewDesignator=D14
Change Component Designator: OldDesignator=D11 NewDesignator=D15
Change Component Designator: OldDesignator=D12 NewDesignator=D1
Change Component Designator: OldDesignator=D13 NewDesignator=D2
Change Component Designator: OldDesignator=IC1 NewDesignator=IC3
Change Component Designator: OldDesignator=IC2 NewDesignator=IC4
Change Component Designator: OldDesignator=IC3 NewDesignator=IC5
Change Component Designator: OldDesignator=IC4 NewDesignator=IC6
Change Component Designator: OldDesignator=IC5 NewDesignator=IC7
Change Component Designator: OldDesignator=IC6 NewDesignator=IC1
Change Component Designator: OldDesignator=IC7 NewDesignator=IC2
Change Component Designator: OldDesignator=J1 NewDesignator=J6
Change Component Designator: OldDesignator=J2 NewDesignator=J7
Change Component Designator: OldDesignator=J3 NewDesignator=J8
Change Component Designator: OldDesignator=J4 NewDesignator=J9
Change Component Designator: OldDesignator=J5 NewDesignator=J10
Change Component Designator: OldDesignator=J6 NewDesignator=J11
Change Component Designator: OldDesignator=L1 NewDesignator=L3
Change Component Designator: OldDesignator=L2 NewDesignator=L1
Change Component Designator: OldDesignator=L3 NewDesignator=L2
Change Component Designator: OldDesignator=NTC1 NewDesignator=NTC2
Change Component Designator: OldDesignator=R1 NewDesignator=R11
Change Component Designator: OldDesignator=R2 NewDesignator=R12
Change Component Designator: OldDesignator=R3 NewDesignator=R13
Change Component Designator: OldDesignator=R4 NewDesignator=R14
Change Component Designator: OldDesignator=R5 NewDesignator=R15
Change Component Designator: OldDesignator=R6 NewDesignator=R16
Change Component Designator: OldDesignator=R7 NewDesignator=R17
Change Component Designator: OldDesignator=R8 NewDesignator=R18
Change Component Designator: OldDesignator=R9 NewDesignator=R19
Change Component Designator: OldDesignator=R10 NewDesignator=R20
Change Component Designator: OldDesignator=R11 NewDesignator=R21
Change Component Designator: OldDesignator=R12 NewDesignator=R22
Change Component Designator: OldDesignator=R13 NewDesignator=R23
Change Component Designator: OldDesignator=R14 NewDesignator=R24
Change Component Designator: OldDesignator=R15 NewDesignator=R25
Change Component Designator: OldDesignator=R16 NewDesignator=R26
Change Component Designator: OldDesignator=R17 NewDesignator=R27
Change Component Designator: OldDesignator=R18 NewDesignator=R28
Change Component Designator: OldDesignator=R19 NewDesignator=R29
Change Component Designator: OldDesignator=R20 NewDesignator=R30
Change Component Designator: OldDesignator=R21 NewDesignator=R31
Change Component Designator: OldDesignator=R22 NewDesignator=R32
Change Component Designator: OldDesignator=R23 NewDesignator=R33
Change Component Designator: OldDesignator=R24 NewDesignator=R34
Change Component Designator: OldDesignator=R25 NewDesignator=R36
Change Component Designator: OldDesignator=R26 NewDesignator=R37
Change Component Designator: OldDesignator=R27 NewDesignator=R38
Change Component Designator: OldDesignator=R28 NewDesignator=R39
Change Component Designator: OldDesignator=R29 NewDesignator=R40
Change Component Designator: OldDesignator=R30 NewDesignator=R41
Change Component Designator: OldDesignator=R31 NewDesignator=R42
Change Component Designator: OldDesignator=R32 NewDesignator=R43
Change Component Designator: OldDesignator=R33 NewDesignator=R44
Change Component Designator: OldDesignator=R34 NewDesignator=R1
Change Component Designator: OldDesignator=R35 NewDesignator=R2
Change Component Designator: OldDesignator=R36 NewDesignator=R3
Change Component Designator: OldDesignator=R37 NewDesignator=R4
Change Component Designator: OldDesignator=R38 NewDesignator=R5
Change Component Designator: OldDesignator=R39 NewDesignator=R6
Change Component Designator: OldDesignator=R40 NewDesignator=R7
Change Component Designator: OldDesignator=R41 NewDesignator=R8
Change Component Designator: OldDesignator=R42 NewDesignator=R9
Change Component Designator: OldDesignator=TP1 NewDesignator=TP3
Change Component Designator: OldDesignator=TP2 NewDesignator=TP4
Change Component Designator: OldDesignator=TP3 NewDesignator=TP5
Change Component Designator: OldDesignator=TP4 NewDesignator=TP6
Change Component Designator: OldDesignator=TP5 NewDesignator=TP7
Change Component Designator: OldDesignator=TP6 NewDesignator=TP8
Change Component Designator: OldDesignator=TP7 NewDesignator=TP9
Change Component Designator: OldDesignator=TP8 NewDesignator=TP10
Change Component Designator: OldDesignator=TP9 NewDesignator=TP11
Change Component Designator: OldDesignator=TP10 NewDesignator=TP12
Change Component Designator: OldDesignator=TP11 NewDesignator=TP13
Change Component Designator: OldDesignator=TP12 NewDesignator=TP14
Change Component Designator: OldDesignator=TP13 NewDesignator=TP15
Change Component Designator: OldDesignator=TP14 NewDesignator=TP16
Change Component Designator: OldDesignator=TP15 NewDesignator=TP17
Change Component Designator: OldDesignator=TP16 NewDesignator=TP18
Change Component Designator: OldDesignator=TP17 NewDesignator=TP19
Change Component Designator: OldDesignator=TP18 NewDesignator=TP20
Change Component Designator: OldDesignator=TP19 NewDesignator=TP21
Change Component Designator: OldDesignator=TP20 NewDesignator=TP1
Change Component Designator: OldDesignator=TP21 NewDesignator=TP2
Added Component: Designator=C56(C_1206)
Add component (AddParameter): Name = "Description SEL"; Value = "CAP CER 1UF 100V X7R 1206"; VariantName = "[No Variations]"
Add component (AddParameter): Name = "Footprint Type"; Value = "SMD"; VariantName = "[No Variations]"
Add component (AddParameter): Name = "Manufacturer"; Value = "TDK Corporation"; VariantName = "[No Variations]"
Add component (AddParameter): Name = "Packaging"; Value = ""; VariantName = "[No Variations]"
Add component (AddParameter): Name = "Part Code"; Value = "S1200-000129"; VariantName = "[No Variations]"
Add component (AddParameter): Name = "Part Number"; Value = "C3216X7R2A105K160AA"; VariantName = "[No Variations]"
Add component (AddParameter): Name = "Point"; Value = "2"; VariantName = "[No Variations]"
Add component (AddParameter): Name = "Price"; Value = ""; VariantName = "[No Variations]"
Add component (AddParameter): Name = "Supplier 1"; Value = ""; VariantName = "[No Variations]"
Add component (AddParameter): Name = "Supplier Part Number 1"; Value = ""; VariantName = "[No Variations]"
Added Component: Designator=D7(SOD323F)
Add component (AddParameter): Name = "Category"; Value = "DIODE"; VariantName = "[No Variations]"
Add component (AddParameter): Name = "Current"; Value = "0.2A (DC)"; VariantName = "[No Variations]"
Add component (AddParameter): Name = "Footprint type"; Value = "SMD"; VariantName = "[No Variations]"
Add component (AddParameter): Name = "Footprint/Package"; Value = "SOD-323F"; VariantName = "[No Variations]"
Add component (AddParameter): Name = "Manufacturer"; Value = "Nexperia USA Inc."; VariantName = "[No Variations]"
Add component (AddParameter): Name = "Part Number"; Value = "BAT54HT1G"; VariantName = "[No Variations]"
Add component (AddParameter): Name = "Voltage"; Value = "20 V"; VariantName = "[No Variations]"
Added Component: Designator=D8(SOD323F)
Add component (AddParameter): Name = "Category"; Value = "DIODE"; VariantName = "[No Variations]"
Add component (AddParameter): Name = "Current"; Value = "0.2A (DC)"; VariantName = "[No Variations]"
Add component (AddParameter): Name = "Footprint type"; Value = "SMD"; VariantName = "[No Variations]"
Add component (AddParameter): Name = "Footprint/Package"; Value = "SOD-323F"; VariantName = "[No Variations]"
Add component (AddParameter): Name = "Manufacturer"; Value = "Nexperia USA Inc."; VariantName = "[No Variations]"
Add component (AddParameter): Name = "Part Number"; Value = "BAT54HT1G"; VariantName = "[No Variations]"
Add component (AddParameter): Name = "Voltage"; Value = "20 V"; VariantName = "[No Variations]"
Added Component: Designator=FB2(FERRITEBEAD_1206)
Add component (AddParameter): Name = "Description SEL"; Value = "FERRITE BEAD 270 OHM 1206 1LN"; VariantName = "[No Variations]"
Add component (AddParameter): Name = "Footprint Type"; Value = "SMD"; VariantName = "[No Variations]"
Add component (AddParameter): Name = "Manufacturer"; Value = "Murata Electronics"; VariantName = "[No Variations]"
Add component (AddParameter): Name = "Packaging"; Value = ""; VariantName = "[No Variations]"
Add component (AddParameter): Name = "Part Code"; Value = "S1100-000016"; VariantName = "[No Variations]"
Add component (AddParameter): Name = "Part Number"; Value = "BLM31KN271SH1L"; VariantName = "[No Variations]"
Add component (AddParameter): Name = "Point"; Value = "2"; VariantName = "[No Variations]"
Add component (AddParameter): Name = "Price"; Value = ""; VariantName = "[No Variations]"
Add component (AddParameter): Name = "Supplier 1"; Value = ""; VariantName = "[No Variations]"
Add component (AddParameter): Name = "Supplier Part Number 1"; Value = ""; VariantName = "[No Variations]"
Add component (AddParameter): Name = "Value"; Value = "270Ohm"; VariantName = "[No Variations]"
Added Component: Designator=J1(Hole_4.2mm)
Add component (AddParameter): Name = "Footprint type"; Value = "TH"; VariantName = "[No Variations]"
Add component (AddParameter): Name = "Footprint/Package"; Value = "Nonstandard"; VariantName = "[No Variations]"
Add component (AddParameter): Name = "Part Number"; Value = ""; VariantName = "[No Variations]"
Added Component: Designator=J2(Hole_4.2mm)
Add component (AddParameter): Name = "Footprint type"; Value = "TH"; VariantName = "[No Variations]"
Add component (AddParameter): Name = "Footprint/Package"; Value = "Nonstandard"; VariantName = "[No Variations]"
Add component (AddParameter): Name = "Part Number"; Value = ""; VariantName = "[No Variations]"
Added Component: Designator=J3(Hole_4.2mm)
Add component (AddParameter): Name = "Footprint type"; Value = "TH"; VariantName = "[No Variations]"
Add component (AddParameter): Name = "Footprint/Package"; Value = "Nonstandard"; VariantName = "[No Variations]"
Add component (AddParameter): Name = "Part Number"; Value = ""; VariantName = "[No Variations]"
Added Component: Designator=J4(Hole_4.2mm)
Add component (AddParameter): Name = "Footprint type"; Value = "TH"; VariantName = "[No Variations]"
Add component (AddParameter): Name = "Footprint/Package"; Value = "Nonstandard"; VariantName = "[No Variations]"
Add component (AddParameter): Name = "Part Number"; Value = ""; VariantName = "[No Variations]"
Added Component: Designator=J5(HEADER_2X7)
Add component (AddParameter): Name = "Description SEL"; Value = "Header_2x7_2p54"; VariantName = "[No Variations]"
Add component (AddParameter): Name = "Footprint Type"; Value = "TH"; VariantName = "[No Variations]"
Add component (AddParameter): Name = "Manufacturer"; Value = ""; VariantName = "[No Variations]"
Add component (AddParameter): Name = "Packaging"; Value = ""; VariantName = "[No Variations]"
Add component (AddParameter): Name = "Part Code"; Value = "S1900-000013"; VariantName = "[No Variations]"
Add component (AddParameter): Name = "Part Number"; Value = ""; VariantName = "[No Variations]"
Add component (AddParameter): Name = "Point"; Value = "14"; VariantName = "[No Variations]"
Add component (AddParameter): Name = "Price"; Value = ""; VariantName = "[No Variations]"
Add component (AddParameter): Name = "Supplier 1"; Value = ""; VariantName = "[No Variations]"
Add component (AddParameter): Name = "Supplier Part Number 1"; Value = ""; VariantName = "[No Variations]"
Add component (AddParameter): Name = "Value"; Value = ""; VariantName = "[No Variations]"
Added Component: Designator=NTC1(NTC 0805)
Add component (AddParameter): Name = "Description SEL"; Value = "RES 10K OHM 1/10W 0.1% 0603"; VariantName = "[No Variations]"
Add component (AddParameter): Name = "Footprint Type"; Value = "SMD"; VariantName = "[No Variations]"
Add component (AddParameter): Name = "Manufacturer"; Value = "YAGEO"; VariantName = "[No Variations]"
Add component (AddParameter): Name = "Packaging"; Value = ""; VariantName = "[No Variations]"
Add component (AddParameter): Name = "Part Code"; Value = "S1100-000169"; VariantName = "[No Variations]"
Add component (AddParameter): Name = "Part Number"; Value = "RE0603BRE0710KL"; VariantName = "[No Variations]"
Add component (AddParameter): Name = "Point"; Value = "2"; VariantName = "[No Variations]"
Add component (AddParameter): Name = "Power"; Value = "1/10W"; VariantName = "[No Variations]"
Add component (AddParameter): Name = "Price"; Value = ""; VariantName = "[No Variations]"
Add component (AddParameter): Name = "Supplier 1"; Value = ""; VariantName = "[No Variations]"
Add component (AddParameter): Name = "Supplier Part Number 1"; Value = ""; VariantName = "[No Variations]"
Add component (AddParameter): Name = "Tolerance"; Value = "0.1%"; VariantName = "[No Variations]"
Add Component: Footprint Not Found RES-SMD-0603
Added Component: Designator=R35(R_0603)
Add component (AddParameter): Name = "Description SEL"; Value = "RES 10K OHM 1% 1/10W 0603"; VariantName = "[No Variations]"
Add component (AddParameter): Name = "Footprint Type"; Value = "SMD"; VariantName = "[No Variations]"
Add component (AddParameter): Name = "Manufacturer"; Value = "YAGEO"; VariantName = "[No Variations]"
Add component (AddParameter): Name = "Packaging"; Value = ""; VariantName = "[No Variations]"
Add component (AddParameter): Name = "Part Code"; Value = "S1100-000043"; VariantName = "[No Variations]"
Add component (AddParameter): Name = "Part Number"; Value = "RC0603FR-7W10KL"; VariantName = "[No Variations]"
Add component (AddParameter): Name = "Point"; Value = "2"; VariantName = "[No Variations]"
Add component (AddParameter): Name = "Power"; Value = "1/10W"; VariantName = "[No Variations]"
Add component (AddParameter): Name = "Price"; Value = ""; VariantName = "[No Variations]"
Add component (AddParameter): Name = "Supplier 1"; Value = ""; VariantName = "[No Variations]"
Add component (AddParameter): Name = "Supplier Part Number 1"; Value = ""; VariantName = "[No Variations]"
Add component (AddParameter): Name = "Tolerance"; Value = "1%"; VariantName = "[No Variations]"
Add component (AddParameter): Name = "Value"; Value = "0"; VariantName = "[No Variations]"
Added Pin To Net: NetName=P_GND Pin=C56-1
Added Pin To Net: NetName=P_GND Pin=C56-2
Added Pin To Net: NetName=NetC26_1 Pin=D7-1
Added Pin To Net: NetName=VDD_5P0 Pin=D7-2
Added Pin To Net: NetName=NetC27_1 Pin=D8-1
Added Pin To Net: NetName=VDD_5P0 Pin=D8-2
Added Pin To Net: NetName=VDD_5P0 Pin=D12-2
Added Pin To Net: NetName=VDD_5P0 Pin=D13-2
Added Pin To Net: NetName=VDD_12P0 Pin=FB2-1
Added Pin To Net: NetName=V_in Pin=J1-1
Added Pin To Net: NetName=P_GND Pin=J2-1
Added Pin To Net: NetName=V_Out Pin=J3-1
Added Pin To Net: NetName=P_GND Pin=J4-1
Added Pin To Net: NetName=P_GND Pin=J5-1
Added Pin To Net: NetName=NetC33_2 Pin=J5-2
Added Pin To Net: NetName=HI Pin=J5-3
Added Pin To Net: NetName=NetC32_2 Pin=J5-4
Added Pin To Net: NetName=LI Pin=J5-5
Added Pin To Net: NetName=NetC36_2 Pin=J5-6
Added Pin To Net: NetName=P_GND Pin=J5-8
Added Pin To Net: NetName=NetC35_2 Pin=J5-10
Added Pin To Net: NetName=NetC34_2 Pin=J5-12
Added Pin To Net: NetName=NetC25_1 Pin=J5-13
Added Pin To Net: NetName=NetC29_2 Pin=J5-14
Added Pin To Net: NetName=P_GND Pin=NTC1-1
Added Pin To Net: NetName=NetC29_2 Pin=NTC1-2
Add Pin To Net: Unknown Pin: Pin R10-1
Add Pin To Net: Unknown Pin: Pin R10-2
Added Pin To Net: NetName=P_GND Pin=R35-1
Added Pin To Net: NetName=P_GND Pin=R35-2
Change Net Name : Old Net Name=NetC1_2 New Net Name=NetC26_2
Change Net Name : Old Net Name=NetC11_2 New Net Name=NetC36_2
Change Net Name : Old Net Name=NetC12_1 New Net Name=NetC37_1
Change Net Name : Old Net Name=NetC19_2 New Net Name=NetC44_2
Change Net Name : Old Net Name=NetC21_2 New Net Name=NetC46_2
Change Net Name : Old Net Name=NetC25_1 New Net Name=NetC50_1
Change Net Name : Old Net Name=NetC26_1 New Net Name=NetC51_1
Change Net Name : Old Net Name=NetC27_1 New Net Name=NetC52_1
Change Net Name : Old Net Name=NetC29_2 New Net Name=NetC54_2
Change Net Name : Old Net Name=NetC31_2 New Net Name=NetC57_2
Change Net Name : Old Net Name=NetC32_2 New Net Name=NetC58_2
Change Net Name : Old Net Name=NetC33_2 New Net Name=NetC59_2
Change Net Name : Old Net Name=NetC34_2 New Net Name=NetC60_2
Change Net Name : Old Net Name=NetC35_2 New Net Name=NetC61_2
Change Net Name : Old Net Name=NetC36_2 New Net Name=NetC62_2
Change Net Name : Old Net Name=NetC37_1 New Net Name=NetC1_1
Change Net Name : Old Net Name=NetC37_2 New Net Name=NetC1_2
Change Net Name : Old Net Name=NetC38_1 New Net Name=NetC2_1
Change Net Name : Old Net Name=NetC44_2 New Net Name=NetC8_2
Change Net Name : Old Net Name=NetC49_1 New Net Name=NetC13_1
Change Net Name : Old Net Name=NetC50_1 New Net Name=NetC14_1
Change Net Name : Old Net Name=NetC51_1 New Net Name=NetC15_1
Change Net Name : Old Net Name=NetC53_2 New Net Name=NetC17_2
Change Net Name : Old Net Name=NetD1_1 New Net Name=NetD3_1
Change Net Name : Old Net Name=NetD2_1 New Net Name=NetD4_1
Change Net Name : Old Net Name=NetD3_1 New Net Name=NetD5_1
Change Net Name : Old Net Name=NetD7_2 New Net Name=NetD11_2
Change Net Name : Old Net Name=NetD13_2 New Net Name=NetD2_2
Change Net Name : Old Net Name=NetIC2_4 New Net Name=NetIC4_4
Change Net Name : Old Net Name=NetIC4_5 New Net Name=NetIC6_5
Change Net Name : Old Net Name=NetIC6_4 New Net Name=NetIC1_4
Change Net Name : Old Net Name=NetIC6_6 New Net Name=NetIC1_6
Change Net Name : Old Net Name=NetR27_1 New Net Name=NetR38_1
Change Net Name : Old Net Name=NetR28_1 New Net Name=NetR39_1
Add Net: Net with name "12P0_ISO" already exists
Added Pin To Net: NetName=NetD10_1 Pin=D10-1
Added Pin To Net: NetName=NetD10_1 Pin=J5-7
Added Pin To Net: NetName=NetD10_1 Pin=J10-6
Added Net: Name=NetD10_1
Added Pin To Net: NetName=NetFB2_2 Pin=FB2-2
Added Pin To Net: NetName=NetFB2_2 Pin=J11-1
Added Net: Name=NetFB2_2
Added Pin To Net: NetName=NetJ10_18 Pin=J10-18
Added Pin To Net: NetName=NetJ10_18 Pin=J10-23
Added Net: Name=NetJ10_18
Change Class Name : Old Net Name=Sync_Buck New Net Name=Power Converter
Added Class: Name=Block Diagram
Added Member To Class: ClassName=Power Converter Member=Component C56 1nF 100V
Added Member To Class: ClassName=Power Converter Member=Component D12 PMEG2010AEJ,115
Added Member To Class: ClassName=Power Converter Member=Component D15 PMEG2010AEJ,115
Added Member To Class: ClassName=Power Converter Member=Component FB2 FerriteBead_1206_270Ohm
Added Member To Class: ClassName=Power Converter Member=Component R35 0603
Added Room: Name=Block Diagram
Added Room: Name=Power Converter
Added Room: Name=Power Supply
