Removed Pin From Net: NetName=VDD_12P0 Pin=C22-2
Removed Pin From Net: NetName=VDD_12P0 Pin=C50-1
Removed Pin From Net: NetName=VDD_12P0 Pin=D1-2
Removed Pin From Net: NetName=V_In_Cap Pin=FB1-1
Removed Pin From Net: NetName=VDD_12P0 Pin=FB3-1
Removed Pin From Net: NetName=VDD_12P0 Pin=IC7-11
Removed Pin From Net: NetName=P_GND Pin=L3-3
Removed Pin From Net: NetName=INB- Pin=Q3-3
Removed Pin From Net: NetName=VDD_12P0 Pin=R8-1
Removed Pin From Net: NetName=VDD_12P0 Pin=R23-1
Removed Pin From Net: NetName=INB- Pin=SW1-1
Change Component Comment : Designator=R34 Old Comment=1k New Comment=10k
Change Component Comment : Designator=R37 Old Comment=1k New Comment=47k
Change Component Comment : Designator=C8 Old Comment=22uF New Comment=10uF
Change Component Comment : Designator=C9 Old Comment=22uF New Comment=10uF
Change Component Comment : Designator=L2 Old Comment=HCM1A1307V2-220-R New Comment=
Change Component Designator: OldDesignator=C1 NewDesignator=C38
Change Component Designator: OldDesignator=C2 NewDesignator=C39
Change Component Designator: OldDesignator=C3 NewDesignator=C40
Change Component Designator: OldDesignator=C4 NewDesignator=C41
Change Component Designator: OldDesignator=C5 NewDesignator=C42
Change Component Designator: OldDesignator=C6 NewDesignator=C43
Change Component Designator: OldDesignator=C7 NewDesignator=C44
Change Component Designator: OldDesignator=C8 NewDesignator=C45
Change Component Designator: OldDesignator=C9 NewDesignator=C46
Change Component Designator: OldDesignator=C10 NewDesignator=C47
Change Component Designator: OldDesignator=C11 NewDesignator=C48
Change Component Designator: OldDesignator=C12 NewDesignator=C49
Change Component Designator: OldDesignator=C13 NewDesignator=C50
Change Component Designator: OldDesignator=C14 NewDesignator=C51
Change Component Designator: OldDesignator=C15 NewDesignator=C52
Change Component Designator: OldDesignator=C16 NewDesignator=C53
Change Component Designator: OldDesignator=C17 NewDesignator=C54
Change Component Designator: OldDesignator=C18 NewDesignator=C55
Change Component Designator: OldDesignator=C19 NewDesignator=C56
Change Component Designator: OldDesignator=C20 NewDesignator=C57
Change Component Designator: OldDesignator=C21 NewDesignator=C58
Change Component Designator: OldDesignator=C22 NewDesignator=C59
Change Component Designator: OldDesignator=C23 NewDesignator=C1
Change Component Designator: OldDesignator=C24 NewDesignator=C2
Change Component Designator: OldDesignator=C25 NewDesignator=C3
Change Component Designator: OldDesignator=C26 NewDesignator=C4
Change Component Designator: OldDesignator=C27 NewDesignator=C5
Change Component Designator: OldDesignator=C28 NewDesignator=C6
Change Component Designator: OldDesignator=C29 NewDesignator=C7
Change Component Designator: OldDesignator=C30 NewDesignator=C8
Change Component Designator: OldDesignator=C31 NewDesignator=C9
Change Component Designator: OldDesignator=C32 NewDesignator=C10
Change Component Designator: OldDesignator=C33 NewDesignator=C11
Change Component Designator: OldDesignator=C34 NewDesignator=C12
Change Component Designator: OldDesignator=C35 NewDesignator=C13
Change Component Designator: OldDesignator=C36 NewDesignator=C14
Change Component Designator: OldDesignator=C37 NewDesignator=C15
Change Component Designator: OldDesignator=C38 NewDesignator=C16
Change Component Designator: OldDesignator=C39 NewDesignator=C17
Change Component Designator: OldDesignator=C40 NewDesignator=C18
Change Component Designator: OldDesignator=C41 NewDesignator=C19
Change Component Designator: OldDesignator=C42 NewDesignator=C20
Change Component Designator: OldDesignator=C43 NewDesignator=C21
Change Component Designator: OldDesignator=C44 NewDesignator=C22
Change Component Designator: OldDesignator=C45 NewDesignator=C23
Change Component Designator: OldDesignator=C46 NewDesignator=C24
Change Component Designator: OldDesignator=C47 NewDesignator=C25
Change Component Designator: OldDesignator=C48 NewDesignator=C26
Change Component Designator: OldDesignator=C49 NewDesignator=C27
Change Component Designator: OldDesignator=C50 NewDesignator=C28
Change Component Designator: OldDesignator=C51 NewDesignator=C30
Change Component Designator: OldDesignator=C52 NewDesignator=C31
Change Component Designator: OldDesignator=C53 NewDesignator=C32
Change Component Designator: OldDesignator=C54 NewDesignator=C33
Change Component Designator: OldDesignator=C55 NewDesignator=C34
Change Component Designator: OldDesignator=C56 NewDesignator=C35
Change Component Designator: OldDesignator=C57 NewDesignator=C36
Change Component Designator: OldDesignator=C58 NewDesignator=C37
Change Component Designator: OldDesignator=D1 NewDesignator=D24
Change Component Designator: OldDesignator=D2 NewDesignator=D25
Change Component Designator: OldDesignator=D3 NewDesignator=D26
Change Component Designator: OldDesignator=D4 NewDesignator=D1
Change Component Designator: OldDesignator=D5 NewDesignator=D2
Change Component Designator: OldDesignator=D6 NewDesignator=D3
Change Component Designator: OldDesignator=D7 NewDesignator=D10
Change Component Designator: OldDesignator=D8 NewDesignator=D4
Change Component Designator: OldDesignator=D9 NewDesignator=D5
Change Component Designator: OldDesignator=D10 NewDesignator=D6
Change Component Designator: OldDesignator=D13 NewDesignator=D16
Change Component Designator: OldDesignator=D14 NewDesignator=D17
Change Component Designator: OldDesignator=D15 NewDesignator=D19
Change Component Designator: OldDesignator=D16 NewDesignator=D20
Change Component Designator: OldDesignator=D17 NewDesignator=D21
Change Component Designator: OldDesignator=D18 NewDesignator=D22
Change Component Designator: OldDesignator=FB1 NewDesignator=FB2
Change Component Designator: OldDesignator=FB3 NewDesignator=FB1
Change Component Designator: OldDesignator=IC1 NewDesignator=IC6
Change Component Designator: OldDesignator=IC2 NewDesignator=IC7
Change Component Designator: OldDesignator=IC3 NewDesignator=IC1
Change Component Designator: OldDesignator=IC4 NewDesignator=IC2
Change Component Designator: OldDesignator=IC5 NewDesignator=IC3
Change Component Designator: OldDesignator=IC6 NewDesignator=IC4
Change Component Designator: OldDesignator=IC7 NewDesignator=IC5
Change Component Designator: OldDesignator=J6 NewDesignator=J7
Change Component Designator: OldDesignator=L1 NewDesignator=L2
Change Component Designator: OldDesignator=L2 NewDesignator=L3
Change Component Designator: OldDesignator=L3 NewDesignator=L1
Change Component Designator: OldDesignator=Q3 NewDesignator=Q5
Change Component Designator: OldDesignator=R1 NewDesignator=R62
Change Component Designator: OldDesignator=R2 NewDesignator=R64
Change Component Designator: OldDesignator=R3 NewDesignator=R65
Change Component Designator: OldDesignator=R4 NewDesignator=R66
Change Component Designator: OldDesignator=R5 NewDesignator=R67
Change Component Designator: OldDesignator=R6 NewDesignator=R69
Change Component Designator: OldDesignator=R7 NewDesignator=R70
Change Component Designator: OldDesignator=R8 NewDesignator=R71
Change Component Designator: OldDesignator=R9 NewDesignator=R72
Change Component Designator: OldDesignator=R10 NewDesignator=R1
Change Component Designator: OldDesignator=R11 NewDesignator=R3
Change Component Designator: OldDesignator=R12 NewDesignator=R4
Change Component Designator: OldDesignator=R13 NewDesignator=R7
Change Component Designator: OldDesignator=R14 NewDesignator=R9
Change Component Designator: OldDesignator=R15 NewDesignator=R11
Change Component Designator: OldDesignator=R16 NewDesignator=R12
Change Component Designator: OldDesignator=R17 NewDesignator=R13
Change Component Designator: OldDesignator=R18 NewDesignator=R14
Change Component Designator: OldDesignator=R19 NewDesignator=R15
Change Component Designator: OldDesignator=R20 NewDesignator=R16
Change Component Designator: OldDesignator=R21 NewDesignator=R17
Change Component Designator: OldDesignator=R22 NewDesignator=R18
Change Component Designator: OldDesignator=R23 NewDesignator=R19
Change Component Designator: OldDesignator=R24 NewDesignator=R20
Change Component Designator: OldDesignator=R25 NewDesignator=R21
Change Component Designator: OldDesignator=R26 NewDesignator=R23
Change Component Designator: OldDesignator=R27 NewDesignator=R24
Change Component Designator: OldDesignator=R28 NewDesignator=R25
Change Component Designator: OldDesignator=R29 NewDesignator=R26
Change Component Designator: OldDesignator=R30 NewDesignator=R28
Change Component Designator: OldDesignator=R31 NewDesignator=R29
Change Component Designator: OldDesignator=R32 NewDesignator=R30
Change Component Designator: OldDesignator=R33 NewDesignator=R31
Change Component Designator: OldDesignator=R34 NewDesignator=R40
Change Component Designator: OldDesignator=R35 NewDesignator=R36
Change Component Designator: OldDesignator=R36 NewDesignator=R37
Change Component Designator: OldDesignator=R37 NewDesignator=R42
Change Component Designator: OldDesignator=R38 NewDesignator=R39
Change Component Designator: OldDesignator=R39 NewDesignator=R45
Change Component Designator: OldDesignator=R40 NewDesignator=R46
Change Component Designator: OldDesignator=R41 NewDesignator=R48
Change Component Designator: OldDesignator=R42 NewDesignator=R49
Change Component Designator: OldDesignator=R43 NewDesignator=R47
Change Component Designator: OldDesignator=R44 NewDesignator=R52
Change Component Designator: OldDesignator=R45 NewDesignator=R53
Change Component Designator: OldDesignator=R46 NewDesignator=R55
Change Component Designator: OldDesignator=R47 NewDesignator=R57
Change Component Designator: OldDesignator=R48 NewDesignator=R58
Change Component Designator: OldDesignator=R49 NewDesignator=R59
Change Component Designator: OldDesignator=R50 NewDesignator=R60
Change Component Designator: OldDesignator=R51 NewDesignator=R61
Change Component Designator: OldDesignator=TP1 NewDesignator=TP22
Change Component Designator: OldDesignator=TP2 NewDesignator=TP23
Change Component Designator: OldDesignator=TP3 NewDesignator=TP1
Change Component Designator: OldDesignator=TP7 NewDesignator=TP5
Change Component Designator: OldDesignator=TP11 NewDesignator=TP9
Change Component Designator: OldDesignator=TP12 NewDesignator=TP10
Change Component Designator: OldDesignator=TP13 NewDesignator=TP11
Change Component Designator: OldDesignator=TP14 NewDesignator=TP12
Change Component Designator: OldDesignator=TP15 NewDesignator=TP13
Change Component Designator: OldDesignator=TP16 NewDesignator=TP14
Change Component Designator: OldDesignator=TP17 NewDesignator=TP15
Change Component Designator: OldDesignator=TP18 NewDesignator=TP16
Change Component Designator: OldDesignator=TP19 NewDesignator=TP17
Change Component Designator: OldDesignator=TP20 NewDesignator=TP18
Change Component Designator: OldDesignator=TP21 NewDesignator=TP19
Change Component Designator: OldDesignator=TP22 NewDesignator=TP20
Change Component Designator: OldDesignator=TP23 NewDesignator=TP21
Change Component Description : Designator=R72 Old Description=RES 4.7K OHM 1% 1/10W 0603 New Description=RES 2K OHM 1% 1/10W 0603
Change Component Description : Designator=R40 Old Description=RES 200K OHM 1% 1/10W 0603 New Description=RES 10K OHM 1% 1/10W 0603
Change Component Description : Designator=R42 Old Description=RES 200K OHM 1% 1/10W 0603 New Description=RES 47K OHM 1% 1/10W 0603
Change component parameters: Designator = "R9" ("R9"); Footprint = "R_0603"; UniqueID = "\ADJZJGLV" ("\ADJZJGLV")
Change component parameters (AddParameter): Name = "Description SEL"; Value = "RES 4.7K OHM 1% 1/10W 0603"; VariantName = "[No Variations]"
Change component parameters (AddParameter): Name = "Footprint Type"; Value = "SMD"; VariantName = "[No Variations]"
Change component parameters (AddParameter): Name = "Manufacturer"; Value = "YAGEO"; VariantName = "[No Variations]"
Change component parameters (AddParameter): Name = "Packaging"; Value = ""; VariantName = "[No Variations]"
Change component parameters (AddParameter): Name = "Part Code"; Value = "S1100-000158"; VariantName = "[No Variations]"
Change component parameters (AddParameter): Name = "Part Number"; Value = "RC0603FR-074K7L"; VariantName = "[No Variations]"
Change component parameters (AddParameter): Name = "Point"; Value = "2"; VariantName = "[No Variations]"
Change component parameters (AddParameter): Name = "Power"; Value = "1/10W"; VariantName = "[No Variations]"
Change component parameters (AddParameter): Name = "Price"; Value = ""; VariantName = "[No Variations]"
Change component parameters (AddParameter): Name = "Supplier 1"; Value = ""; VariantName = "[No Variations]"
Change component parameters (AddParameter): Name = "Supplier Part Number 1"; Value = ""; VariantName = "[No Variations]"
Change component parameters (AddParameter): Name = "Tolerance"; Value = "1%"; VariantName = "[No Variations]"
Change component parameters (AddParameter): Name = "Value"; Value = "2kOhm"; VariantName = "[No Variations]"
Added Component: Designator=C29(C_0805)
Add component (AddParameter): Name = "Description SEL"; Value = "CAP CER 10uF 16V X7R 0805"; VariantName = "[No Variations]"
Add component (AddParameter): Name = "Footprint Type"; Value = "SMD"; VariantName = "[No Variations]"
Add component (AddParameter): Name = "Manufacturer"; Value = "Kemet"; VariantName = "[No Variations]"
Add component (AddParameter): Name = "Packaging"; Value = ""; VariantName = "[No Variations]"
Add component (AddParameter): Name = "Part Code"; Value = "S1200-000116"; VariantName = "[No Variations]"
Add component (AddParameter): Name = "Part Number"; Value = "CL21A106KOCLRNC"; VariantName = "[No Variations]"
Add component (AddParameter): Name = "Point"; Value = "2"; VariantName = "[No Variations]"
Add component (AddParameter): Name = "Price"; Value = ""; VariantName = "[No Variations]"
Add component (AddParameter): Name = "Supplier 1"; Value = ""; VariantName = "[No Variations]"
Add component (AddParameter): Name = "Supplier Part Number 1"; Value = ""; VariantName = "[No Variations]"
Add component (AddParameter): Name = "Value"; Value = "16V"; VariantName = "[No Variations]"
Added Component: Designator=D7(SOD123)
Add component (AddParameter): Name = "Category"; Value = "DIODE"; VariantName = "[No Variations]"
Add component (AddParameter): Name = "Current"; Value = "1A (DC)"; VariantName = "[No Variations]"
Add component (AddParameter): Name = "Footprint type"; Value = "SMD"; VariantName = "[No Variations]"
Add component (AddParameter): Name = "Footprint/Package"; Value = "SOD-323F"; VariantName = "[No Variations]"
Add component (AddParameter): Name = "Manufacturer"; Value = "Nexperia USA Inc."; VariantName = "[No Variations]"
Add component (AddParameter): Name = "Part Number"; Value = "PMEG2010AEJ,115"; VariantName = "[No Variations]"
Add component (AddParameter): Name = "Voltage"; Value = "20 V"; VariantName = "[No Variations]"
Added Component: Designator=D8(SM-LED-0805-Red)
Add component (AddParameter): Name = "Category"; Value = "LED"; VariantName = "[No Variations]"
Add component (AddParameter): Name = "Footprint type"; Value = "SMD"; VariantName = "[No Variations]"
Add component (AddParameter): Name = "Manufacturer"; Value = "OSRAM Opto Semiconductors Inc."; VariantName = "[No Variations]"
Add component (AddParameter): Name = "Part Number"; Value = "LS R976-NR-1"; VariantName = "[No Variations]"
Added Component: Designator=D9(SOD323F)
Add component (AddParameter): Name = "Category"; Value = "DIODE"; VariantName = "[No Variations]"
Add component (AddParameter): Name = "Current"; Value = "1A (DC)"; VariantName = "[No Variations]"
Add component (AddParameter): Name = "Footprint type"; Value = "SMD"; VariantName = "[No Variations]"
Add component (AddParameter): Name = "Footprint/Package"; Value = "SOD-323F"; VariantName = "[No Variations]"
Add component (AddParameter): Name = "Manufacturer"; Value = "Nexperia USA Inc."; VariantName = "[No Variations]"
Add component (AddParameter): Name = "Part Number"; Value = "PMEG2010AEJ,115"; VariantName = "[No Variations]"
Add component (AddParameter): Name = "Voltage"; Value = "20 V"; VariantName = "[No Variations]"
Added Component: Designator=D11(SOD123)
Add component (AddParameter): Name = "Category"; Value = "DIODE"; VariantName = "[No Variations]"
Add component (AddParameter): Name = "Current"; Value = "1A (DC)"; VariantName = "[No Variations]"
Add component (AddParameter): Name = "Footprint type"; Value = "SMD"; VariantName = "[No Variations]"
Add component (AddParameter): Name = "Footprint/Package"; Value = "SOD-323F"; VariantName = "[No Variations]"
Add component (AddParameter): Name = "Manufacturer"; Value = "Nexperia USA Inc."; VariantName = "[No Variations]"
Add component (AddParameter): Name = "Part Number"; Value = "PMEG2010AEJ,115"; VariantName = "[No Variations]"
Add component (AddParameter): Name = "Voltage"; Value = "20 V"; VariantName = "[No Variations]"
Added Component: Designator=D12(SOD323F)
Add component (AddParameter): Name = "Category"; Value = "DIODE"; VariantName = "[No Variations]"
Add component (AddParameter): Name = "Current"; Value = "1A (DC)"; VariantName = "[No Variations]"
Add component (AddParameter): Name = "Footprint type"; Value = "SMD"; VariantName = "[No Variations]"
Add component (AddParameter): Name = "Footprint/Package"; Value = "SOD-323F"; VariantName = "[No Variations]"
Add component (AddParameter): Name = "Manufacturer"; Value = "Nexperia USA Inc."; VariantName = "[No Variations]"
Add component (AddParameter): Name = "Part Number"; Value = "PMEG2010AEJ,115"; VariantName = "[No Variations]"
Add component (AddParameter): Name = "Voltage"; Value = "20 V"; VariantName = "[No Variations]"
Added Component: Designator=D13(SOD323F)
Add component (AddParameter): Name = "Category"; Value = "DIODE"; VariantName = "[No Variations]"
Add component (AddParameter): Name = "Current"; Value = "1A (DC)"; VariantName = "[No Variations]"
Add component (AddParameter): Name = "Footprint type"; Value = "SMD"; VariantName = "[No Variations]"
Add component (AddParameter): Name = "Footprint/Package"; Value = "SOD-323F"; VariantName = "[No Variations]"
Add component (AddParameter): Name = "Manufacturer"; Value = "Nexperia USA Inc."; VariantName = "[No Variations]"
Add component (AddParameter): Name = "Part Number"; Value = "PMEG2010AEJ,115"; VariantName = "[No Variations]"
Add component (AddParameter): Name = "Voltage"; Value = "20 V"; VariantName = "[No Variations]"
Added Component: Designator=D14(SOD323F)
Add component (AddParameter): Name = "Category"; Value = "DIODE"; VariantName = "[No Variations]"
Add component (AddParameter): Name = "Current"; Value = "1A (DC)"; VariantName = "[No Variations]"
Add component (AddParameter): Name = "Footprint type"; Value = "SMD"; VariantName = "[No Variations]"
Add component (AddParameter): Name = "Footprint/Package"; Value = "SOD-323F"; VariantName = "[No Variations]"
Add component (AddParameter): Name = "Manufacturer"; Value = "Nexperia USA Inc."; VariantName = "[No Variations]"
Add component (AddParameter): Name = "Part Number"; Value = "PMEG2010AEJ,115"; VariantName = "[No Variations]"
Add component (AddParameter): Name = "Voltage"; Value = "20 V"; VariantName = "[No Variations]"
Added Component: Designator=D15(SOD323F)
Add component (AddParameter): Name = "Category"; Value = "DIODE"; VariantName = "[No Variations]"
Add component (AddParameter): Name = "Current"; Value = "1A (DC)"; VariantName = "[No Variations]"
Add component (AddParameter): Name = "Footprint type"; Value = "SMD"; VariantName = "[No Variations]"
Add component (AddParameter): Name = "Footprint/Package"; Value = "SOD-323F"; VariantName = "[No Variations]"
Add component (AddParameter): Name = "Manufacturer"; Value = "Nexperia USA Inc."; VariantName = "[No Variations]"
Add component (AddParameter): Name = "Part Number"; Value = "PMEG2010AEJ,115"; VariantName = "[No Variations]"
Add component (AddParameter): Name = "Voltage"; Value = "20 V"; VariantName = "[No Variations]"
Added Component: Designator=D18(SOD323F)
Add component (AddParameter): Name = "Category"; Value = "DIODE"; VariantName = "[No Variations]"
Add component (AddParameter): Name = "Current"; Value = "1A (DC)"; VariantName = "[No Variations]"
Add component (AddParameter): Name = "Footprint type"; Value = "SMD"; VariantName = "[No Variations]"
Add component (AddParameter): Name = "Footprint/Package"; Value = "SOD-323F"; VariantName = "[No Variations]"
Add component (AddParameter): Name = "Manufacturer"; Value = "Nexperia USA Inc."; VariantName = "[No Variations]"
Add component (AddParameter): Name = "Part Number"; Value = "PMEG2010AEJ,115"; VariantName = "[No Variations]"
Add component (AddParameter): Name = "Voltage"; Value = "20 V"; VariantName = "[No Variations]"
Added Component: Designator=D23(DIODE_Schottky_DO214)
Add component (AddParameter): Name = "Description SEL"; Value = "DIODE SCHOTTKY 100V 2A SMA"; VariantName = "[No Variations]"
Add component (AddParameter): Name = "Footprint Type"; Value = "SMA"; VariantName = "[No Variations]"
Add component (AddParameter): Name = "Manufacturer"; Value = "SMC Diode Solutions"; VariantName = "[No Variations]"
Add component (AddParameter): Name = "Packaging"; Value = "DIODE_Schottky_DO214"; VariantName = "[No Variations]"
Add component (AddParameter): Name = "Part Code"; Value = "S1500-000030"; VariantName = "[No Variations]"
Add component (AddParameter): Name = "Part Number"; Value = "SS210A"; VariantName = "[No Variations]"
Add component (AddParameter): Name = "Point"; Value = "2"; VariantName = "[No Variations]"
Add component (AddParameter): Name = "Price"; Value = ""; VariantName = "[No Variations]"
Add component (AddParameter): Name = "Supplier 1"; Value = ""; VariantName = "[No Variations]"
Add component (AddParameter): Name = "Supplier Part Number 1"; Value = ""; VariantName = "[No Variations]"
Add component (AddParameter): Name = "Value"; Value = "2A 100V"; VariantName = "[No Variations]"
Added Component: Designator=F1(Fuse-SMD-1206)
Add component (AddParameter): Name = "Arrow Part Number"; Value = "0679L1000-01"; VariantName = "[No Variations]"
Add component (AddParameter): Name = "Arrow Price/Stock"; Value = "https://www.arrow.com/en/products/0679l1000-01/bel-group"; VariantName = "[No Variations]"
Add component (AddParameter): Name = "Datasheet Link"; Value = "https://belfuse.com/resources/datasheets/circuitprotection/ds-cp-0679l-series.pdf"; VariantName = "[No Variations]"
Add component (AddParameter): Name = "Height"; Value = "2.79mm"; VariantName = "[No Variations]"
Add component (AddParameter): Name = "Manufacturer_Name"; Value = "Bel Circuit Protection"; VariantName = "[No Variations]"
Add component (AddParameter): Name = "Manufacturer_Part_Number"; Value = "0679L1000-01"; VariantName = "[No Variations]"
Add component (AddParameter): Name = "Mouser Part Number"; Value = ""; VariantName = "[No Variations]"
Add component (AddParameter): Name = "Mouser Price/Stock"; Value = ""; VariantName = "[No Variations]"
Added Component: Designator=J6(JUMP_1x2)
Add component (AddParameter): Name = "Description SEL"; Value = "Terminal_3"; VariantName = "[No Variations]"
Add component (AddParameter): Name = "Footprint Type"; Value = "TH"; VariantName = "[No Variations]"
Add component (AddParameter): Name = "Manufacturer"; Value = "DEGSON"; VariantName = "[No Variations]"
Add component (AddParameter): Name = "Packaging"; Value = ""; VariantName = "[No Variations]"
Add component (AddParameter): Name = "Part Code"; Value = "S1900-000032"; VariantName = "[No Variations]"
Add component (AddParameter): Name = "Part Number"; Value = "DG350-3.96-03P-04-10050000318"; VariantName = "[No Variations]"
Add component (AddParameter): Name = "Point"; Value = "3"; VariantName = "[No Variations]"
Add component (AddParameter): Name = "Price"; Value = ""; VariantName = "[No Variations]"
Add component (AddParameter): Name = "Supplier 1"; Value = ""; VariantName = "[No Variations]"
Add component (AddParameter): Name = "Supplier Part Number 1"; Value = ""; VariantName = "[No Variations]"
Add component (AddParameter): Name = "Value"; Value = "DG350-3.96-03P-04-10050000318"; VariantName = "[No Variations]"
Added Component: Designator=LED1(SM-LED-0805-Blue)
Added Component: Designator=LED2(SM-LED-0805-Blue)
Added Component: Designator=PS1(B1212S2W)
Add component (AddParameter): Name = "Arrow Part Number"; Value = ""; VariantName = "[No Variations]"
Add component (AddParameter): Name = "Arrow Price/Stock"; Value = ""; VariantName = "[No Variations]"
Add component (AddParameter): Name = "Datasheet Link"; Value = "https://www.mornsun-power.com/public/uploads/pdf/B_S-2WR3.pdf"; VariantName = "[No Variations]"
Add component (AddParameter): Name = "Height"; Value = "10.41mm"; VariantName = "[No Variations]"
Add component (AddParameter): Name = "Manufacturer_Name"; Value = "Mornsun Power"; VariantName = "[No Variations]"
Add component (AddParameter): Name = "Manufacturer_Part_Number"; Value = "B1212S-2W"; VariantName = "[No Variations]"
Add component (AddParameter): Name = "Mouser Part Number"; Value = ""; VariantName = "[No Variations]"
Add component (AddParameter): Name = "Mouser Price/Stock"; Value = ""; VariantName = "[No Variations]"
Added Component: Designator=Q3(sot23-3)
Add component (AddParameter): Name = "Description SEL"; Value = "P-Channel 20 V 3.7A (Ta) 1.3W (Ta) Surface Mount Micro3™/SOT-23"; VariantName = "[No Variations]"
Add component (AddParameter): Name = "Footprint Type"; Value = "SMD"; VariantName = "[No Variations]"
Add component (AddParameter): Name = "Manufacturer"; Value = "INFINEON"; VariantName = "[No Variations]"
Add component (AddParameter): Name = "Packaging"; Value = "SOT23-3"; VariantName = "[No Variations]"
Add component (AddParameter): Name = "Part Code"; Value = "S1555-000011"; VariantName = "[No Variations]"
Add component (AddParameter): Name = "Part Number"; Value = "DMP2160U-7"; VariantName = "[No Variations]"
Add component (AddParameter): Name = "Point"; Value = "3"; VariantName = "[No Variations]"
Add component (AddParameter): Name = "Value"; Value = "20V 3.7A"; VariantName = "[No Variations]"
Added Component: Designator=Q4(sot23-3)
Add component (AddParameter): Name = "Description SEL"; Value = "P-Channel 20 V 3.7A (Ta) 1.3W (Ta) Surface Mount Micro3™/SOT-23"; VariantName = "[No Variations]"
Add component (AddParameter): Name = "Footprint Type"; Value = "SMD"; VariantName = "[No Variations]"
Add component (AddParameter): Name = "Manufacturer"; Value = "INFINEON"; VariantName = "[No Variations]"
Add component (AddParameter): Name = "Packaging"; Value = "SOT23-3"; VariantName = "[No Variations]"
Add component (AddParameter): Name = "Part Code"; Value = "S1555-000011"; VariantName = "[No Variations]"
Add component (AddParameter): Name = "Part Number"; Value = "DMP2160U-7"; VariantName = "[No Variations]"
Add component (AddParameter): Name = "Point"; Value = "3"; VariantName = "[No Variations]"
Add component (AddParameter): Name = "Value"; Value = "20V 3.7A"; VariantName = "[No Variations]"
Added Component: Designator=Q6(sot23-3)
Add component (AddParameter): Name = "Arrow Part Number"; Value = "SS8050-G"; VariantName = "[No Variations]"
Add component (AddParameter): Name = "Arrow Price/Stock"; Value = "https://www.arrow.com/en/products/ss8050-g/comchip-technology?region=nac"; VariantName = "[No Variations]"
Add component (AddParameter): Name = "Datasheet Link"; Value = "https://datasheet.datasheetarchive.com/originals/distributors/DKDS-12/229454.pdf"; VariantName = "[No Variations]"
Add component (AddParameter): Name = "Height"; Value = "1.15mm"; VariantName = "[No Variations]"
Add component (AddParameter): Name = "Manufacturer_Name"; Value = "Comchip Technology"; VariantName = "[No Variations]"
Add component (AddParameter): Name = "Manufacturer_Part_Number"; Value = "SS8050-G"; VariantName = "[No Variations]"
Add component (AddParameter): Name = "Mouser Part Number"; Value = "750-SS8050-G"; VariantName = "[No Variations]"
Add component (AddParameter): Name = "Mouser Price/Stock"; Value = "https://www.mouser.co.uk/ProductDetail/Comchip-Technology/SS8050-G?qs=LLUE9lz1YbcHg%252BWLMAtcrQ%3D%3D"; VariantName = "[No Variations]"
Added Component: Designator=Q7(sot23-3)
Add component (AddParameter): Name = "Description SEL"; Value = "P-Channel 20 V 3.7A (Ta) 1.3W (Ta) Surface Mount Micro3™/SOT-23"; VariantName = "[No Variations]"
Add component (AddParameter): Name = "Footprint Type"; Value = "SMD"; VariantName = "[No Variations]"
Add component (AddParameter): Name = "Manufacturer"; Value = "INFINEON"; VariantName = "[No Variations]"
Add component (AddParameter): Name = "Packaging"; Value = "SOT23-3"; VariantName = "[No Variations]"
Add component (AddParameter): Name = "Part Code"; Value = "S1555-000011"; VariantName = "[No Variations]"
Add component (AddParameter): Name = "Part Number"; Value = "DMP2160U-7"; VariantName = "[No Variations]"
Add component (AddParameter): Name = "Point"; Value = "3"; VariantName = "[No Variations]"
Add component (AddParameter): Name = "Value"; Value = "20V 3.7A"; VariantName = "[No Variations]"
Added Component: Designator=Q8(sot23-3)
Add component (AddParameter): Name = "Arrow Part Number"; Value = "SS8050-G"; VariantName = "[No Variations]"
Add component (AddParameter): Name = "Arrow Price/Stock"; Value = "https://www.arrow.com/en/products/ss8050-g/comchip-technology?region=nac"; VariantName = "[No Variations]"
Add component (AddParameter): Name = "Datasheet Link"; Value = "https://datasheet.datasheetarchive.com/originals/distributors/DKDS-12/229454.pdf"; VariantName = "[No Variations]"
Add component (AddParameter): Name = "Height"; Value = "1.15mm"; VariantName = "[No Variations]"
Add component (AddParameter): Name = "Manufacturer_Name"; Value = "Comchip Technology"; VariantName = "[No Variations]"
Add component (AddParameter): Name = "Manufacturer_Part_Number"; Value = "SS8050-G"; VariantName = "[No Variations]"
Add component (AddParameter): Name = "Mouser Part Number"; Value = "750-SS8050-G"; VariantName = "[No Variations]"
Add component (AddParameter): Name = "Mouser Price/Stock"; Value = "https://www.mouser.co.uk/ProductDetail/Comchip-Technology/SS8050-G?qs=LLUE9lz1YbcHg%252BWLMAtcrQ%3D%3D"; VariantName = "[No Variations]"
Added Component: Designator=Q9(sot23-3)
Add component (AddParameter): Name = "Arrow Part Number"; Value = "SS8050-G"; VariantName = "[No Variations]"
Add component (AddParameter): Name = "Arrow Price/Stock"; Value = "https://www.arrow.com/en/products/ss8050-g/comchip-technology?region=nac"; VariantName = "[No Variations]"
Add component (AddParameter): Name = "Datasheet Link"; Value = "https://datasheet.datasheetarchive.com/originals/distributors/DKDS-12/229454.pdf"; VariantName = "[No Variations]"
Add component (AddParameter): Name = "Height"; Value = "1.15mm"; VariantName = "[No Variations]"
Add component (AddParameter): Name = "Manufacturer_Name"; Value = "Comchip Technology"; VariantName = "[No Variations]"
Add component (AddParameter): Name = "Manufacturer_Part_Number"; Value = "SS8050-G"; VariantName = "[No Variations]"
Add component (AddParameter): Name = "Mouser Part Number"; Value = "750-SS8050-G"; VariantName = "[No Variations]"
Add component (AddParameter): Name = "Mouser Price/Stock"; Value = "https://www.mouser.co.uk/ProductDetail/Comchip-Technology/SS8050-G?qs=LLUE9lz1YbcHg%252BWLMAtcrQ%3D%3D"; VariantName = "[No Variations]"
Added Component: Designator=R2(PSG4/PSF4)
Add component (AddParameter): Name = "Category"; Value = "Resistor"; VariantName = "[No Variations]"
Add component (AddParameter): Name = "Footprint type"; Value = "SMD"; VariantName = "[No Variations]"
Add component (AddParameter): Name = "Footprint/Package"; Value = "Nonstandard"; VariantName = "[No Variations]"
Add component (AddParameter): Name = "Manufacturer"; Value = "KOA Speer Electronics, Inc."; VariantName = "[No Variations]"
Add component (AddParameter): Name = "Part Number"; Value = "PSG4NTEBL500F"; VariantName = "[No Variations]"
Add component (AddParameter): Name = "Tolerance"; Value = "±1%"; VariantName = "[No Variations]"
Add component (AddParameter): Name = "Value"; Value = "1 mOhm"; VariantName = "[No Variations]"
Added Component: Designator=R5(R_0603)
Add component (AddParameter): Name = "Description SEL"; Value = "RES 10 OHM 1% 1/8W 0603"; VariantName = "[No Variations]"
Add component (AddParameter): Name = "Footprint Type"; Value = "SMD"; VariantName = "[No Variations]"
Add component (AddParameter): Name = "Manufacturer"; Value = "YAGEO"; VariantName = "[No Variations]"
Add component (AddParameter): Name = "Packaging"; Value = ""; VariantName = "[No Variations]"
Add component (AddParameter): Name = "Part Code"; Value = "S1100-000044"; VariantName = "[No Variations]"
Add component (AddParameter): Name = "Part Number"; Value = "RC0603FR-07100KL"; VariantName = "[No Variations]"
Add component (AddParameter): Name = "Point"; Value = "2"; VariantName = "[No Variations]"
Add component (AddParameter): Name = "Power"; Value = "1/8W"; VariantName = "[No Variations]"
Add component (AddParameter): Name = "Price"; Value = ""; VariantName = "[No Variations]"
Add component (AddParameter): Name = "Supplier 1"; Value = ""; VariantName = "[No Variations]"
Add component (AddParameter): Name = "Supplier Part Number 1"; Value = ""; VariantName = "[No Variations]"
Add component (AddParameter): Name = "Tolerance"; Value = "1%"; VariantName = "[No Variations]"
Add component (AddParameter): Name = "Value"; Value = ""; VariantName = "[No Variations]"
Added Component: Designator=R6(R_1206)
Add component (AddParameter): Name = "Description SEL"; Value = "RES 0 OHM JUMPER 1/4W 1206"; VariantName = "[No Variations]"
Add component (AddParameter): Name = "Footprint Type"; Value = "SMD"; VariantName = "[No Variations]"
Add component (AddParameter): Name = "Manufacturer"; Value = "YAGEO"; VariantName = "[No Variations]"
Add component (AddParameter): Name = "Packaging"; Value = ""; VariantName = "[No Variations]"
Add component (AddParameter): Name = "Part Code"; Value = "S1100-000177"; VariantName = "[No Variations]"
Add component (AddParameter): Name = "Part Number"; Value = "RC1206JR-070RL"; VariantName = "[No Variations]"
Add component (AddParameter): Name = "Point"; Value = "2"; VariantName = "[No Variations]"
Add component (AddParameter): Name = "Power"; Value = "1/4W"; VariantName = "[No Variations]"
Add component (AddParameter): Name = "Price"; Value = ""; VariantName = "[No Variations]"
Add component (AddParameter): Name = "Supplier 1"; Value = ""; VariantName = "[No Variations]"
Add component (AddParameter): Name = "Supplier Part Number 1"; Value = ""; VariantName = "[No Variations]"
Add component (AddParameter): Name = "Tolerance"; Value = "Jumper"; VariantName = "[No Variations]"
Add component (AddParameter): Name = "Value"; Value = ""; VariantName = "[No Variations]"
Added Component: Designator=R8(R_0603)
Add component (AddParameter): Name = "Description SEL"; Value = "RES 10 OHM 1% 1/8W 0603"; VariantName = "[No Variations]"
Add component (AddParameter): Name = "Footprint Type"; Value = "SMD"; VariantName = "[No Variations]"
Add component (AddParameter): Name = "Manufacturer"; Value = "YAGEO"; VariantName = "[No Variations]"
Add component (AddParameter): Name = "Packaging"; Value = ""; VariantName = "[No Variations]"
Add component (AddParameter): Name = "Part Code"; Value = "S1100-000044"; VariantName = "[No Variations]"
Add component (AddParameter): Name = "Part Number"; Value = "RC0603FR-07100KL"; VariantName = "[No Variations]"
Add component (AddParameter): Name = "Point"; Value = "2"; VariantName = "[No Variations]"
Add component (AddParameter): Name = "Power"; Value = "1/8W"; VariantName = "[No Variations]"
Add component (AddParameter): Name = "Price"; Value = ""; VariantName = "[No Variations]"
Add component (AddParameter): Name = "Supplier 1"; Value = ""; VariantName = "[No Variations]"
Add component (AddParameter): Name = "Supplier Part Number 1"; Value = ""; VariantName = "[No Variations]"
Add component (AddParameter): Name = "Tolerance"; Value = "1%"; VariantName = "[No Variations]"
Add component (AddParameter): Name = "Value"; Value = ""; VariantName = "[No Variations]"
Added Component: Designator=R10(R_1206)
Add component (AddParameter): Name = "Description SEL"; Value = "RES 0 OHM JUMPER 1/4W 1206"; VariantName = "[No Variations]"
Add component (AddParameter): Name = "Footprint Type"; Value = "SMD"; VariantName = "[No Variations]"
Add component (AddParameter): Name = "Manufacturer"; Value = "YAGEO"; VariantName = "[No Variations]"
Add component (AddParameter): Name = "Packaging"; Value = ""; VariantName = "[No Variations]"
Add component (AddParameter): Name = "Part Code"; Value = "S1100-000177"; VariantName = "[No Variations]"
Add component (AddParameter): Name = "Part Number"; Value = "RC1206JR-070RL"; VariantName = "[No Variations]"
Add component (AddParameter): Name = "Point"; Value = "2"; VariantName = "[No Variations]"
Add component (AddParameter): Name = "Power"; Value = "1/4W"; VariantName = "[No Variations]"
Add component (AddParameter): Name = "Price"; Value = ""; VariantName = "[No Variations]"
Add component (AddParameter): Name = "Supplier 1"; Value = ""; VariantName = "[No Variations]"
Add component (AddParameter): Name = "Supplier Part Number 1"; Value = ""; VariantName = "[No Variations]"
Add component (AddParameter): Name = "Tolerance"; Value = "Jumper"; VariantName = "[No Variations]"
Add component (AddParameter): Name = "Value"; Value = ""; VariantName = "[No Variations]"
Added Component: Designator=R22(R_0603)
Add component (AddParameter): Name = "Description SEL"; Value = "RES 4.7K OHM 1% 1/10W 0603"; VariantName = "[No Variations]"
Add component (AddParameter): Name = "Footprint Type"; Value = "SMD"; VariantName = "[No Variations]"
Add component (AddParameter): Name = "Manufacturer"; Value = "YAGEO"; VariantName = "[No Variations]"
Add component (AddParameter): Name = "Packaging"; Value = ""; VariantName = "[No Variations]"
Add component (AddParameter): Name = "Part Code"; Value = "S1100-000158"; VariantName = "[No Variations]"
Add component (AddParameter): Name = "Part Number"; Value = "RC0603FR-074K7L"; VariantName = "[No Variations]"
Add component (AddParameter): Name = "Point"; Value = "2"; VariantName = "[No Variations]"
Add component (AddParameter): Name = "Power"; Value = "1/10W"; VariantName = "[No Variations]"
Add component (AddParameter): Name = "Price"; Value = ""; VariantName = "[No Variations]"
Add component (AddParameter): Name = "Supplier 1"; Value = ""; VariantName = "[No Variations]"
Add component (AddParameter): Name = "Supplier Part Number 1"; Value = ""; VariantName = "[No Variations]"
Add component (AddParameter): Name = "Tolerance"; Value = "1%"; VariantName = "[No Variations]"
Add component (AddParameter): Name = "Value"; Value = "2kOhm"; VariantName = "[No Variations]"
Added Component: Designator=R27(R_0603)
Add component (AddParameter): Name = "Description SEL"; Value = "RES 200K OHM 1% 1/10W 0603"; VariantName = "[No Variations]"
Add component (AddParameter): Name = "Footprint Type"; Value = "SMD"; VariantName = "[No Variations]"
Add component (AddParameter): Name = "Manufacturer"; Value = "YAGEO"; VariantName = "[No Variations]"
Add component (AddParameter): Name = "Packaging"; Value = ""; VariantName = "[No Variations]"
Add component (AddParameter): Name = "Part Code"; Value = "S1100-000044"; VariantName = "[No Variations]"
Add component (AddParameter): Name = "Part Number"; Value = "RC0603FR-13200KL"; VariantName = "[No Variations]"
Add component (AddParameter): Name = "Point"; Value = "2"; VariantName = "[No Variations]"
Add component (AddParameter): Name = "Power"; Value = "1/8W"; VariantName = "[No Variations]"
Add component (AddParameter): Name = "Price"; Value = ""; VariantName = "[No Variations]"
Add component (AddParameter): Name = "Supplier 1"; Value = ""; VariantName = "[No Variations]"
Add component (AddParameter): Name = "Supplier Part Number 1"; Value = ""; VariantName = "[No Variations]"
Add component (AddParameter): Name = "Tolerance"; Value = "1%"; VariantName = "[No Variations]"
Add component (AddParameter): Name = "Value"; Value = ""; VariantName = "[No Variations]"
Added Component: Designator=R32(R_0603)
Add component (AddParameter): Name = "Description SEL"; Value = "RES 200K OHM 1% 1/10W 0603"; VariantName = "[No Variations]"
Add component (AddParameter): Name = "Footprint Type"; Value = "SMD"; VariantName = "[No Variations]"
Add component (AddParameter): Name = "Manufacturer"; Value = "YAGEO"; VariantName = "[No Variations]"
Add component (AddParameter): Name = "Packaging"; Value = ""; VariantName = "[No Variations]"
Add component (AddParameter): Name = "Part Code"; Value = "S1100-000044"; VariantName = "[No Variations]"
Add component (AddParameter): Name = "Part Number"; Value = "RC0603FR-13200KL"; VariantName = "[No Variations]"
Add component (AddParameter): Name = "Point"; Value = "2"; VariantName = "[No Variations]"
Add component (AddParameter): Name = "Power"; Value = "1/8W"; VariantName = "[No Variations]"
Add component (AddParameter): Name = "Price"; Value = ""; VariantName = "[No Variations]"
Add component (AddParameter): Name = "Supplier 1"; Value = ""; VariantName = "[No Variations]"
Add component (AddParameter): Name = "Supplier Part Number 1"; Value = ""; VariantName = "[No Variations]"
Add component (AddParameter): Name = "Tolerance"; Value = "1%"; VariantName = "[No Variations]"
Add component (AddParameter): Name = "Value"; Value = ""; VariantName = "[No Variations]"
Added Component: Designator=R33(R_0603)
Add component (AddParameter): Name = "Description SEL"; Value = "RES 200K OHM 1% 1/10W 0603"; VariantName = "[No Variations]"
Add component (AddParameter): Name = "Footprint Type"; Value = "SMD"; VariantName = "[No Variations]"
Add component (AddParameter): Name = "Manufacturer"; Value = "YAGEO"; VariantName = "[No Variations]"
Add component (AddParameter): Name = "Packaging"; Value = ""; VariantName = "[No Variations]"
Add component (AddParameter): Name = "Part Code"; Value = "S1100-000044"; VariantName = "[No Variations]"
Add component (AddParameter): Name = "Part Number"; Value = "RC0603FR-13200KL"; VariantName = "[No Variations]"
Add component (AddParameter): Name = "Point"; Value = "2"; VariantName = "[No Variations]"
Add component (AddParameter): Name = "Power"; Value = "1/8W"; VariantName = "[No Variations]"
Add component (AddParameter): Name = "Price"; Value = ""; VariantName = "[No Variations]"
Add component (AddParameter): Name = "Supplier 1"; Value = ""; VariantName = "[No Variations]"
Add component (AddParameter): Name = "Supplier Part Number 1"; Value = ""; VariantName = "[No Variations]"
Add component (AddParameter): Name = "Tolerance"; Value = "1%"; VariantName = "[No Variations]"
Add component (AddParameter): Name = "Value"; Value = ""; VariantName = "[No Variations]"
Added Component: Designator=R34(R_0603)
Add component (AddParameter): Name = "Description SEL"; Value = "RES 200K OHM 1% 1/10W 0603"; VariantName = "[No Variations]"
Add component (AddParameter): Name = "Footprint Type"; Value = "SMD"; VariantName = "[No Variations]"
Add component (AddParameter): Name = "Manufacturer"; Value = "YAGEO"; VariantName = "[No Variations]"
Add component (AddParameter): Name = "Packaging"; Value = ""; VariantName = "[No Variations]"
Add component (AddParameter): Name = "Part Code"; Value = "S1100-000044"; VariantName = "[No Variations]"
Add component (AddParameter): Name = "Part Number"; Value = "RC0603FR-13200KL"; VariantName = "[No Variations]"
Add component (AddParameter): Name = "Point"; Value = "2"; VariantName = "[No Variations]"
Add component (AddParameter): Name = "Power"; Value = "1/8W"; VariantName = "[No Variations]"
Add component (AddParameter): Name = "Price"; Value = ""; VariantName = "[No Variations]"
Add component (AddParameter): Name = "Supplier 1"; Value = ""; VariantName = "[No Variations]"
Add component (AddParameter): Name = "Supplier Part Number 1"; Value = ""; VariantName = "[No Variations]"
Add component (AddParameter): Name = "Tolerance"; Value = "1%"; VariantName = "[No Variations]"
Add component (AddParameter): Name = "Value"; Value = ""; VariantName = "[No Variations]"
Added Component: Designator=R35(R_0603)
Add component (AddParameter): Name = "Description SEL"; Value = "RES 200K OHM 1% 1/10W 0603"; VariantName = "[No Variations]"
Add component (AddParameter): Name = "Footprint Type"; Value = "SMD"; VariantName = "[No Variations]"
Add component (AddParameter): Name = "Manufacturer"; Value = "YAGEO"; VariantName = "[No Variations]"
Add component (AddParameter): Name = "Packaging"; Value = ""; VariantName = "[No Variations]"
Add component (AddParameter): Name = "Part Code"; Value = "S1100-000044"; VariantName = "[No Variations]"
Add component (AddParameter): Name = "Part Number"; Value = "RC0603FR-13200KL"; VariantName = "[No Variations]"
Add component (AddParameter): Name = "Point"; Value = "2"; VariantName = "[No Variations]"
Add component (AddParameter): Name = "Power"; Value = "1/8W"; VariantName = "[No Variations]"
Add component (AddParameter): Name = "Price"; Value = ""; VariantName = "[No Variations]"
Add component (AddParameter): Name = "Supplier 1"; Value = ""; VariantName = "[No Variations]"
Add component (AddParameter): Name = "Supplier Part Number 1"; Value = ""; VariantName = "[No Variations]"
Add component (AddParameter): Name = "Tolerance"; Value = "1%"; VariantName = "[No Variations]"
Add component (AddParameter): Name = "Value"; Value = ""; VariantName = "[No Variations]"
Added Component: Designator=R38(R_0603)
Add component (AddParameter): Name = "Description SEL"; Value = "RES 200K OHM 1% 1/10W 0603"; VariantName = "[No Variations]"
Add component (AddParameter): Name = "Footprint Type"; Value = "SMD"; VariantName = "[No Variations]"
Add component (AddParameter): Name = "Manufacturer"; Value = "YAGEO"; VariantName = "[No Variations]"
Add component (AddParameter): Name = "Packaging"; Value = ""; VariantName = "[No Variations]"
Add component (AddParameter): Name = "Part Code"; Value = "S1100-000044"; VariantName = "[No Variations]"
Add component (AddParameter): Name = "Part Number"; Value = "RC0603FR-13200KL"; VariantName = "[No Variations]"
Add component (AddParameter): Name = "Point"; Value = "2"; VariantName = "[No Variations]"
Add component (AddParameter): Name = "Power"; Value = "1/8W"; VariantName = "[No Variations]"
Add component (AddParameter): Name = "Price"; Value = ""; VariantName = "[No Variations]"
Add component (AddParameter): Name = "Supplier 1"; Value = ""; VariantName = "[No Variations]"
Add component (AddParameter): Name = "Supplier Part Number 1"; Value = ""; VariantName = "[No Variations]"
Add component (AddParameter): Name = "Tolerance"; Value = "1%"; VariantName = "[No Variations]"
Add component (AddParameter): Name = "Value"; Value = ""; VariantName = "[No Variations]"
Added Component: Designator=R41(R_0603)
Add component (AddParameter): Name = "Description SEL"; Value = "RES 200K OHM 1% 1/10W 0603"; VariantName = "[No Variations]"
Add component (AddParameter): Name = "Footprint Type"; Value = "SMD"; VariantName = "[No Variations]"
Add component (AddParameter): Name = "Manufacturer"; Value = "YAGEO"; VariantName = "[No Variations]"
Add component (AddParameter): Name = "Packaging"; Value = ""; VariantName = "[No Variations]"
Add component (AddParameter): Name = "Part Code"; Value = "S1100-000044"; VariantName = "[No Variations]"
Add component (AddParameter): Name = "Part Number"; Value = "RC0603FR-13200KL"; VariantName = "[No Variations]"
Add component (AddParameter): Name = "Point"; Value = "2"; VariantName = "[No Variations]"
Add component (AddParameter): Name = "Power"; Value = "1/8W"; VariantName = "[No Variations]"
Add component (AddParameter): Name = "Price"; Value = ""; VariantName = "[No Variations]"
Add component (AddParameter): Name = "Supplier 1"; Value = ""; VariantName = "[No Variations]"
Add component (AddParameter): Name = "Supplier Part Number 1"; Value = ""; VariantName = "[No Variations]"
Add component (AddParameter): Name = "Tolerance"; Value = "1%"; VariantName = "[No Variations]"
Add component (AddParameter): Name = "Value"; Value = ""; VariantName = "[No Variations]"
Added Component: Designator=R43(R_0603)
Add component (AddParameter): Name = "Description SEL"; Value = "RES 200K OHM 1% 1/10W 0603"; VariantName = "[No Variations]"
Add component (AddParameter): Name = "Footprint Type"; Value = "SMD"; VariantName = "[No Variations]"
Add component (AddParameter): Name = "Manufacturer"; Value = "YAGEO"; VariantName = "[No Variations]"
Add component (AddParameter): Name = "Packaging"; Value = ""; VariantName = "[No Variations]"
Add component (AddParameter): Name = "Part Code"; Value = "S1100-000044"; VariantName = "[No Variations]"
Add component (AddParameter): Name = "Part Number"; Value = "RC0603FR-13200KL"; VariantName = "[No Variations]"
Add component (AddParameter): Name = "Point"; Value = "2"; VariantName = "[No Variations]"
Add component (AddParameter): Name = "Power"; Value = "1/8W"; VariantName = "[No Variations]"
Add component (AddParameter): Name = "Price"; Value = ""; VariantName = "[No Variations]"
Add component (AddParameter): Name = "Supplier 1"; Value = ""; VariantName = "[No Variations]"
Add component (AddParameter): Name = "Supplier Part Number 1"; Value = ""; VariantName = "[No Variations]"
Add component (AddParameter): Name = "Tolerance"; Value = "1%"; VariantName = "[No Variations]"
Add component (AddParameter): Name = "Value"; Value = ""; VariantName = "[No Variations]"
Added Component: Designator=R44(R_0603)
Add component (AddParameter): Name = "Description SEL"; Value = "RES 10K OHM 1% 1/10W 0603"; VariantName = "[No Variations]"
Add component (AddParameter): Name = "Footprint Type"; Value = "SMD"; VariantName = "[No Variations]"
Add component (AddParameter): Name = "Manufacturer"; Value = "YAGEO"; VariantName = "[No Variations]"
Add component (AddParameter): Name = "Packaging"; Value = ""; VariantName = "[No Variations]"
Add component (AddParameter): Name = "Part Code"; Value = "S1100-000043"; VariantName = "[No Variations]"
Add component (AddParameter): Name = "Part Number"; Value = "RC0603FR-7W10KL"; VariantName = "[No Variations]"
Add component (AddParameter): Name = "Point"; Value = "2"; VariantName = "[No Variations]"
Add component (AddParameter): Name = "Power"; Value = "1/10W"; VariantName = "[No Variations]"
Add component (AddParameter): Name = "Price"; Value = ""; VariantName = "[No Variations]"
Add component (AddParameter): Name = "Supplier 1"; Value = ""; VariantName = "[No Variations]"
Add component (AddParameter): Name = "Supplier Part Number 1"; Value = ""; VariantName = "[No Variations]"
Add component (AddParameter): Name = "Tolerance"; Value = "1%"; VariantName = "[No Variations]"
Add component (AddParameter): Name = "Value"; Value = "4.7kOhm"; VariantName = "[No Variations]"
Added Component: Designator=R50(R_0603)
Add component (AddParameter): Name = "Description SEL"; Value = "RES 100 OHM 1% 1/8W 0603"; VariantName = "[No Variations]"
Add component (AddParameter): Name = "Footprint Type"; Value = "SMD"; VariantName = "[No Variations]"
Add component (AddParameter): Name = "Manufacturer"; Value = "KOA Speer Electronics, Inc."; VariantName = "[No Variations]"
Add component (AddParameter): Name = "Packaging"; Value = ""; VariantName = "[No Variations]"
Add component (AddParameter): Name = "Part Code"; Value = "S1100-000052"; VariantName = "[No Variations]"
Add component (AddParameter): Name = "Part Number"; Value = "RK73H1JRTTD1000F"; VariantName = "[No Variations]"
Add component (AddParameter): Name = "Point"; Value = "2"; VariantName = "[No Variations]"
Add component (AddParameter): Name = "Power"; Value = "1/8W"; VariantName = "[No Variations]"
Add component (AddParameter): Name = "Price"; Value = ""; VariantName = "[No Variations]"
Add component (AddParameter): Name = "Supplier 1"; Value = ""; VariantName = "[No Variations]"
Add component (AddParameter): Name = "Supplier Part Number 1"; Value = ""; VariantName = "[No Variations]"
Add component (AddParameter): Name = "Tolerance"; Value = "1%"; VariantName = "[No Variations]"
Add component (AddParameter): Name = "Value"; Value = "47Ohm"; VariantName = "[No Variations]"
Added Component: Designator=R51(R_0603)
Add component (AddParameter): Name = "Description SEL"; Value = "RES 10K OHM 1% 1/10W 0603"; VariantName = "[No Variations]"
Add component (AddParameter): Name = "Footprint Type"; Value = "SMD"; VariantName = "[No Variations]"
Add component (AddParameter): Name = "Manufacturer"; Value = "YAGEO"; VariantName = "[No Variations]"
Add component (AddParameter): Name = "Packaging"; Value = ""; VariantName = "[No Variations]"
Add component (AddParameter): Name = "Part Code"; Value = "S1100-000043"; VariantName = "[No Variations]"
Add component (AddParameter): Name = "Part Number"; Value = "RC0603FR-7W10KL"; VariantName = "[No Variations]"
Add component (AddParameter): Name = "Point"; Value = "2"; VariantName = "[No Variations]"
Add component (AddParameter): Name = "Power"; Value = "1/10W"; VariantName = "[No Variations]"
Add component (AddParameter): Name = "Price"; Value = ""; VariantName = "[No Variations]"
Add component (AddParameter): Name = "Supplier 1"; Value = ""; VariantName = "[No Variations]"
Add component (AddParameter): Name = "Supplier Part Number 1"; Value = ""; VariantName = "[No Variations]"
Add component (AddParameter): Name = "Tolerance"; Value = "1%"; VariantName = "[No Variations]"
Add component (AddParameter): Name = "Value"; Value = "1kOhm"; VariantName = "[No Variations]"
Added Component: Designator=R54(R_0603)
Add component (AddParameter): Name = "Description SEL"; Value = "RES 10K OHM 1% 1/10W 0603"; VariantName = "[No Variations]"
Add component (AddParameter): Name = "Footprint Type"; Value = "SMD"; VariantName = "[No Variations]"
Add component (AddParameter): Name = "Manufacturer"; Value = "YAGEO"; VariantName = "[No Variations]"
Add component (AddParameter): Name = "Packaging"; Value = ""; VariantName = "[No Variations]"
Add component (AddParameter): Name = "Part Code"; Value = "S1100-000043"; VariantName = "[No Variations]"
Add component (AddParameter): Name = "Part Number"; Value = "RC0603FR-7W10KL"; VariantName = "[No Variations]"
Add component (AddParameter): Name = "Point"; Value = "2"; VariantName = "[No Variations]"
Add component (AddParameter): Name = "Power"; Value = "1/10W"; VariantName = "[No Variations]"
Add component (AddParameter): Name = "Price"; Value = ""; VariantName = "[No Variations]"
Add component (AddParameter): Name = "Supplier 1"; Value = ""; VariantName = "[No Variations]"
Add component (AddParameter): Name = "Supplier Part Number 1"; Value = ""; VariantName = "[No Variations]"
Add component (AddParameter): Name = "Tolerance"; Value = "1%"; VariantName = "[No Variations]"
Add component (AddParameter): Name = "Value"; Value = "10kOhm"; VariantName = "[No Variations]"
Added Component: Designator=R56(R_0603)
Add component (AddParameter): Name = "Description SEL"; Value = "RES 10K OHM 1% 1/10W 0603"; VariantName = "[No Variations]"
Add component (AddParameter): Name = "Footprint Type"; Value = "SMD"; VariantName = "[No Variations]"
Add component (AddParameter): Name = "Manufacturer"; Value = "YAGEO"; VariantName = "[No Variations]"
Add component (AddParameter): Name = "Packaging"; Value = ""; VariantName = "[No Variations]"
Add component (AddParameter): Name = "Part Code"; Value = "S1100-000043"; VariantName = "[No Variations]"
Add component (AddParameter): Name = "Part Number"; Value = "RC0603FR-7W10KL"; VariantName = "[No Variations]"
Add component (AddParameter): Name = "Point"; Value = "2"; VariantName = "[No Variations]"
Add component (AddParameter): Name = "Power"; Value = "1/10W"; VariantName = "[No Variations]"
Add component (AddParameter): Name = "Price"; Value = ""; VariantName = "[No Variations]"
Add component (AddParameter): Name = "Supplier 1"; Value = ""; VariantName = "[No Variations]"
Add component (AddParameter): Name = "Supplier Part Number 1"; Value = ""; VariantName = "[No Variations]"
Add component (AddParameter): Name = "Tolerance"; Value = "1%"; VariantName = "[No Variations]"
Add component (AddParameter): Name = "Value"; Value = "0"; VariantName = "[No Variations]"
Added Component: Designator=R63(RESC6332X70N)
Add component (AddParameter): Name = "Arrow Part Number"; Value = "CRCW251215R0JNEG"; VariantName = "[No Variations]"
Add component (AddParameter): Name = "Arrow Price/Stock"; Value = "https://www.arrow.com/en/products/crcw251215r0jneg/vishay"; VariantName = "[No Variations]"
Add component (AddParameter): Name = "Datasheet Link"; Value = "http://www.vishay.com/docs/20035/dcrcwe3.pdf"; VariantName = "[No Variations]"
Add component (AddParameter): Name = "Height"; Value = "0.7mm"; VariantName = "[No Variations]"
Add component (AddParameter): Name = "Manufacturer_Name"; Value = "Vishay"; VariantName = "[No Variations]"
Add component (AddParameter): Name = "Manufacturer_Part_Number"; Value = "CRCW251215R0JNEG"; VariantName = "[No Variations]"
Add component (AddParameter): Name = "Mouser Part Number"; Value = "71-CRCW2512J-15-E3"; VariantName = "[No Variations]"
Add component (AddParameter): Name = "Mouser Price/Stock"; Value = "https://www.mouser.co.uk/ProductDetail/Vishay-Dale/CRCW251215R0JNEG?qs=Z1AZHWO%2FsqLBwgjNhUTIZA%3D%3D"; VariantName = "[No Variations]"
Added Component: Designator=R68(R_0603)
Add component (AddParameter): Name = "Description SEL"; Value = "RES 10K OHM 1% 1/10W 0603"; VariantName = "[No Variations]"
Add component (AddParameter): Name = "Footprint Type"; Value = "SMD"; VariantName = "[No Variations]"
Add component (AddParameter): Name = "Manufacturer"; Value = "YAGEO"; VariantName = "[No Variations]"
Add component (AddParameter): Name = "Packaging"; Value = ""; VariantName = "[No Variations]"
Add component (AddParameter): Name = "Part Code"; Value = "S1100-000043"; VariantName = "[No Variations]"
Add component (AddParameter): Name = "Part Number"; Value = "RC0603FR-7W10KL"; VariantName = "[No Variations]"
Add component (AddParameter): Name = "Point"; Value = "2"; VariantName = "[No Variations]"
Add component (AddParameter): Name = "Power"; Value = "1/10W"; VariantName = "[No Variations]"
Add component (AddParameter): Name = "Price"; Value = ""; VariantName = "[No Variations]"
Add component (AddParameter): Name = "Supplier 1"; Value = ""; VariantName = "[No Variations]"
Add component (AddParameter): Name = "Supplier Part Number 1"; Value = ""; VariantName = "[No Variations]"
Add component (AddParameter): Name = "Tolerance"; Value = "1%"; VariantName = "[No Variations]"
Add component (AddParameter): Name = "Value"; Value = "1kOhm"; VariantName = "[No Variations]"
Added Component: Designator=TP2(TP_1mm_through_hole)
Add component (AddParameter): Name = "Manufacturer"; Value = "Keystone Electronics"; VariantName = "[No Variations]"
Add component (AddParameter): Name = "Part Number"; Value = "5005"; VariantName = "[No Variations]"
Added Component: Designator=TP3(TP_1mm_through_hole)
Add component (AddParameter): Name = "Manufacturer"; Value = "Keystone Electronics"; VariantName = "[No Variations]"
Add component (AddParameter): Name = "Part Number"; Value = "5005"; VariantName = "[No Variations]"
Added Component: Designator=TP4(TP_1mm_through_hole)
Add component (AddParameter): Name = "Manufacturer"; Value = "Keystone Electronics"; VariantName = "[No Variations]"
Add component (AddParameter): Name = "Part Number"; Value = "5005"; VariantName = "[No Variations]"
Added Component: Designator=TP6(TP_1mm_through_hole)
Add component (AddParameter): Name = "Manufacturer"; Value = "Keystone Electronics"; VariantName = "[No Variations]"
Add component (AddParameter): Name = "Part Number"; Value = "5005"; VariantName = "[No Variations]"
Added Component: Designator=TP7(TP_1mm_through_hole)
Add component (AddParameter): Name = "Manufacturer"; Value = "Keystone Electronics"; VariantName = "[No Variations]"
Add component (AddParameter): Name = "Part Number"; Value = "5005"; VariantName = "[No Variations]"
Added Component: Designator=TP8(TP_1mm_through_hole)
Add component (AddParameter): Name = "Manufacturer"; Value = "Keystone Electronics"; VariantName = "[No Variations]"
Add component (AddParameter): Name = "Part Number"; Value = "5005"; VariantName = "[No Variations]"
Added Pin To Net: NetName=S_GND Pin=C29-1
Added Pin To Net: NetName=DIS Pin=D9-1
Added Pin To Net: NetName=DIS Pin=D13-2
Added Pin To Net: NetName=INB- Pin=D15-2
Added Pin To Net: NetName=Boost_protection Pin=D18-1
Added Pin To Net: NetName=V_In_Cap Pin=D23-1
Added Pin To Net: NetName=P_GND Pin=LED1-2
Added Pin To Net: NetName=P_GND Pin=LED2-2
Added Pin To Net: NetName=P_GND Pin=PS1-2
Added Pin To Net: NetName=HS Pin=PS1-4
Added Pin To Net: NetName=12P0_ISO Pin=PS1-6
Added Pin To Net: NetName=P_GND Pin=Q3-3
Added Pin To Net: NetName=VDD_5P0 Pin=Q4-2
Added Pin To Net: NetName=S_GND Pin=Q6-2
Added Pin To Net: NetName=P_GND Pin=Q8-2
Added Pin To Net: NetName=P_GND Pin=Q9-2
Added Pin To Net: NetName=NetC11_1 Pin=Q9-3
Added Pin To Net: NetName=V_Out_Cap Pin=R2-I2
Added Pin To Net: NetName=V_in Pin=R5-1
Added Pin To Net: NetName=P_GND Pin=R6-1
Added Pin To Net: NetName=V_in Pin=R6-2
Added Pin To Net: NetName=V_Out Pin=R8-1
Added Pin To Net: NetName=P_GND Pin=R10-1
Added Pin To Net: NetName=V_Out Pin=R10-2
Added Pin To Net: NetName=VDD_5P0 Pin=R22-2
Added Pin To Net: NetName=P_GND Pin=R32-2
Added Pin To Net: NetName=VDD_5P0 Pin=R33-2
Added Pin To Net: NetName=INB- Pin=R34-2
Added Pin To Net: NetName=NetC43_2 Pin=R38-1
Added Pin To Net: NetName=S_GND Pin=R43-1
Added Pin To Net: NetName=P_GND Pin=R54-1
Added Pin To Net: NetName=P_GND Pin=R56-1
Added Pin To Net: NetName=S_GND Pin=R56-2
Added Pin To Net: NetName=VDD_12P0 Pin=R63-1
Added Pin To Net: NetName=V_In_Cap Pin=TP2-1
Added Pin To Net: NetName=NetC33_2 Pin=TP3-1
Added Pin To Net: NetName=HS Pin=TP4-1
Added Pin To Net: NetName=HS Pin=TP6-1
Added Pin To Net: NetName=NetC41_2 Pin=TP7-1
Added Pin To Net: NetName=P_GND Pin=TP8-1
Change Net Name : Old Net Name=NetC1_1 New Net Name=NetC38_1
Change Net Name : Old Net Name=NetC1_2 New Net Name=NetC38_2
Change Net Name : Old Net Name=NetC2_1 New Net Name=NetC39_1
Change Net Name : Old Net Name=NetC6_2 New Net Name=NetC43_2
Change Net Name : Old Net Name=NetC11_1 New Net Name=EN/UVLO
Change Net Name : Old Net Name=NetC12_1 New Net Name=NetC49_1
Change Net Name : Old Net Name=NetC13_1 New Net Name=NetC50_1
Change Net Name : Old Net Name=NetC15_2 New Net Name=NetC52_2
Change Net Name : Old Net Name=NetC33_2 New Net Name=NetC11_2
Change Net Name : Old Net Name=NetC41_2 New Net Name=NetC19_2
Change Net Name : Old Net Name=NetC43_2 New Net Name=INA+
Change Net Name : Old Net Name=NetC47_1 New Net Name=NetC25_1
Change Net Name : Old Net Name=NetC48_1 New Net Name=NetC26_1
Change Net Name : Old Net Name=NetC49_1 New Net Name=NetC27_1
Change Net Name : Old Net Name=NetC52_2 New Net Name=NetC31_2
Change Net Name : Old Net Name=NetC53_2 New Net Name=NetC32_2
Change Net Name : Old Net Name=NetC54_2 New Net Name=NetC33_2
Change Net Name : Old Net Name=NetC55_2 New Net Name=NetC34_2
Change Net Name : Old Net Name=NetC56_2 New Net Name=NetC35_2
Change Net Name : Old Net Name=NetC57_2 New Net Name=NetC36_2
Change Net Name : Old Net Name=NetC58_2 New Net Name=NetC37_2
Change Net Name : Old Net Name=NetD3_2 New Net Name=NetD26_2
Change Net Name : Old Net Name=NetD4_1 New Net Name=NetD1_1
Change Net Name : Old Net Name=NetD5_1 New Net Name=NetD2_1
Change Net Name : Old Net Name=NetD6_1 New Net Name=NetD3_1
Change Net Name : Old Net Name=NetD13_1 New Net Name=NetD16_1
Change Net Name : Old Net Name=NetD14_2 New Net Name=NetD17_2
Change Net Name : Old Net Name=NetIC1_4 New Net Name=NetIC6_4
Change Net Name : Old Net Name=NetIC1_6 New Net Name=NetIC6_6
Change Net Name : Old Net Name=NetIC6_5 New Net Name=NetIC4_5
Change Net Name : Old Net Name=NetQ3_1 New Net Name=NetQ5_1
Change Net Name : Old Net Name=NetR41_1 New Net Name=NetR48_1
Change Net Name : Old Net Name=NetR42_1 New Net Name=NetR49_1
Change Net Name : Old Net Name=VDD_12P0 New Net Name=NetC45_2
Added Pin To Net: NetName=FW_Reset Pin=D14-1
Added Net: Name=FW_Reset
Added Pin To Net: NetName=HW_Reset Pin=C29-2
Added Pin To Net: NetName=HW_Reset Pin=D12-1
Added Pin To Net: NetName=HW_Reset Pin=D13-1
Added Pin To Net: NetName=HW_Reset Pin=D14-2
Added Pin To Net: NetName=HW_Reset Pin=D15-1
Added Pin To Net: NetName=HW_Reset Pin=SW1-1
Added Net: Name=HW_Reset
Added Pin To Net: NetName=NetD8_1 Pin=D8-1
Added Pin To Net: NetName=NetD8_1 Pin=Q3-2
Added Net: Name=NetD8_1
Added Pin To Net: NetName=NetD8_2 Pin=D8-2
Added Pin To Net: NetName=NetD8_2 Pin=R22-1
Added Net: Name=NetD8_2
Added Pin To Net: NetName=NetD9_2 Pin=D9-2
Added Pin To Net: NetName=NetD9_2 Pin=R27-2
Added Net: Name=NetD9_2
Added Pin To Net: NetName=NetD12_2 Pin=D12-2
Added Pin To Net: NetName=NetD12_2 Pin=Q4-1
Added Pin To Net: NetName=NetD12_2 Pin=R33-1
Added Pin To Net: NetName=NetD12_2 Pin=R35-2
Added Net: Name=NetD12_2
Added Pin To Net: NetName=NetD18_2 Pin=D18-2
Added Pin To Net: NetName=NetD18_2 Pin=R41-1
Added Net: Name=NetD18_2
Added Pin To Net: NetName=NetD23_2 Pin=D23-2
Added Pin To Net: NetName=NetD23_2 Pin=FB2-1
Added Net: Name=NetD23_2
Added Pin To Net: NetName=NetF1_2 Pin=F1-2
Added Pin To Net: NetName=NetF1_2 Pin=FB1-1
Added Net: Name=NetF1_2
Added Pin To Net: NetName=NetFB1_2 Pin=FB1-2
Added Pin To Net: NetName=NetFB1_2 Pin=J6-1
Added Pin To Net: NetName=NetFB1_2 Pin=Q7-2
Added Pin To Net: NetName=NetFB1_2 Pin=R44-1
Added Net: Name=NetFB1_2
Added Pin To Net: NetName=NetIC2_4 Pin=IC2-4
Added Pin To Net: NetName=NetIC2_4 Pin=IC2-4
Added Pin To Net: NetName=NetIC2_4 Pin=IC2-4
Added Pin To Net: NetName=NetIC2_4 Pin=IC2-4
Added Pin To Net: NetName=NetIC2_4 Pin=IC2-4
Added Pin To Net: NetName=NetIC2_4 Pin=IC2-4
Added Pin To Net: NetName=NetIC2_4 Pin=IC2-4
Added Pin To Net: NetName=NetIC2_4 Pin=IC2-4
Added Pin To Net: NetName=NetIC2_4 Pin=IC2-4
Added Pin To Net: NetName=NetIC2_4 Pin=IC2-4
Added Pin To Net: NetName=NetIC2_4 Pin=IC2-4
Added Pin To Net: NetName=NetIC2_4 Pin=IC2-4
Added Pin To Net: NetName=NetIC2_4 Pin=IC2-4
Added Pin To Net: NetName=NetIC2_4 Pin=IC2-4
Added Pin To Net: NetName=NetIC2_4 Pin=IC2-4
Added Pin To Net: NetName=NetIC2_4 Pin=IC2-4
Added Pin To Net: NetName=NetIC2_4 Pin=IC2-4
Added Pin To Net: NetName=NetIC2_4 Pin=L1-2
Added Pin To Net: NetName=NetIC2_4 Pin=R2-I1
Added Net: Name=NetIC2_4
Added Pin To Net: NetName=NetJ6_2 Pin=J6-2
Added Pin To Net: NetName=NetJ6_2 Pin=J7-1
Added Pin To Net: NetName=NetJ6_2 Pin=Q7-3
Added Net: Name=NetJ6_2
Added Pin To Net: NetName=NetLED1_1 Pin=LED1-1
Added Pin To Net: NetName=NetLED1_1 Pin=R5-2
Added Net: Name=NetLED1_1
Added Pin To Net: NetName=NetLED2_1 Pin=LED2-1
Added Pin To Net: NetName=NetLED2_1 Pin=R8-2
Added Net: Name=NetLED2_1
Added Pin To Net: NetName=NetQ3_1 Pin=Q3-1
Added Pin To Net: NetName=NetQ3_1 Pin=R27-1
Added Pin To Net: NetName=NetQ3_1 Pin=R32-1
Added Net: Name=NetQ3_1
Added Pin To Net: NetName=NetQ4_3 Pin=Q4-3
Added Pin To Net: NetName=NetQ4_3 Pin=R38-2
Added Net: Name=NetQ4_3
Added Pin To Net: NetName=NetQ5_3 Pin=Q5-3
Added Pin To Net: NetName=NetQ5_3 Pin=R34-1
Added Net: Name=NetQ5_3
Added Pin To Net: NetName=NetQ6_1 Pin=Q6-1
Added Pin To Net: NetName=NetQ6_1 Pin=R41-2
Added Pin To Net: NetName=NetQ6_1 Pin=R43-2
Added Net: Name=NetQ6_1
Added Pin To Net: NetName=NetQ6_3 Pin=Q6-3
Added Pin To Net: NetName=NetQ6_3 Pin=R35-1
Added Net: Name=NetQ6_3
Added Pin To Net: NetName=NetQ7_1 Pin=Q7-1
Added Pin To Net: NetName=NetQ7_1 Pin=R44-2
Added Pin To Net: NetName=NetQ7_1 Pin=R50-2
Added Net: Name=NetQ7_1
Added Pin To Net: NetName=NetQ8_1 Pin=Q8-1
Added Pin To Net: NetName=NetQ8_1 Pin=R51-1
Added Pin To Net: NetName=NetQ8_1 Pin=R54-2
Added Net: Name=NetQ8_1
Added Pin To Net: NetName=NetQ8_3 Pin=Q8-3
Added Pin To Net: NetName=NetQ8_3 Pin=R50-1
Added Net: Name=NetQ8_3
Added Pin To Net: NetName=NetQ9_1 Pin=Q9-1
Added Pin To Net: NetName=NetQ9_1 Pin=R68-1
Added Net: Name=NetQ9_1
Added Pin To Net: NetName=NetR51_2 Pin=R51-2
Added Net: Name=NetR51_2
Added Pin To Net: NetName=NetR68_2 Pin=R68-2
Added Net: Name=NetR68_2
Added Pin To Net: NetName=VDD_12P0 Pin=C28-1
Added Pin To Net: NetName=VDD_12P0 Pin=C59-2
Added Pin To Net: NetName=VDD_12P0 Pin=D24-2
Added Pin To Net: NetName=VDD_12P0 Pin=F1-1
Added Pin To Net: NetName=VDD_12P0 Pin=IC5-11
Added Pin To Net: NetName=VDD_12P0 Pin=PS1-1
Added Pin To Net: NetName=VDD_12P0 Pin=R19-1
Added Pin To Net: NetName=VDD_12P0 Pin=R63-2
Added Pin To Net: NetName=VDD_12P0 Pin=R71-1
Added Net: Name=VDD_12P0
Change Class Name : Old Net Name=Power Supply New Net Name=Supply
Added Member To Class: ClassName=Power Converter Member=Component C29 10uF
Added Member To Class: ClassName=Power Converter Member=Component D8 LED-SMD
Added Member To Class: ClassName=Power Converter Member=Component D9 PMEG2010AEJ,115
Added Member To Class: ClassName=Power Converter Member=Component D10 PMEG2010AEJ,115
Added Member To Class: ClassName=Power Converter Member=Component D11 PMEG2010AEJ,115
Added Member To Class: ClassName=Power Converter Member=Component D12 PMEG2010AEJ,115
Added Member To Class: ClassName=Power Converter Member=Component D19 PMEG2010AEJ,115
Added Member To Class: ClassName=Power Converter Member=Component D20 PMEG2010AEJ,115
Added Member To Class: ClassName=Power Converter Member=Component D21 PMEG2010AEJ,115
Added Member To Class: ClassName=Power Converter Member=Component D22 PMEG2010AEJ,115
Added Member To Class: ClassName=Supply Member=Component D23 Schottky
Added Member To Class: ClassName=Power Converter Member=Component F1 120mA 48V
Added Member To Class: ClassName=Power Converter Member=Component J7 CONN HEADER VERT 2POS 2.5MM
Added Member To Class: ClassName=Power Converter Member=Component LED1 LED SMD
Added Member To Class: ClassName=Power Converter Member=Component LED2 LED SMD
Added Member To Class: ClassName=Supply Member=Component PS1 B1212S-2W
Added Member To Class: ClassName=Power Converter Member=Component Q4 IRLML6402TRPBF
Added Member To Class: ClassName=Power Converter Member=Component Q5 SS8050-G
Added Member To Class: ClassName=Power Converter Member=Component Q6 SS8050-G
Added Member To Class: ClassName=Power Converter Member=Component Q7 IRLML6402TRPBF
Added Member To Class: ClassName=Power Converter Member=Component Q8 SS8050-G
Added Member To Class: ClassName=Supply Member=Component Q9 SS8050-G
Added Member To Class: ClassName=Power Converter Member=Component R2 Shunt 0.5m
Added Member To Class: ClassName=Power Converter Member=Component R5 47k
Added Member To Class: ClassName=Power Converter Member=Component R6 47k
Added Member To Class: ClassName=Power Converter Member=Component R8 47k
Added Member To Class: ClassName=Power Converter Member=Component R10 47k
Added Member To Class: ClassName=Power Converter Member=Component R22 0603
Added Member To Class: ClassName=Power Converter Member=Component R27 1k
Added Member To Class: ClassName=Power Converter Member=Component R32 10k
Added Member To Class: ClassName=Power Converter Member=Component R33 10k
Added Member To Class: ClassName=Power Converter Member=Component R52 0603
Added Member To Class: ClassName=Power Converter Member=Component R53 0603
Added Member To Class: ClassName=Power Converter Member=Component R54 0603
Added Member To Class: ClassName=Power Converter Member=Component R55 0603
Added Member To Class: ClassName=Power Converter Member=Component R56 0603
Added Member To Class: ClassName=Power Converter Member=Component R57 0603
Added Member To Class: ClassName=Power Converter Member=Component R58 0603
Added Member To Class: ClassName=Power Converter Member=Component R59 0603
Added Member To Class: ClassName=Power Converter Member=Component R60 0603
Added Member To Class: ClassName=Power Converter Member=Component R61 0603
Added Member To Class: ClassName=Supply Member=Component R63 0R
Added Member To Class: ClassName=Supply Member=Component R68 0603
Added Member To Class: ClassName=Power Converter Member=Component TP2 Test Point
Added Member To Class: ClassName=Power Converter Member=Component TP3 Test Point
Added Member To Class: ClassName=Power Converter Member=Component TP4 Test Point
Added Member To Class: ClassName=Power Converter Member=Component TP6 Test Point
Added Member To Class: ClassName=Power Converter Member=Component TP7 Test Point
Added Member To Class: ClassName=Power Converter Member=Component TP8 Test Point
