Change Component Footprint: Designator=J5 Old Footprint=A-DF 25 PP/Z New Footprint=TE_2301841-2
Change Component Comment : Designator=J5 Old Comment=A-DF 25 PP/Z New Comment=2301841-2
Change Component Designator: OldDesignator=D17 NewDesignator=D16
Change Component Designator: OldDesignator=D18 NewDesignator=D17
Change Component Designator: OldDesignator=D19 NewDesignator=D18
Change Component Designator: OldDesignator=D20 NewDesignator=D19
Change Component Designator: OldDesignator=D21 NewDesignator=D20
Change Component Designator: OldDesignator=D22 NewDesignator=D21
Change Component Designator: OldDesignator=D23 NewDesignator=D22
Change Component Designator: OldDesignator=R10 NewDesignator=R9
Change Component Designator: OldDesignator=R11 NewDesignator=R10
Change Component Designator: OldDesignator=R12 NewDesignator=R11
Change Component Designator: OldDesignator=R13 NewDesignator=R12
Change Component Designator: OldDesignator=R14 NewDesignator=R13
Change Component Designator: OldDesignator=R15 NewDesignator=R14
Change Component Designator: OldDesignator=R16 NewDesignator=R15
Change Component Designator: OldDesignator=R17 NewDesignator=R16
Change Component Designator: OldDesignator=R18 NewDesignator=R17
Change Component Designator: OldDesignator=R21 NewDesignator=R18
Change Component Designator: OldDesignator=R22 NewDesignator=R19
Change Component Designator: OldDesignator=R23 NewDesignator=R20
Change Component Designator: OldDesignator=R24 NewDesignator=R21
Change Component Designator: OldDesignator=R25 NewDesignator=R22
Change Component Designator: OldDesignator=R26 NewDesignator=R23
Change Component Designator: OldDesignator=R27 NewDesignator=R24
Change Component Designator: OldDesignator=R28 NewDesignator=R25
Change Component Designator: OldDesignator=R29 NewDesignator=R26
Change Component Designator: OldDesignator=R30 NewDesignator=R27
Change Component Designator: OldDesignator=R31 NewDesignator=R28
Change Component Designator: OldDesignator=R32 NewDesignator=R29
Change Component Designator: OldDesignator=R33 NewDesignator=R30
Change Component Designator: OldDesignator=R34 NewDesignator=R31
Change Component Designator: OldDesignator=R35 NewDesignator=R32
Change Component Designator: OldDesignator=R36 NewDesignator=R33
Change Component Designator: OldDesignator=R37 NewDesignator=R34
Change Component Designator: OldDesignator=R38 NewDesignator=R35
Change Component Designator: OldDesignator=R39 NewDesignator=R36
Change Component Designator: OldDesignator=R40 NewDesignator=R37
Change Component Designator: OldDesignator=R41 NewDesignator=R38
Change Component Designator: OldDesignator=R42 NewDesignator=R39
Change Component Designator: OldDesignator=R43 NewDesignator=R40
Change Component Designator: OldDesignator=R44 NewDesignator=R41
Change Component Designator: OldDesignator=R45 NewDesignator=R42
Change Component Designator: OldDesignator=R46 NewDesignator=R43
Change Component Designator: OldDesignator=R47 NewDesignator=R44
Change Component Designator: OldDesignator=R48 NewDesignator=R45
Change Component Designator: OldDesignator=R49 NewDesignator=R46
Change Component Designator: OldDesignator=R50 NewDesignator=R47
Change Component Designator: OldDesignator=R51 NewDesignator=R48
Change Component Designator: OldDesignator=R52 NewDesignator=R49
Change Component Designator: OldDesignator=R53 NewDesignator=R50
Change Component Designator: OldDesignator=R54 NewDesignator=R51
Change Component Designator: OldDesignator=R55 NewDesignator=R52
Change Component Designator: OldDesignator=R56 NewDesignator=R53
Change Component Designator: OldDesignator=R57 NewDesignator=R54
Change Component Designator: OldDesignator=R58 NewDesignator=R55
Change Component Designator: OldDesignator=R59 NewDesignator=R56
Change Component Designator: OldDesignator=R60 NewDesignator=R57
Change Component Designator: OldDesignator=R61 NewDesignator=R58
Change Component Designator: OldDesignator=R63 NewDesignator=R59
Change Component Designator: OldDesignator=R64 NewDesignator=R60
Change Component Designator: OldDesignator=R65 NewDesignator=R61
Change Component Designator: OldDesignator=R68 NewDesignator=R62
Change Component Designator: OldDesignator=R69 NewDesignator=R63
Change Component Designator: OldDesignator=R70 NewDesignator=R64
Change Component Designator: OldDesignator=R71 NewDesignator=R65
Change Component Designator: OldDesignator=R72 NewDesignator=R66
Change Component Designator: OldDesignator=R73 NewDesignator=R67
Change Component Designator: OldDesignator=R74 NewDesignator=R68
Change Component Designator: OldDesignator=R75 NewDesignator=R69
Change Component Designator: OldDesignator=R76 NewDesignator=R70
Change Net Name : Old Net Name=NetD21_2 New Net Name=NetD20_2
Change Net Name : Old Net Name=NetD23_2 New Net Name=NetD22_2
Change Net Name : Old Net Name=NetR58_1 New Net Name=NetR55_1
Change Net Name : Old Net Name=NetR59_1 New Net Name=NetR56_1
Added Member To Class: ClassName=Power Converter Member=Component D16 PMEG2010AEJ,115
Added Member To Class: ClassName=Power Converter Member=Component D18 PMEG2010AEJ,115
Added Member To Class: ClassName=Supply Member=Component D21 V8P12-M3/86A
Added Member To Class: ClassName=Supply Member=Component D22 LED-SMD
Added Member To Class: ClassName=Power Converter Member=Component J5 2301841-2
Added Member To Class: ClassName=Power Converter Member=Component R9 0603
Added Member To Class: ClassName=Power Converter Member=Component R11 47k
Added Member To Class: ClassName=Power Converter Member=Component R12 47k
Added Member To Class: ClassName=Power Converter Member=Component R14 47k
Added Member To Class: ClassName=Power Converter Member=Component R17 10
Added Member To Class: ClassName=Power Converter Member=Component R18 0603
Added Member To Class: ClassName=Power Converter Member=Component R19 0603
Added Member To Class: ClassName=Power Converter Member=Component R20 0603
Added Member To Class: ClassName=Power Converter Member=Component R24 0603
Added Member To Class: ClassName=Power Converter Member=Component R25 250k
Added Member To Class: ClassName=Power Converter Member=Component R26 0603
Added Member To Class: ClassName=Power Converter Member=Component R27 0603
Added Member To Class: ClassName=Power Converter Member=Component R28 0603
Added Member To Class: ClassName=Power Converter Member=Component R29 0603
Added Member To Class: ClassName=Power Converter Member=Component R30 0603
Added Member To Class: ClassName=Power Converter Member=Component R31 1k
Added Member To Class: ClassName=Power Converter Member=Component R35 0603
Added Member To Class: ClassName=Power Converter Member=Component R36 10k
Added Member To Class: ClassName=Power Converter Member=Component R37 10k
Added Member To Class: ClassName=Power Converter Member=Component R40 1k
Added Member To Class: ClassName=Power Converter Member=Component R41 0603
Added Member To Class: ClassName=Power Converter Member=Component R42 10k
Added Member To Class: ClassName=Power Converter Member=Component R43 10k
Added Member To Class: ClassName=Power Converter Member=Component R45 1k
Added Member To Class: ClassName=Power Converter Member=Component R50 47k
Added Member To Class: ClassName=Power Converter Member=Component R51 47k
Added Member To Class: ClassName=Power Converter Member=Component R52 0603
Added Member To Class: ClassName=Power Converter Member=Component R53 0603
Added Member To Class: ClassName=Power Converter Member=Component R55 0603
Added Member To Class: ClassName=Power Converter Member=Component R56 0603
Added Member To Class: ClassName=Power Converter Member=Component R57 0603
Added Member To Class: ClassName=Power Converter Member=Component R58 0603
Added Member To Class: ClassName=Supply Member=Component R62 200k
Added Member To Class: ClassName=Supply Member=Component R66 0603
Added Member To Class: ClassName=Supply Member=Component R67 0603
Added Member To Class: ClassName=Supply Member=Component R68 0603
Added Member To Class: ClassName=Supply Member=Component R69 CRCW251215R0JNEG
Added Member To Class: ClassName=Supply Member=Component R70 0603
