Removed Pin From Net: NetName=S_GND Pin=C30-1
Removed Pin From Net: NetName=INA+ Pin=C30-2
Removed Pin From Net: NetName=S_GND Pin=C32-1
Removed Pin From Net: NetName=INB- Pin=C32-2
Removed Member From Class: ClassName=Power Converter Member=C45
Removed Member From Class: ClassName=Power Converter Member=C46
Removed Member From Class: ClassName=Supply Member=D20
Change Component Designator: OldDesignator=C31 NewDesignator=C30
Change Component Designator: OldDesignator=C33 NewDesignator=C31
Change Component Designator: OldDesignator=C34 NewDesignator=C32
Change Component Designator: OldDesignator=C35 NewDesignator=C33
Change Component Designator: OldDesignator=C36 NewDesignator=C34
Change Component Designator: OldDesignator=C37 NewDesignator=C35
Change Component Designator: OldDesignator=C38 NewDesignator=C36
Change Component Designator: OldDesignator=C39 NewDesignator=C37
Change Component Designator: OldDesignator=C40 NewDesignator=C38
Change Component Designator: OldDesignator=C41 NewDesignator=C39
Change Component Designator: OldDesignator=C42 NewDesignator=C40
Change Component Designator: OldDesignator=C43 NewDesignator=C41
Change Component Designator: OldDesignator=C44 NewDesignator=C42
Change Component Designator: OldDesignator=C45 NewDesignator=C43
Change Component Designator: OldDesignator=C46 NewDesignator=C44
Change Component Designator: OldDesignator=C47 NewDesignator=C45
Change Component Designator: OldDesignator=C48 NewDesignator=C46
Change Component Designator: OldDesignator=C49 NewDesignator=C47
Change Component Designator: OldDesignator=C50 NewDesignator=C48
Change Component Designator: OldDesignator=C51 NewDesignator=C49
Change Component Designator: OldDesignator=C52 NewDesignator=C50
Change Component Designator: OldDesignator=C53 NewDesignator=C51
Change Component Designator: OldDesignator=C54 NewDesignator=C52
Change Component Designator: OldDesignator=C55 NewDesignator=C53
Change Component Designator: OldDesignator=C56 NewDesignator=C54
Change Component Designator: OldDesignator=C57 NewDesignator=C55
Change Component Designator: OldDesignator=C58 NewDesignator=C56
Change Component Designator: OldDesignator=C59 NewDesignator=C57
Change Component Designator: OldDesignator=C60 NewDesignator=C58
Change Component Designator: OldDesignator=C61 NewDesignator=C59
Change Component Designator: OldDesignator=C62 NewDesignator=C60
Change Component Designator: OldDesignator=C63 NewDesignator=C61
Change Component Designator: OldDesignator=C64 NewDesignator=C62
Change Component Designator: OldDesignator=C65 NewDesignator=C63
Change Net Name : Old Net Name=NetC34_1 New Net Name=NetC32_1
Change Net Name : Old Net Name=NetC35_1 New Net Name=NetC33_1
Change Net Name : Old Net Name=NetC36_1 New Net Name=NetC34_1
Change Net Name : Old Net Name=NetC40_2 New Net Name=NetC38_2
Change Net Name : Old Net Name=NetC41_2 New Net Name=NetC39_2
Change Net Name : Old Net Name=NetC42_2 New Net Name=NetC40_2
Change Net Name : Old Net Name=NetC43_2 New Net Name=NetC41_2
Change Net Name : Old Net Name=NetC44_2 New Net Name=NetC42_2
Change Net Name : Old Net Name=NetC45_2 New Net Name=NetC43_2
Change Net Name : Old Net Name=NetC46_2 New Net Name=NetC44_2
Change Net Name : Old Net Name=NetC47_1 New Net Name=NetC45_1
Change Net Name : Old Net Name=NetC47_2 New Net Name=NetC45_2
Change Net Name : Old Net Name=NetC48_1 New Net Name=NetC46_1
Change Net Name : Old Net Name=NetC51_2 New Net Name=NetC49_2
Change Net Name : Old Net Name=NetC56_1 New Net Name=NetC54_1
Change Net Name : Old Net Name=NetC57_1 New Net Name=NetC55_1
Change Net Name : Old Net Name=NetC58_2 New Net Name=NetC56_2
Added Member To Class: ClassName=Power Converter Member=Component D5 PMEG2010AEJ,115
Added Member To Class: ClassName=Power Converter Member=Component D10 PMEG2010AEJ,115
Added Member To Class: ClassName=Power Converter Member=Component D13 PMEG2010AEJ,115
Added Member To Class: ClassName=Power Converter Member=Component D16 PMEG2010AEJ,115
Added Member To Class: ClassName=Power Converter Member=Component D17 PMEG2010AEJ,115
Added Member To Class: ClassName=Supply Member=Component D23 V8P12-M3/86A
Added Member To Class: ClassName=Supply Member=Component D24 LED-SMD
Added Room: Name=Power Converter
Added Room: Name=Supply
