Removed Pin From Net: NetName=P_GND Pin=J?-2
Removed Pin From Net: NetName=P_GND Pin=J?-4
Removed Pin From Net: NetName=P_GND Pin=J?-6
Removed Pin From Net: NetName=P_GND Pin=J?-8
Removed Pin From Net: NetName=P_GND Pin=J?-10
Removed Pin From Net: NetName=P_GND Pin=J?-12
Removed Pin From Net: NetName=P_GND Pin=J?-14
Removed Pin From Net: NetName=P_GND Pin=J?-16
Removed Pin From Net: NetName=P_GND Pin=J?-18
Removed Pin From Net: NetName=P_GND Pin=J?-20
Removed Pin From Net: NetName=P_GND Pin=J?-22
Removed Pin From Net: NetName=P_GND Pin=J?-24
Removed Member From Class: ClassName=Power Converter Member=J?
Added Component: Designator=J5(TE_2301841-2)
Add component (AddParameter): Name = "Availability"; Value = "Unavailable"; VariantName = "[No Variations]"
Add component (AddParameter): Name = "MF"; Value = "TE Connectivity"; VariantName = "[No Variations]"
Add component (AddParameter): Name = "MP"; Value = "2301841-2"; VariantName = "[No Variations]"
Add component (AddParameter): Name = "Package"; Value = "None"; VariantName = "[No Variations]"
Add component (AddParameter): Name = "Price"; Value = "None"; VariantName = "[No Variations]"
Add component (AddParameter): Name = "SnapEDA_Link"; Value = "https://www.snapeda.com/parts/2301841-2/TE%20Connectivity%20AMP%20Connectors/view-part/3597269/?ref=snap"; VariantName = "[No Variations]"
Add component (AddParameter): Name = "TE_purchase_URL"; Value = "https://www.te.com/usa-en/product-2301841-2.html?te_bu=Cor&te_type=disp&te_campaign=seda_glo_cor-seda-global-disp-prtnr-fy19-seda-model-bom-cta_sma-317_1&elqCampaignId=32493"; VariantName = "[No Variations]"
Add component (AddParameter): Name = "Value"; Value = ""; VariantName = "[No Variations]"
Added Pin To Net: NetName=NetC40_2 Pin=J5-1
Added Pin To Net: NetName=P_GND Pin=J5-2
Added Pin To Net: NetName=NetC44_2 Pin=J5-3
Added Pin To Net: NetName=P_GND Pin=J5-4
Added Pin To Net: NetName=NetC39_2 Pin=J5-5
Added Pin To Net: NetName=P_GND Pin=J5-6
Added Pin To Net: NetName=NetC43_2 Pin=J5-7
Added Pin To Net: NetName=P_GND Pin=J5-8
Added Pin To Net: NetName=NetC42_2 Pin=J5-9
Added Pin To Net: NetName=P_GND Pin=J5-10
Added Pin To Net: NetName=NetC41_2 Pin=J5-11
Added Pin To Net: NetName=P_GND Pin=J5-12
Added Pin To Net: NetName=P_GND Pin=J5-14
Added Pin To Net: NetName=HI Pin=J5-15
Added Pin To Net: NetName=P_GND Pin=J5-16
Added Pin To Net: NetName=LI Pin=J5-17
Added Pin To Net: NetName=P_GND Pin=J5-18
Added Pin To Net: NetName=NetD13_1 Pin=J5-19
Added Pin To Net: NetName=P_GND Pin=J5-20
Added Pin To Net: NetName=NetC32_1 Pin=J5-21
Added Pin To Net: NetName=P_GND Pin=J5-22
Added Pin To Net: NetName=P_GND Pin=J5-24
Added Pin To Net: NetName=FW_Reset Pin=J5-25
Added Pin To Net: NetName=NetJ5_23 Pin=J5-23
Added Net: Name=NetJ5_23
Added Member To Class: ClassName=Power Converter Member=Component J5 2301841-2
