Added Component: Designator=J1(HOLE_5mm_RED)
Add component (AddParameter): Name = "Footprint type"; Value = "TH"; VariantName = "[No Variations]"
Add component (AddParameter): Name = "Footprint/Package"; Value = "Nonstandard"; VariantName = "[No Variations]"
Add component (AddParameter): Name = "Part Number"; Value = ""; VariantName = "[No Variations]"
Added Component: Designator=J2(HOLE_5mm_BLACK)
Add component (AddParameter): Name = "Footprint type"; Value = "TH"; VariantName = "[No Variations]"
Add component (AddParameter): Name = "Footprint/Package"; Value = "Nonstandard"; VariantName = "[No Variations]"
Add component (AddParameter): Name = "Part Number"; Value = ""; VariantName = "[No Variations]"
Added Component: Designator=J3(HOLE_5mm_RED)
Add component (AddParameter): Name = "Footprint type"; Value = "TH"; VariantName = "[No Variations]"
Add component (AddParameter): Name = "Footprint/Package"; Value = "Nonstandard"; VariantName = "[No Variations]"
Add component (AddParameter): Name = "Part Number"; Value = ""; VariantName = "[No Variations]"
Added Component: Designator=J4(HOLE_5mm_BLACK)
Add component (AddParameter): Name = "Footprint type"; Value = "TH"; VariantName = "[No Variations]"
Add component (AddParameter): Name = "Footprint/Package"; Value = "Nonstandard"; VariantName = "[No Variations]"
Add component (AddParameter): Name = "Part Number"; Value = ""; VariantName = "[No Variations]"
Add Pin To Net: Unknown Pin: Pin J1-1
Add Pin To Net: Unknown Pin: Pin J2-1
Add Pin To Net: Unknown Pin: Pin J3-1
Add Pin To Net: Unknown Pin: Pin J4-1
Added Member To Class: ClassName=Power Converter Member=Component J1 Vin+
Added Member To Class: ClassName=Power Converter Member=Component J2 Vin-
Added Member To Class: ClassName=Power Converter Member=Component J3 Vout+
Added Member To Class: ClassName=Power Converter Member=Component J4 Vout-
