Change Component Designator: Old Designator=D15 New Designator=D16
Change Component Designator: Old Designator=D16 New Designator=D15
Change Component Designator: Old Designator=D17 New Designator=D18
Change Component Designator: Old Designator=D18 New Designator=D19
Change Component Designator: Old Designator=D19 New Designator=D20
Change Component Designator: Old Designator=D20 New Designator=D21
Change Component Designator: Old Designator=D? New Designator=D17
Change Component Designator: Old Designator=Q5 New Designator=Q6
Change Component Designator: Old Designator=Q6 New Designator=Q7
Change Component Designator: Old Designator=Q7 New Designator=Q5
Change Component Designator: Old Designator=Q? New Designator=Q8
Change Component Designator: Old Designator=R45 New Designator=R46
Change Component Designator: Old Designator=R46 New Designator=R47
Change Component Designator: Old Designator=R47 New Designator=R48
Change Component Designator: Old Designator=R48 New Designator=R50
Change Component Designator: Old Designator=R49 New Designator=R51
Change Component Designator: Old Designator=R50 New Designator=R52
Change Component Designator: Old Designator=R51 New Designator=R54
Change Component Designator: Old Designator=R52 New Designator=R45
Change Component Designator: Old Designator=R53 New Designator=R49
Change Component Designator: Old Designator=R54 New Designator=R56
Change Component Designator: Old Designator=R55 New Designator=R57
Change Component Designator: Old Designator=R56 New Designator=R58
Change Component Designator: Old Designator=R57 New Designator=R59
Change Component Designator: Old Designator=R58 New Designator=R60
Change Component Designator: Old Designator=R59 New Designator=R61
Change Component Designator: Old Designator=R60 New Designator=R62
Change Component Designator: Old Designator=R61 New Designator=R63
Change Component Designator: Old Designator=R62 New Designator=R64
Change Component Designator: Old Designator=R63 New Designator=R65
Change Component Designator: Old Designator=R64 New Designator=R66
Change Component Designator: Old Designator=R65 New Designator=R67
Change Component Designator: Old Designator=R66 New Designator=R68
Change Component Designator: Old Designator=R? New Designator=R53
Change Component Designator: Old Designator=R? New Designator=R55
