Change Component Designator: Old Designator=C1 New Designator=C26
Change Component Designator: Old Designator=C2 New Designator=C27
Change Component Designator: Old Designator=C3 New Designator=C28
Change Component Designator: Old Designator=C4 New Designator=C29
Change Component Designator: Old Designator=C5 New Designator=C30
Change Component Designator: Old Designator=C6 New Designator=C31
Change Component Designator: Old Designator=C7 New Designator=C32
Change Component Designator: Old Designator=C8 New Designator=C33
Change Component Designator: Old Designator=C9 New Designator=C34
Change Component Designator: Old Designator=C10 New Designator=C35
Change Component Designator: Old Designator=C11 New Designator=C36
Change Component Designator: Old Designator=C12 New Designator=C37
Change Component Designator: Old Designator=C13 New Designator=C38
Change Component Designator: Old Designator=C14 New Designator=C39
Change Component Designator: Old Designator=C15 New Designator=C40
Change Component Designator: Old Designator=C16 New Designator=C41
Change Component Designator: Old Designator=C17 New Designator=C42
Change Component Designator: Old Designator=C18 New Designator=C43
Change Component Designator: Old Designator=C19 New Designator=C44
Change Component Designator: Old Designator=C20 New Designator=C45
Change Component Designator: Old Designator=C21 New Designator=C46
Change Component Designator: Old Designator=C22 New Designator=C47
Change Component Designator: Old Designator=C23 New Designator=C48
Change Component Designator: Old Designator=C24 New Designator=C49
Change Component Designator: Old Designator=C25 New Designator=C50
Change Component Designator: Old Designator=C26 New Designator=C51
Change Component Designator: Old Designator=C27 New Designator=C52
Change Component Designator: Old Designator=C28 New Designator=C53
Change Component Designator: Old Designator=C29 New Designator=C54
Change Component Designator: Old Designator=C30 New Designator=C55
Change Component Designator: Old Designator=C31 New Designator=C56
Change Component Designator: Old Designator=C32 New Designator=C57
Change Component Designator: Old Designator=C33 New Designator=C58
Change Component Designator: Old Designator=C34 New Designator=C59
Change Component Designator: Old Designator=C35 New Designator=C60
Change Component Designator: Old Designator=C36 New Designator=C61
Change Component Designator: Old Designator=D1 New Designator=D3
Change Component Designator: Old Designator=D2 New Designator=D4
Change Component Designator: Old Designator=D3 New Designator=D5
Change Component Designator: Old Designator=D4 New Designator=D6
Change Component Designator: Old Designator=D5 New Designator=D9
Change Component Designator: Old Designator=D6 New Designator=D10
Change Component Designator: Old Designator=D7 New Designator=D11
Change Component Designator: Old Designator=D8 New Designator=D12
Change Component Designator: Old Designator=D9 New Designator=D13
Change Component Designator: Old Designator=D10 New Designator=D14
Change Component Designator: Old Designator=D11 New Designator=D15
Change Component Designator: Old Designator=D? New Designator=D7
Change Component Designator: Old Designator=D? New Designator=D8
Change Component Designator: Old Designator=FB? New Designator=FB2
Change Component Designator: Old Designator=IC1 New Designator=IC3
Change Component Designator: Old Designator=IC2 New Designator=IC4
Change Component Designator: Old Designator=IC3 New Designator=IC5
Change Component Designator: Old Designator=IC4 New Designator=IC6
Change Component Designator: Old Designator=IC5 New Designator=IC7
Change Component Designator: Old Designator=J1 New Designator=J6
Change Component Designator: Old Designator=J2 New Designator=J7
Change Component Designator: Old Designator=J3 New Designator=J8
Change Component Designator: Old Designator=J4 New Designator=J9
Change Component Designator: Old Designator=J5 New Designator=J10
Change Component Designator: Old Designator=J6 New Designator=J11
Change Component Designator: Old Designator=L1 New Designator=L3
Change Component Designator: Old Designator=NTC1 New Designator=NTC2
Change Component Designator: Old Designator=R1 New Designator=R11
Change Component Designator: Old Designator=R2 New Designator=R12
Change Component Designator: Old Designator=R3 New Designator=R13
Change Component Designator: Old Designator=R4 New Designator=R14
Change Component Designator: Old Designator=R5 New Designator=R15
Change Component Designator: Old Designator=R6 New Designator=R16
Change Component Designator: Old Designator=R7 New Designator=R17
Change Component Designator: Old Designator=R8 New Designator=R18
Change Component Designator: Old Designator=R9 New Designator=R19
Change Component Designator: Old Designator=R10 New Designator=R20
Change Component Designator: Old Designator=R11 New Designator=R21
Change Component Designator: Old Designator=R12 New Designator=R22
Change Component Designator: Old Designator=R13 New Designator=R23
Change Component Designator: Old Designator=R14 New Designator=R24
Change Component Designator: Old Designator=R15 New Designator=R25
Change Component Designator: Old Designator=R16 New Designator=R26
Change Component Designator: Old Designator=R17 New Designator=R27
Change Component Designator: Old Designator=R18 New Designator=R28
Change Component Designator: Old Designator=R19 New Designator=R29
Change Component Designator: Old Designator=R20 New Designator=R30
Change Component Designator: Old Designator=R21 New Designator=R31
Change Component Designator: Old Designator=R22 New Designator=R32
Change Component Designator: Old Designator=R23 New Designator=R33
Change Component Designator: Old Designator=R24 New Designator=R34
Change Component Designator: Old Designator=R25 New Designator=R35
Change Component Designator: Old Designator=R26 New Designator=R36
Change Component Designator: Old Designator=R27 New Designator=R37
Change Component Designator: Old Designator=R28 New Designator=R38
Change Component Designator: Old Designator=R29 New Designator=R39
Change Component Designator: Old Designator=R30 New Designator=R40
Change Component Designator: Old Designator=R31 New Designator=R41
Change Component Designator: Old Designator=R32 New Designator=R42
Change Component Designator: Old Designator=R33 New Designator=R43
Change Component Designator: Old Designator=TP1 New Designator=TP3
Change Component Designator: Old Designator=TP2 New Designator=TP4
Change Component Designator: Old Designator=TP3 New Designator=TP5
Change Component Designator: Old Designator=TP4 New Designator=TP6
Change Component Designator: Old Designator=TP5 New Designator=TP7
Change Component Designator: Old Designator=TP6 New Designator=TP8
Change Component Designator: Old Designator=TP7 New Designator=TP9
Change Component Designator: Old Designator=TP8 New Designator=TP10
Change Component Designator: Old Designator=TP9 New Designator=TP11
Change Component Designator: Old Designator=TP10 New Designator=TP12
Change Component Designator: Old Designator=TP11 New Designator=TP13
Change Component Designator: Old Designator=TP12 New Designator=TP14
Change Component Designator: Old Designator=TP13 New Designator=TP15
Change Component Designator: Old Designator=TP14 New Designator=TP16
Change Component Designator: Old Designator=TP15 New Designator=TP17
Change Component Designator: Old Designator=TP16 New Designator=TP18
Change Component Designator: Old Designator=TP17 New Designator=TP19
Change Component Designator: Old Designator=TP18 New Designator=TP20
Change Component Designator: Old Designator=TP19 New Designator=TP21
