Change Component Designator: Old Designator=C54 New Designator=C59
Change Component Designator: Old Designator=C55 New Designator=C54
Change Component Designator: Old Designator=C56 New Designator=C55
Change Component Designator: Old Designator=C57 New Designator=C56
Change Component Designator: Old Designator=C58 New Designator=C57
Change Component Designator: Old Designator=C59 New Designator=C58
Change Component Designator: Old Designator=R23 New Designator=R24
Change Component Designator: Old Designator=R24 New Designator=R25
Change Component Designator: Old Designator=R25 New Designator=R26
Change Component Designator: Old Designator=R26 New Designator=R27
Change Component Designator: Old Designator=R27 New Designator=R29
Change Component Designator: Old Designator=R28 New Designator=R30
Change Component Designator: Old Designator=R29 New Designator=R40
Change Component Designator: Old Designator=R30 New Designator=R31
Change Component Designator: Old Designator=R31 New Designator=R32
Change Component Designator: Old Designator=R32 New Designator=R33
Change Component Designator: Old Designator=R33 New Designator=R34
Change Component Designator: Old Designator=R34 New Designator=R35
Change Component Designator: Old Designator=R35 New Designator=R36
Change Component Designator: Old Designator=R36 New Designator=R37
Change Component Designator: Old Designator=R37 New Designator=R38
Change Component Designator: Old Designator=R38 New Designator=R39
Change Component Designator: Old Designator=R39 New Designator=R41
Change Component Designator: Old Designator=R40 New Designator=R42
Change Component Designator: Old Designator=R41 New Designator=R43
Change Component Designator: Old Designator=R42 New Designator=R44
Change Component Designator: Old Designator=R43 New Designator=R45
Change Component Designator: Old Designator=R? New Designator=R23
Change Component Designator: Old Designator=R? New Designator=R28
Change Component Designator: Old Designator=TP14 New Designator=TP15
Change Component Designator: Old Designator=TP16 New Designator=TP17
Change Component Designator: Old Designator=TP17 New Designator=TP18
Change Component Designator: Old Designator=TP18 New Designator=TP19
Change Component Designator: Old Designator=TP19 New Designator=TP20
Change Component Designator: Old Designator=TP20 New Designator=TP21
Change Component Designator: Old Designator=TP21 New Designator=TP22
Change Component Designator: Old Designator=TP? New Designator=TP14
Change Component Designator: Old Designator=TP? New Designator=TP16
