Change Component Designator: Old Designator=C5 New Designator=C9
Change Component Designator: Old Designator=C6 New Designator=C10
Change Component Designator: Old Designator=C7 New Designator=C11
Change Component Designator: Old Designator=C8 New Designator=C12
Change Component Designator: Old Designator=C9 New Designator=C13
Change Component Designator: Old Designator=C10 New Designator=C14
Change Component Designator: Old Designator=C11 New Designator=C15
Change Component Designator: Old Designator=C12 New Designator=C16
Change Component Designator: Old Designator=C13 New Designator=C17
Change Component Designator: Old Designator=C14 New Designator=C18
Change Component Designator: Old Designator=C15 New Designator=C19
Change Component Designator: Old Designator=C16 New Designator=C20
Change Component Designator: Old Designator=C17 New Designator=C21
Change Component Designator: Old Designator=C18 New Designator=C22
Change Component Designator: Old Designator=C19 New Designator=C23
Change Component Designator: Old Designator=C20 New Designator=C24
Change Component Designator: Old Designator=C21 New Designator=C25
Change Component Designator: Old Designator=C22 New Designator=C26
Change Component Designator: Old Designator=C23 New Designator=C27
Change Component Designator: Old Designator=C24 New Designator=C28
Change Component Designator: Old Designator=C25 New Designator=C29
Change Component Designator: Old Designator=C26 New Designator=C30
Change Component Designator: Old Designator=C27 New Designator=C31
Change Component Designator: Old Designator=C28 New Designator=C32
Change Component Designator: Old Designator=C29 New Designator=C33
Change Component Designator: Old Designator=C30 New Designator=C34
Change Component Designator: Old Designator=C31 New Designator=C35
Change Component Designator: Old Designator=C32 New Designator=C36
Change Component Designator: Old Designator=C33 New Designator=C37
Change Component Designator: Old Designator=C34 New Designator=C38
Change Component Designator: Old Designator=C35 New Designator=C39
Change Component Designator: Old Designator=C36 New Designator=C40
Change Component Designator: Old Designator=C37 New Designator=C41
Change Component Designator: Old Designator=C? New Designator=C5
Change Component Designator: Old Designator=C? New Designator=C6
Change Component Designator: Old Designator=C? New Designator=C7
Change Component Designator: Old Designator=C? New Designator=C8
Change Component Designator: Old Designator=D2 New Designator=D4
Change Component Designator: Old Designator=D3 New Designator=D5
Change Component Designator: Old Designator=D4 New Designator=D6
Change Component Designator: Old Designator=D5 New Designator=D7
Change Component Designator: Old Designator=D6 New Designator=D8
Change Component Designator: Old Designator=D7 New Designator=D9
Change Component Designator: Old Designator=D8 New Designator=D10
Change Component Designator: Old Designator=D9 New Designator=D11
Change Component Designator: Old Designator=D10 New Designator=D12
Change Component Designator: Old Designator=D11 New Designator=D13
Change Component Designator: Old Designator=D12 New Designator=D14
Change Component Designator: Old Designator=D13 New Designator=D15
Change Component Designator: Old Designator=D14 New Designator=D16
Change Component Designator: Old Designator=D15 New Designator=D17
Change Component Designator: Old Designator=D16 New Designator=D18
Change Component Designator: Old Designator=D17 New Designator=D19
Change Component Designator: Old Designator=D18 New Designator=D20
Change Component Designator: Old Designator=D19 New Designator=D21
Change Component Designator: Old Designator=D20 New Designator=D22
Change Component Designator: Old Designator=D21 New Designator=D23
Change Component Designator: Old Designator=D22 New Designator=D24
Change Component Designator: Old Designator=D? New Designator=D2
Change Component Designator: Old Designator=D? New Designator=D3
Change Component Designator: Old Designator=IC2 New Designator=IC3
Change Component Designator: Old Designator=IC3 New Designator=IC4
Change Component Designator: Old Designator=IC4 New Designator=IC5
Change Component Designator: Old Designator=IC5 New Designator=IC6
Change Component Designator: Old Designator=IC? New Designator=IC2
Change Component Designator: Old Designator=R1 New Designator=R7
Change Component Designator: Old Designator=R2 New Designator=R8
Change Component Designator: Old Designator=R3 New Designator=R9
Change Component Designator: Old Designator=R4 New Designator=R10
Change Component Designator: Old Designator=R5 New Designator=R11
Change Component Designator: Old Designator=R6 New Designator=R12
Change Component Designator: Old Designator=R7 New Designator=R13
Change Component Designator: Old Designator=R8 New Designator=R14
Change Component Designator: Old Designator=R9 New Designator=R15
Change Component Designator: Old Designator=R10 New Designator=R16
Change Component Designator: Old Designator=R11 New Designator=R17
Change Component Designator: Old Designator=R12 New Designator=R18
Change Component Designator: Old Designator=R13 New Designator=R19
Change Component Designator: Old Designator=R14 New Designator=R20
Change Component Designator: Old Designator=R15 New Designator=R21
Change Component Designator: Old Designator=R16 New Designator=R22
Change Component Designator: Old Designator=R17 New Designator=R23
Change Component Designator: Old Designator=R18 New Designator=R24
Change Component Designator: Old Designator=R19 New Designator=R25
Change Component Designator: Old Designator=R20 New Designator=R26
Change Component Designator: Old Designator=R21 New Designator=R27
Change Component Designator: Old Designator=R22 New Designator=R28
Change Component Designator: Old Designator=R23 New Designator=R29
Change Component Designator: Old Designator=R24 New Designator=R30
Change Component Designator: Old Designator=R25 New Designator=R31
Change Component Designator: Old Designator=R26 New Designator=R32
Change Component Designator: Old Designator=R27 New Designator=R33
Change Component Designator: Old Designator=R28 New Designator=R34
Change Component Designator: Old Designator=R29 New Designator=R35
Change Component Designator: Old Designator=R30 New Designator=R36
Change Component Designator: Old Designator=R31 New Designator=R37
Change Component Designator: Old Designator=R32 New Designator=R38
Change Component Designator: Old Designator=R33 New Designator=R39
Change Component Designator: Old Designator=R34 New Designator=R40
Change Component Designator: Old Designator=R35 New Designator=R41
Change Component Designator: Old Designator=R36 New Designator=R42
Change Component Designator: Old Designator=R37 New Designator=R43
Change Component Designator: Old Designator=R38 New Designator=R44
Change Component Designator: Old Designator=R39 New Designator=R45
Change Component Designator: Old Designator=R40 New Designator=R46
Change Component Designator: Old Designator=R41 New Designator=R47
Change Component Designator: Old Designator=R42 New Designator=R48
Change Component Designator: Old Designator=R43 New Designator=R49
Change Component Designator: Old Designator=R44 New Designator=R50
Change Component Designator: Old Designator=R45 New Designator=R51
Change Component Designator: Old Designator=R46 New Designator=R52
Change Component Designator: Old Designator=R47 New Designator=R53
Change Component Designator: Old Designator=R48 New Designator=R54
Change Component Designator: Old Designator=R49 New Designator=R55
Change Component Designator: Old Designator=R50 New Designator=R56
Change Component Designator: Old Designator=R51 New Designator=R57
Change Component Designator: Old Designator=R52 New Designator=R58
Change Component Designator: Old Designator=R53 New Designator=R59
Change Component Designator: Old Designator=R54 New Designator=R60
Change Component Designator: Old Designator=R55 New Designator=R61
Change Component Designator: Old Designator=R56 New Designator=R62
Change Component Designator: Old Designator=R57 New Designator=R63
Change Component Designator: Old Designator=R58 New Designator=R64
Change Component Designator: Old Designator=R59 New Designator=R65
Change Component Designator: Old Designator=R60 New Designator=R66
Change Component Designator: Old Designator=R61 New Designator=R67
Change Component Designator: Old Designator=R? New Designator=R1
Change Component Designator: Old Designator=R? New Designator=R2
Change Component Designator: Old Designator=R? New Designator=R3
Change Component Designator: Old Designator=R? New Designator=R4
Change Component Designator: Old Designator=R? New Designator=R5
Change Component Designator: Old Designator=R? New Designator=R6
