Change Component Designator: Old Designator=FB3 New Designator=FB2
Change Component Designator: Old Designator=J6 New Designator=J7
Change Component Designator: Old Designator=J? New Designator=J6
Change Component Designator: Old Designator=Q? New Designator=Q4
Change Component Designator: Old Designator=Q? New Designator=Q5
Change Component Designator: Old Designator=R39 New Designator=R40
Change Component Designator: Old Designator=R40 New Designator=R41
Change Component Designator: Old Designator=R41 New Designator=R42
Change Component Designator: Old Designator=R42 New Designator=R43
Change Component Designator: Old Designator=R43 New Designator=R44
Change Component Designator: Old Designator=R44 New Designator=R47
Change Component Designator: Old Designator=R45 New Designator=R48
Change Component Designator: Old Designator=R46 New Designator=R50
Change Component Designator: Old Designator=R47 New Designator=R51
Change Component Designator: Old Designator=R48 New Designator=R52
Change Component Designator: Old Designator=R49 New Designator=R53
Change Component Designator: Old Designator=R50 New Designator=R54
Change Component Designator: Old Designator=R51 New Designator=R55
Change Component Designator: Old Designator=R? New Designator=R39
Change Component Designator: Old Designator=R? New Designator=R45
Change Component Designator: Old Designator=R? New Designator=R46
Change Component Designator: Old Designator=R? New Designator=R49
