Change Component Designator: Old Designator=C1 New Designator=C38
Change Component Designator: Old Designator=C2 New Designator=C39
Change Component Designator: Old Designator=C3 New Designator=C40
Change Component Designator: Old Designator=C4 New Designator=C41
Change Component Designator: Old Designator=C5 New Designator=C42
Change Component Designator: Old Designator=C6 New Designator=C43
Change Component Designator: Old Designator=C7 New Designator=C44
Change Component Designator: Old Designator=C8 New Designator=C45
Change Component Designator: Old Designator=C9 New Designator=C46
Change Component Designator: Old Designator=C10 New Designator=C47
Change Component Designator: Old Designator=C11 New Designator=C48
Change Component Designator: Old Designator=C12 New Designator=C49
Change Component Designator: Old Designator=C13 New Designator=C50
Change Component Designator: Old Designator=C14 New Designator=C51
Change Component Designator: Old Designator=C15 New Designator=C52
Change Component Designator: Old Designator=C16 New Designator=C53
Change Component Designator: Old Designator=C17 New Designator=C54
Change Component Designator: Old Designator=C18 New Designator=C55
Change Component Designator: Old Designator=C19 New Designator=C56
Change Component Designator: Old Designator=C20 New Designator=C57
Change Component Designator: Old Designator=C21 New Designator=C58
Change Component Designator: Old Designator=C22 New Designator=C59
Change Component Designator: Old Designator=D1 New Designator=D24
Change Component Designator: Old Designator=D2 New Designator=D25
Change Component Designator: Old Designator=D3 New Designator=D26
Change Component Designator: Old Designator=D? New Designator=D23
Change Component Designator: Old Designator=FB1 New Designator=FB2
Change Component Designator: Old Designator=IC1 New Designator=IC6
Change Component Designator: Old Designator=IC2 New Designator=IC7
Change Component Designator: Old Designator=L1 New Designator=L2
Change Component Designator: Old Designator=L2 New Designator=L3
Change Component Designator: Old Designator=PS? New Designator=PS1
Change Component Designator: Old Designator=Q? New Designator=Q9
Change Component Designator: Old Designator=R1 New Designator=R62
Change Component Designator: Old Designator=R2 New Designator=R64
Change Component Designator: Old Designator=R3 New Designator=R65
Change Component Designator: Old Designator=R4 New Designator=R66
Change Component Designator: Old Designator=R5 New Designator=R67
Change Component Designator: Old Designator=R6 New Designator=R69
Change Component Designator: Old Designator=R7 New Designator=R70
Change Component Designator: Old Designator=R8 New Designator=R71
Change Component Designator: Old Designator=R9 New Designator=R72
Change Component Designator: Old Designator=R? New Designator=R63
Change Component Designator: Old Designator=R? New Designator=R68
Change Component Designator: Old Designator=TP1 New Designator=TP22
Change Component Designator: Old Designator=TP2 New Designator=TP23
