Change Component Designator: Old Designator=C49 New Designator=C48
Change Component Designator: Old Designator=C50 New Designator=C49
Change Component Designator: Old Designator=C51 New Designator=C50
Change Component Designator: Old Designator=C54 New Designator=C51
Change Component Designator: Old Designator=C55 New Designator=C52
Change Component Designator: Old Designator=C56 New Designator=C53
Change Component Designator: Old Designator=C57 New Designator=C54
Change Component Designator: Old Designator=C58 New Designator=C55
Change Component Designator: Old Designator=C59 New Designator=C56
Change Component Designator: Old Designator=C60 New Designator=C57
Change Component Designator: Old Designator=C61 New Designator=C58
Change Component Designator: Old Designator=C62 New Designator=C59
Change Component Designator: Old Designator=C63 New Designator=C60
Change Component Designator: Old Designator=C64 New Designator=C61
Change Component Designator: Old Designator=C65 New Designator=C62
Change Component Designator: Old Designator=C66 New Designator=C63
Change Component Designator: Old Designator=C67 New Designator=C64
Change Component Designator: Old Designator=C68 New Designator=C65
Change Component Designator: Old Designator=D25 New Designator=D23
Change Component Designator: Old Designator=D26 New Designator=D24
Change Component Designator: Old Designator=D27 New Designator=D25
Change Component Designator: Old Designator=D28 New Designator=D26
Change Component Designator: Old Designator=L3 New Designator=L2
Change Component Designator: Old Designator=Q9 New Designator=Q10
Change Component Designator: Old Designator=R68 New Designator=R71
Change Component Designator: Old Designator=R69 New Designator=R72
Change Component Designator: Old Designator=R70 New Designator=R73
Change Component Designator: Old Designator=R71 New Designator=R74
Change Component Designator: Old Designator=R72 New Designator=R75
Change Component Designator: Old Designator=R73 New Designator=R76
Change Component Designator: Old Designator=R74 New Designator=R77
Change Component Designator: Old Designator=R75 New Designator=R78
Change Component Designator: Old Designator=R76 New Designator=R79
Change Component Designator: Old Designator=R77 New Designator=R80
Change Component Designator: Old Designator=R78 New Designator=R81
Change Component Designator: Old Designator=R79 New Designator=R82
